#
# There is insufficient memory for the Java Runtime Environment to continue.
# Native memory allocation (mmap) failed to map 98566144 bytes for G1 virtual space
# Possible reasons:
#   The system is out of physical RAM or swap space
#   The process is running with CompressedOops enabled, and the Java Heap may be blocking the growth of the native heap
# Possible solutions:
#   Reduce memory load on the system
#   Increase physical memory or swap space
#   Check if swap backing store is full
#   Decrease Java heap size (-Xmx/-Xms)
#   Decrease number of Java threads
#   Decrease Java thread stack sizes (-Xss)
#   Set larger code cache with -XX:ReservedCodeCacheSize=
#   JVM is running with Unscaled Compressed Oops mode in which the Java heap is
#     placed in the first 4GB address space. The Java Heap base address is the
#     maximum limit for the native heap growth. Please use -XX:HeapBaseMinAddress
#     to set the Java Heap base and to place the Java Heap above 4GB virtual address.
# This output file may be truncated or incomplete.
#
#  Out of Memory Error (os_windows.cpp:3541), pid=18024, tid=15564
#
# JRE version: OpenJDK Runtime Environment Temurin-17.0.4+8 (17.0.4+8) (build 17.0.4+8)
# Java VM: OpenJDK 64-Bit Server VM Temurin-17.0.4+8 (17.0.4+8, mixed mode, emulated-client, tiered, compressed oops, compressed class ptrs, g1 gc, windows-amd64)
# No core dump will be written. Minidumps are not enabled by default on client versions of Windows
#

---------------  S U M M A R Y ------------

Command Line: -Dsts.lsp.client=vscode -Dsts.log.file=/dev/null -XX:TieredStopAtLevel=1 -Xlog:jni+resolve=off -Dspring.config.location=file:c:\Users\ARS\.vscode\extensions\pivotal.vscode-spring-boot-1.39.0\language-server\BOOT-INF\classes\application.properties org.springframework.ide.vscode.boot.app.BootLanguageServerBootApp

Host: AMD Ryzen 3 5300U with Radeon Graphics         , 8 cores, 5G,  Windows 10 , 64 bit Build 19041 (10.0.19041.1889)
Time: Wed Sep 21 16:01:43 2022 SE Asia Standard Time elapsed time: 2.572606 seconds (0d 0h 0m 2s)

---------------  T H R E A D  ---------------

Current thread (0x000002aa0af79940):  VMThread "VM Thread" [stack: 0x000000ea16c00000,0x000000ea16d00000] [id=15564]

Stack: [0x000000ea16c00000,0x000000ea16d00000]
Native frames: (J=compiled Java code, j=interpreted, Vv=VM code, C=native code)
V  [jvm.dll+0x67733a]
V  [jvm.dll+0x8323c4]
V  [jvm.dll+0x833b6e]
V  [jvm.dll+0x8341d3]
V  [jvm.dll+0x2455e5]
V  [jvm.dll+0x674229]
V  [jvm.dll+0x668ab2]
V  [jvm.dll+0x30458b]
V  [jvm.dll+0x30bad6]
V  [jvm.dll+0x35ba7e]
V  [jvm.dll+0x35bcaf]
V  [jvm.dll+0x2db428]
V  [jvm.dll+0x2d96dc]
V  [jvm.dll+0x2d8cac]
V  [jvm.dll+0x31cc0b]
V  [jvm.dll+0x83867b]
V  [jvm.dll+0x8393b4]
V  [jvm.dll+0x8398cc]
V  [jvm.dll+0x839ca4]
V  [jvm.dll+0x839d70]
V  [jvm.dll+0x7e245a]
V  [jvm.dll+0x6761c5]
C  [ucrtbase.dll+0x21bb2]
C  [KERNEL32.DLL+0x17034]
C  [ntdll.dll+0x526a1]

VM_Operation (0x000000ea190fdea0): G1CollectForAllocation, mode: safepoint, requested by thread 0x000002aa0da398c0


---------------  P R O C E S S  ---------------

Threads class SMR info:
_java_thread_list=0x000002aa0c3f6b20, length=38, elements={
0x000002aa0af8f390, 0x000002aa0af929b0, 0x000002aa0afcd130, 0x000002aa0afcfdc0,
0x000002aa0afd3b40, 0x000002aa0afd44f0, 0x000002aa0afd5640, 0x000002aa0afda470,
0x000002aa0bae6750, 0x000002aa0bb07470, 0x000002aa0bb0e320, 0x000002aa0c3c03f0,
0x000002aa0c3bc450, 0x000002aa0d720260, 0x000002aa0d8e1790, 0x000002aa0da0d980,
0x000002aa0d9da020, 0x000002aa0d9ba8b0, 0x000002aa0da14ce0, 0x000002aa0da28ce0,
0x000002aa0da291b0, 0x000002aa0da2ab30, 0x000002aa0da3a730, 0x000002aa0da38a50,
0x000002aa0da38f20, 0x000002aa0da393f0, 0x000002aa0da398c0, 0x000002aa0da39d90,
0x000002aa0da3b0d0, 0x000002aa0da3a260, 0x000002aa0da3ac00, 0x000002aa0da3b5a0,
0x000002aa0da37be0, 0x000002aa0da380b0, 0x000002aa0da38580, 0x000002aa0f419da0,
0x000002aa0f41dc30, 0x000002aa0f41f910
}

Java Threads: ( => current thread )
  0x000002aa0af8f390 JavaThread "Reference Handler" daemon [_thread_blocked, id=2352, stack(0x000000ea16d00000,0x000000ea16e00000)]
  0x000002aa0af929b0 JavaThread "Finalizer" daemon [_thread_blocked, id=10116, stack(0x000000ea16e00000,0x000000ea16f00000)]
  0x000002aa0afcd130 JavaThread "Signal Dispatcher" daemon [_thread_blocked, id=5884, stack(0x000000ea16f00000,0x000000ea17000000)]
  0x000002aa0afcfdc0 JavaThread "Attach Listener" daemon [_thread_blocked, id=3840, stack(0x000000ea17000000,0x000000ea17100000)]
  0x000002aa0afd3b40 JavaThread "Service Thread" daemon [_thread_blocked, id=14428, stack(0x000000ea17100000,0x000000ea17200000)]
  0x000002aa0afd44f0 JavaThread "Monitor Deflation Thread" daemon [_thread_blocked, id=10596, stack(0x000000ea17200000,0x000000ea17300000)]
  0x000002aa0afd5640 JavaThread "C1 CompilerThread0" daemon [_thread_blocked, id=13584, stack(0x000000ea17300000,0x000000ea17400000)]
  0x000002aa0afda470 JavaThread "Sweeper thread" daemon [_thread_blocked, id=16792, stack(0x000000ea17400000,0x000000ea17500000)]
  0x000002aa0bae6750 JavaThread "C1 CompilerThread1" daemon [_thread_blocked, id=11916, stack(0x000000ea17500000,0x000000ea17600000)]
  0x000002aa0bb07470 JavaThread "Notification Thread" daemon [_thread_blocked, id=8272, stack(0x000000ea17600000,0x000000ea17700000)]
  0x000002aa0bb0e320 JavaThread "Common-Cleaner" daemon [_thread_blocked, id=12052, stack(0x000000ea17800000,0x000000ea17900000)]
  0x000002aa0c3c03f0 JavaThread "C1 CompilerThread2" daemon [_thread_blocked, id=17848, stack(0x000000ea17900000,0x000000ea17a00000)]
  0x000002aa0c3bc450 JavaThread "C1 CompilerThread3" daemon [_thread_blocked, id=5908, stack(0x000000ea17a00000,0x000000ea17b00000)]
  0x000002aa0d720260 JavaThread "boundedElastic-evictor-1" daemon [_thread_blocked, id=19928, stack(0x000000ea18000000,0x000000ea18100000)]
  0x000002aa0d8e1790 JavaThread "ForkJoinPool.commonPool-worker-1" daemon [_thread_blocked, id=9056, stack(0x000000ea18400000,0x000000ea18500000)]
  0x000002aa0da0d980 JavaThread "ClassGraph-worker-0" daemon [_thread_blocked, id=7388, stack(0x000000ea18500000,0x000000ea18600000)]
  0x000002aa0d9da020 JavaThread "ClassGraph-worker-1" daemon [_thread_blocked, id=21420, stack(0x000000ea18600000,0x000000ea18700000)]
  0x000002aa0d9ba8b0 JavaThread "ClassGraph-worker-2" daemon [_thread_blocked, id=21884, stack(0x000000ea18700000,0x000000ea18800000)]
  0x000002aa0da14ce0 JavaThread "ClassGraph-worker-3" daemon [_thread_blocked, id=17376, stack(0x000000ea18800000,0x000000ea18900000)]
  0x000002aa0da28ce0 JavaThread "ClassGraph-worker-4" daemon [_thread_blocked, id=22416, stack(0x000000ea18900000,0x000000ea18a00000)]
  0x000002aa0da291b0 JavaThread "ClassGraph-worker-5" daemon [_thread_blocked, id=10324, stack(0x000000ea18a00000,0x000000ea18b00000)]
  0x000002aa0da2ab30 JavaThread "ClassGraph-worker-6" daemon [_thread_blocked, id=10312, stack(0x000000ea18b00000,0x000000ea18c00000)]
  0x000002aa0da3a730 JavaThread "ClassGraph-worker-7" daemon [_thread_blocked, id=11780, stack(0x000000ea18c00000,0x000000ea18d00000)]
  0x000002aa0da38a50 JavaThread "ClassGraph-worker-8" daemon [_thread_blocked, id=20840, stack(0x000000ea18d00000,0x000000ea18e00000)]
  0x000002aa0da38f20 JavaThread "ClassGraph-worker-9" daemon [_thread_blocked, id=21048, stack(0x000000ea18e00000,0x000000ea18f00000)]
  0x000002aa0da393f0 JavaThread "ClassGraph-worker-10" daemon [_thread_blocked, id=19396, stack(0x000000ea18f00000,0x000000ea19000000)]
  0x000002aa0da398c0 JavaThread "ClassGraph-worker-11" daemon [_thread_blocked, id=16032, stack(0x000000ea19000000,0x000000ea19100000)]
  0x000002aa0da39d90 JavaThread "ClassGraph-worker-12" daemon [_thread_blocked, id=10920, stack(0x000000ea19100000,0x000000ea19200000)]
  0x000002aa0da3b0d0 JavaThread "ClassGraph-worker-13" daemon [_thread_blocked, id=17800, stack(0x000000ea19200000,0x000000ea19300000)]
  0x000002aa0da3a260 JavaThread "pool-9-thread-1" [_thread_blocked, id=16028, stack(0x000000ea19300000,0x000000ea19400000)]
  0x000002aa0da3ac00 JavaThread "LanguageServerApp-lifecycle" [_thread_blocked, id=20244, stack(0x000000ea19400000,0x000000ea19500000)]
  0x000002aa0da3b5a0 JavaThread "DestroyJavaVM" [_thread_blocked, id=17936, stack(0x000000ea16600000,0x000000ea16700000)]
  0x000002aa0da37be0 JavaThread "pool-10-thread-1" [_thread_in_native, id=8052, stack(0x000000ea19500000,0x000000ea19600000)]
  0x000002aa0da380b0 JavaThread "Simple-Language-Server main thread" daemon [_thread_blocked, id=21972, stack(0x000000ea19600000,0x000000ea19700000)]
  0x000002aa0da38580 JavaThread "pool-7-thread-1" [_thread_blocked, id=21840, stack(0x000000ea19700000,0x000000ea19800000)]
  0x000002aa0f419da0 JavaThread "parallel-1" daemon [_thread_blocked, id=22344, stack(0x000000ea19800000,0x000000ea19900000)]
  0x000002aa0f41dc30 JavaThread "parallel-2" daemon [_thread_blocked, id=6704, stack(0x000000ea19900000,0x000000ea19a00000)]
  0x000002aa0f41f910 JavaThread "parallel-3" daemon [_thread_blocked, id=6860, stack(0x000000ea19a00000,0x000000ea19b00000)]

Other Threads:
=>0x000002aa0af79940 VMThread "VM Thread" [stack: 0x000000ea16c00000,0x000000ea16d00000] [id=15564]
  0x000002aa7ef88440 WatcherThread [stack: 0x000000ea17700000,0x000000ea17800000] [id=20860]
  0x000002aa7ef708b0 GCTaskThread "GC Thread#0" [stack: 0x000000ea16700000,0x000000ea16800000] [id=21480]
  0x000002aa0c36cb70 GCTaskThread "GC Thread#1" [stack: 0x000000ea17b00000,0x000000ea17c00000] [id=8236]
  0x000002aa0c383c90 GCTaskThread "GC Thread#2" [stack: 0x000000ea17c00000,0x000000ea17d00000] [id=16352]
  0x000002aa0c48efb0 GCTaskThread "GC Thread#3" [stack: 0x000000ea17d00000,0x000000ea17e00000] [id=21008]
  0x000002aa0c48fc80 GCTaskThread "GC Thread#4" [stack: 0x000000ea17e00000,0x000000ea17f00000] [id=17252]
  0x000002aa0c490140 GCTaskThread "GC Thread#5" [stack: 0x000000ea17f00000,0x000000ea18000000] [id=2128]
  0x000002aa0d187a60 GCTaskThread "GC Thread#6" [stack: 0x000000ea18100000,0x000000ea18200000] [id=10600]
  0x000002aa0d1cc030 GCTaskThread "GC Thread#7" [stack: 0x000000ea18200000,0x000000ea18300000] [id=8504]
  0x000002aa7ef7d3b0 ConcurrentGCThread "G1 Main Marker" [stack: 0x000000ea16800000,0x000000ea16900000] [id=10712]
  0x000002aa7ef80580 ConcurrentGCThread "G1 Conc#0" [stack: 0x000000ea16900000,0x000000ea16a00000] [id=11436]
  0x000002aa0c1aa0e0 ConcurrentGCThread "G1 Conc#1" [stack: 0x000000ea18300000,0x000000ea18400000] [id=12440]
  0x000002aa7eff7d80 ConcurrentGCThread "G1 Refine#0" [stack: 0x000000ea16a00000,0x000000ea16b00000] [id=16856]
  0x000002aa0f6a1230 ConcurrentGCThread "G1 Refine#1" [stack: 0x000000ea19b00000,0x000000ea19c00000] [id=19484]
  0x000002aa7eff87a0 ConcurrentGCThread "G1 Service" [stack: 0x000000ea16b00000,0x000000ea16c00000] [id=16380]

Threads with active compile tasks:
C1 CompilerThread2     2591 3670       1       io.github.classgraph.Classfile::readMethods (1501 bytes)

VM state: at safepoint (normal execution)

VM Mutex/Monitor currently owned by a thread:  ([mutex/lock_event])
[0x000002aa7cda7e40] Threads_lock - owner thread: 0x000002aa0af79940
[0x000002aa7ef23f00] Heap_lock - owner thread: 0x000002aa0da398c0

Heap address: 0x00000000a2200000, size: 1502 MB, Compressed Oops mode: 32-bit

CDS archive(s) not mapped
Compressed class space mapped at: 0x0000000100000000-0x0000000140000000, reserved size: 1073741824
Narrow klass base: 0x0000000000000000, Narrow klass shift: 3, Narrow klass range: 0x140000000

GC Precious Log:
 CPUs: 8 total, 8 available
 Memory: 6005M
 Large Page Support: Disabled
 NUMA Support: Disabled
 Compressed Oops: Enabled (32-bit)
 Heap Region Size: 1M
 Heap Min Capacity: 8M
 Heap Initial Capacity: 94M
 Heap Max Capacity: 1502M
 Pre-touch: Disabled
 Parallel Workers: 8
 Concurrent Workers: 2
 Concurrent Refinement Workers: 8
 Periodic GC: Disabled

Heap:
 garbage-first heap   total 119808K, used 63216K [0x00000000a2200000, 0x0000000100000000)
  region size 1024K, 3 young (3072K), 3 survivors (3072K)
 Metaspace       used 35861K, committed 36160K, reserved 1081344K
  class space    used 4656K, committed 4800K, reserved 1048576K

Heap Regions: E=young(eden), S=young(survivor), O=old, HS=humongous(starts), HC=humongous(continues), CS=collection set, F=free, OA=open archive, CA=closed archive, TAMS=top-at-mark-start (previous, next)
|   0|0x00000000a2200000, 0x00000000a2300000, 0x00000000a2300000|100%| O|  |TAMS 0x00000000a2300000, 0x00000000a2200000| Untracked 
|   1|0x00000000a2300000, 0x00000000a2400000, 0x00000000a2400000|100%| O|  |TAMS 0x00000000a2400000, 0x00000000a2300000| Untracked 
|   2|0x00000000a2400000, 0x00000000a2500000, 0x00000000a2500000|100%| O|  |TAMS 0x00000000a2500000, 0x00000000a2400000| Updating 
|   3|0x00000000a2500000, 0x00000000a2600000, 0x00000000a2600000|100%| O|  |TAMS 0x00000000a2600000, 0x00000000a2500000| Untracked 
|   4|0x00000000a2600000, 0x00000000a2700000, 0x00000000a2700000|100%| O|  |TAMS 0x00000000a2700000, 0x00000000a2600000| Untracked 
|   5|0x00000000a2700000, 0x00000000a2800000, 0x00000000a2800000|100%| O|  |TAMS 0x00000000a2800000, 0x00000000a2700000| Untracked 
|   6|0x00000000a2800000, 0x00000000a2900000, 0x00000000a2900000|100%| O|  |TAMS 0x00000000a2900000, 0x00000000a2800000| Untracked 
|   7|0x00000000a2900000, 0x00000000a2a00000, 0x00000000a2a00000|100%| O|  |TAMS 0x00000000a2a00000, 0x00000000a2900000| Untracked 
|   8|0x00000000a2a00000, 0x00000000a2a26a00, 0x00000000a2b00000| 15%| O|  |TAMS 0x00000000a2a26a00, 0x00000000a2a00000| Updating 
|   9|0x00000000a2b00000, 0x00000000a2c00000, 0x00000000a2c00000|100%| O|  |TAMS 0x00000000a2c00000, 0x00000000a2b00000| Untracked 
|  10|0x00000000a2c00000, 0x00000000a2d00000, 0x00000000a2d00000|100%| O|  |TAMS 0x00000000a2d00000, 0x00000000a2c00000| Untracked 
|  11|0x00000000a2d00000, 0x00000000a2e00000, 0x00000000a2e00000|100%| O|  |TAMS 0x00000000a2e00000, 0x00000000a2d00000| Untracked 
|  12|0x00000000a2e00000, 0x00000000a2f00000, 0x00000000a2f00000|100%| O|  |TAMS 0x00000000a2f00000, 0x00000000a2e00000| Updating 
|  13|0x00000000a2f00000, 0x00000000a3000000, 0x00000000a3000000|100%| O|  |TAMS 0x00000000a3000000, 0x00000000a2f00000| Untracked 
|  14|0x00000000a3000000, 0x00000000a3100000, 0x00000000a3100000|100%| O|  |TAMS 0x00000000a3100000, 0x00000000a3000000| Untracked 
|  15|0x00000000a3100000, 0x00000000a3200000, 0x00000000a3200000|100%| O|  |TAMS 0x00000000a3200000, 0x00000000a3100000| Updating 
|  16|0x00000000a3200000, 0x00000000a3300000, 0x00000000a3300000|100%| O|  |TAMS 0x00000000a3300000, 0x00000000a3200000| Untracked 
|  17|0x00000000a3300000, 0x00000000a3400000, 0x00000000a3400000|100%| O|  |TAMS 0x00000000a3400000, 0x00000000a3300000| Untracked 
|  18|0x00000000a3400000, 0x00000000a3500000, 0x00000000a3500000|100%| O|  |TAMS 0x00000000a3500000, 0x00000000a3400000| Updating 
|  19|0x00000000a3500000, 0x00000000a3600000, 0x00000000a3600000|100%| O|  |TAMS 0x00000000a3600000, 0x00000000a3500000| Untracked 
|  20|0x00000000a3600000, 0x00000000a3700000, 0x00000000a3700000|100%| O|  |TAMS 0x00000000a3700000, 0x00000000a3600000| Untracked 
|  21|0x00000000a3700000, 0x00000000a3800000, 0x00000000a3800000|100%| O|  |TAMS 0x00000000a3800000, 0x00000000a3700000| Untracked 
|  22|0x00000000a3800000, 0x00000000a3900000, 0x00000000a3900000|100%| O|  |TAMS 0x00000000a3900000, 0x00000000a3800000| Updating 
|  23|0x00000000a3900000, 0x00000000a3a00000, 0x00000000a3a00000|100%| O|  |TAMS 0x00000000a3a00000, 0x00000000a3900000| Untracked 
|  24|0x00000000a3a00000, 0x00000000a3b00000, 0x00000000a3b00000|100%| O|  |TAMS 0x00000000a3b00000, 0x00000000a3a00000| Untracked 
|  25|0x00000000a3b00000, 0x00000000a3c00000, 0x00000000a3c00000|100%| O|  |TAMS 0x00000000a3c00000, 0x00000000a3b00000| Untracked 
|  26|0x00000000a3c00000, 0x00000000a3d00000, 0x00000000a3d00000|100%| O|  |TAMS 0x00000000a3d00000, 0x00000000a3c00000| Updating 
|  27|0x00000000a3d00000, 0x00000000a3e00000, 0x00000000a3e00000|100%| O|  |TAMS 0x00000000a3e00000, 0x00000000a3d00000| Untracked 
|  28|0x00000000a3e00000, 0x00000000a3f00000, 0x00000000a3f00000|100%| O|  |TAMS 0x00000000a3f00000, 0x00000000a3e00000| Untracked 
|  29|0x00000000a3f00000, 0x00000000a4000000, 0x00000000a4000000|100%| O|  |TAMS 0x00000000a4000000, 0x00000000a3f00000| Updating 
|  30|0x00000000a4000000, 0x00000000a4100000, 0x00000000a4100000|100%| O|  |TAMS 0x00000000a4100000, 0x00000000a4000000| Untracked 
|  31|0x00000000a4100000, 0x00000000a4200000, 0x00000000a4200000|100%| O|  |TAMS 0x00000000a4200000, 0x00000000a4100000| Untracked 
|  32|0x00000000a4200000, 0x00000000a4300000, 0x00000000a4300000|100%| O|  |TAMS 0x00000000a4300000, 0x00000000a4200000| Untracked 
|  33|0x00000000a4300000, 0x00000000a4400000, 0x00000000a4400000|100%| O|  |TAMS 0x00000000a4400000, 0x00000000a4300000| Untracked 
|  34|0x00000000a4400000, 0x00000000a4500000, 0x00000000a4500000|100%| O|  |TAMS 0x00000000a4500000, 0x00000000a4400000| Untracked 
|  35|0x00000000a4500000, 0x00000000a4600000, 0x00000000a4600000|100%| O|  |TAMS 0x00000000a4600000, 0x00000000a4500000| Updating 
|  36|0x00000000a4600000, 0x00000000a4700000, 0x00000000a4700000|100%| O|  |TAMS 0x00000000a4600000, 0x00000000a4600000| Untracked 
|  37|0x00000000a4700000, 0x00000000a4800000, 0x00000000a4800000|100%| O|  |TAMS 0x00000000a4800000, 0x00000000a4700000| Untracked 
|  38|0x00000000a4800000, 0x00000000a4900000, 0x00000000a4900000|100%| O|  |TAMS 0x00000000a4900000, 0x00000000a4800000| Untracked 
|  39|0x00000000a4900000, 0x00000000a4a00000, 0x00000000a4a00000|100%| O|  |TAMS 0x00000000a4a00000, 0x00000000a4900000| Untracked 
|  40|0x00000000a4a00000, 0x00000000a4b00000, 0x00000000a4b00000|100%| O|  |TAMS 0x00000000a4b00000, 0x00000000a4a00000| Untracked 
|  41|0x00000000a4b00000, 0x00000000a4c00000, 0x00000000a4c00000|100%| O|  |TAMS 0x00000000a4c00000, 0x00000000a4b00000| Untracked 
|  42|0x00000000a4c00000, 0x00000000a4d00000, 0x00000000a4d00000|100%| O|  |TAMS 0x00000000a4d00000, 0x00000000a4c00000| Updating 
|  43|0x00000000a4d00000, 0x00000000a4e00000, 0x00000000a4e00000|100%| O|  |TAMS 0x00000000a4e00000, 0x00000000a4d00000| Updating 
|  44|0x00000000a4e00000, 0x00000000a4f00000, 0x00000000a4f00000|100%| O|  |TAMS 0x00000000a4e70e08, 0x00000000a4e00000| Updating 
|  45|0x00000000a4f00000, 0x00000000a5000000, 0x00000000a5000000|100%| O|  |TAMS 0x00000000a4f00000, 0x00000000a4f00000| Untracked 
|  46|0x00000000a5000000, 0x00000000a5100000, 0x00000000a5100000|100%| O|  |TAMS 0x00000000a5000000, 0x00000000a5000000| Untracked 
|  47|0x00000000a5100000, 0x00000000a5200000, 0x00000000a5200000|100%| O|  |TAMS 0x00000000a5100000, 0x00000000a5100000| Untracked 
|  48|0x00000000a5200000, 0x00000000a5300000, 0x00000000a5300000|100%| O|  |TAMS 0x00000000a5200000, 0x00000000a5200000| Untracked 
|  49|0x00000000a5300000, 0x00000000a5400000, 0x00000000a5400000|100%| O|  |TAMS 0x00000000a5300000, 0x00000000a5300000| Untracked 
|  50|0x00000000a5400000, 0x00000000a5500000, 0x00000000a5500000|100%| O|  |TAMS 0x00000000a5400000, 0x00000000a5400000| Untracked 
|  51|0x00000000a5500000, 0x00000000a5600000, 0x00000000a5600000|100%| O|  |TAMS 0x00000000a5500000, 0x00000000a5500000| Untracked 
|  52|0x00000000a5600000, 0x00000000a5700000, 0x00000000a5700000|100%| O|  |TAMS 0x00000000a5600000, 0x00000000a5600000| Untracked 
|  53|0x00000000a5700000, 0x00000000a5800000, 0x00000000a5800000|100%| O|  |TAMS 0x00000000a5700000, 0x00000000a5700000| Updating 
|  54|0x00000000a5800000, 0x00000000a5900000, 0x00000000a5900000|100%|HS|  |TAMS 0x00000000a5800000, 0x00000000a5800000| Complete 
|  55|0x00000000a5900000, 0x00000000a5a00000, 0x00000000a5a00000|100%| O|  |TAMS 0x00000000a5900000, 0x00000000a5900000| Untracked 
|  56|0x00000000a5a00000, 0x00000000a5b00000, 0x00000000a5b00000|100%| O|  |TAMS 0x00000000a5a00000, 0x00000000a5a00000| Untracked 
|  57|0x00000000a5b00000, 0x00000000a5c00000, 0x00000000a5c00000|100%| O|  |TAMS 0x00000000a5b00000, 0x00000000a5b00000| Untracked 
|  58|0x00000000a5c00000, 0x00000000a5d00000, 0x00000000a5d00000|100%| O|  |TAMS 0x00000000a5c00000, 0x00000000a5c00000| Untracked 
|  59|0x00000000a5d00000, 0x00000000a5d95600, 0x00000000a5e00000| 58%| O|  |TAMS 0x00000000a5d00000, 0x00000000a5d00000| Untracked 
|  60|0x00000000a5e00000, 0x00000000a5e00000, 0x00000000a5f00000|  0%| F|  |TAMS 0x00000000a5e00000, 0x00000000a5e00000| Untracked 
|  61|0x00000000a5f00000, 0x00000000a5f00000, 0x00000000a6000000|  0%| F|  |TAMS 0x00000000a5f00000, 0x00000000a5f00000| Untracked 
|  62|0x00000000a6000000, 0x00000000a6000000, 0x00000000a6100000|  0%| F|  |TAMS 0x00000000a6000000, 0x00000000a6000000| Untracked 
|  63|0x00000000a6100000, 0x00000000a6100000, 0x00000000a6200000|  0%| F|  |TAMS 0x00000000a6100000, 0x00000000a6100000| Untracked 
|  64|0x00000000a6200000, 0x00000000a6200000, 0x00000000a6300000|  0%| F|  |TAMS 0x00000000a6200000, 0x00000000a6200000| Untracked 
|  65|0x00000000a6300000, 0x00000000a6300000, 0x00000000a6400000|  0%| F|  |TAMS 0x00000000a6300000, 0x00000000a6300000| Untracked 
|  66|0x00000000a6400000, 0x00000000a6400000, 0x00000000a6500000|  0%| F|  |TAMS 0x00000000a6400000, 0x00000000a6400000| Untracked 
|  67|0x00000000a6500000, 0x00000000a6500000, 0x00000000a6600000|  0%| F|  |TAMS 0x00000000a6500000, 0x00000000a6500000| Untracked 
|  68|0x00000000a6600000, 0x00000000a6600000, 0x00000000a6700000|  0%| F|  |TAMS 0x00000000a6600000, 0x00000000a6600000| Untracked 
|  69|0x00000000a6700000, 0x00000000a6700000, 0x00000000a6800000|  0%| F|  |TAMS 0x00000000a6700000, 0x00000000a6700000| Untracked 
|  70|0x00000000a6800000, 0x00000000a6800000, 0x00000000a6900000|  0%| F|  |TAMS 0x00000000a6800000, 0x00000000a6800000| Untracked 
|  71|0x00000000a6900000, 0x00000000a6900000, 0x00000000a6a00000|  0%| F|  |TAMS 0x00000000a6900000, 0x00000000a6900000| Untracked 
|  72|0x00000000a6a00000, 0x00000000a6a00000, 0x00000000a6b00000|  0%| F|  |TAMS 0x00000000a6a00000, 0x00000000a6a00000| Untracked 
|  73|0x00000000a6b00000, 0x00000000a6b00000, 0x00000000a6c00000|  0%| F|  |TAMS 0x00000000a6b00000, 0x00000000a6b00000| Untracked 
|  74|0x00000000a6c00000, 0x00000000a6c00000, 0x00000000a6d00000|  0%| F|  |TAMS 0x00000000a6c00000, 0x00000000a6c00000| Untracked 
|  75|0x00000000a6d00000, 0x00000000a6d00000, 0x00000000a6e00000|  0%| F|  |TAMS 0x00000000a6d00000, 0x00000000a6d00000| Untracked 
|  76|0x00000000a6e00000, 0x00000000a6e00000, 0x00000000a6f00000|  0%| F|  |TAMS 0x00000000a6e00000, 0x00000000a6e00000| Untracked 
|  77|0x00000000a6f00000, 0x00000000a6f00000, 0x00000000a7000000|  0%| F|  |TAMS 0x00000000a6f00000, 0x00000000a6f00000| Untracked 
|  78|0x00000000a7000000, 0x00000000a7000000, 0x00000000a7100000|  0%| F|  |TAMS 0x00000000a7000000, 0x00000000a7000000| Untracked 
|  79|0x00000000a7100000, 0x00000000a7100000, 0x00000000a7200000|  0%| F|  |TAMS 0x00000000a7100000, 0x00000000a7100000| Untracked 
|  80|0x00000000a7200000, 0x00000000a7200000, 0x00000000a7300000|  0%| F|  |TAMS 0x00000000a7200000, 0x00000000a7200000| Untracked 
|  81|0x00000000a7300000, 0x00000000a7300000, 0x00000000a7400000|  0%| F|  |TAMS 0x00000000a7300000, 0x00000000a7300000| Untracked 
|  82|0x00000000a7400000, 0x00000000a7400000, 0x00000000a7500000|  0%| F|  |TAMS 0x00000000a7400000, 0x00000000a7400000| Untracked 
|  83|0x00000000a7500000, 0x00000000a7500000, 0x00000000a7600000|  0%| F|  |TAMS 0x00000000a7500000, 0x00000000a7500000| Untracked 
|  84|0x00000000a7600000, 0x00000000a7600000, 0x00000000a7700000|  0%| F|  |TAMS 0x00000000a7600000, 0x00000000a7600000| Untracked 
|  85|0x00000000a7700000, 0x00000000a7700000, 0x00000000a7800000|  0%| F|  |TAMS 0x00000000a7700000, 0x00000000a7700000| Untracked 
|  86|0x00000000a7800000, 0x00000000a7800000, 0x00000000a7900000|  0%| F|  |TAMS 0x00000000a7800000, 0x00000000a7800000| Untracked 
|  87|0x00000000a7900000, 0x00000000a7900000, 0x00000000a7a00000|  0%| F|  |TAMS 0x00000000a7900000, 0x00000000a7900000| Untracked 
|  88|0x00000000a7a00000, 0x00000000a7a00000, 0x00000000a7b00000|  0%| F|  |TAMS 0x00000000a7a00000, 0x00000000a7a00000| Untracked 
|  89|0x00000000a7b00000, 0x00000000a7b00000, 0x00000000a7c00000|  0%| F|  |TAMS 0x00000000a7b00000, 0x00000000a7b00000| Untracked 
|  90|0x00000000a7c00000, 0x00000000a7c00000, 0x00000000a7d00000|  0%| F|  |TAMS 0x00000000a7c00000, 0x00000000a7c00000| Untracked 
|  91|0x00000000a7d00000, 0x00000000a7d00000, 0x00000000a7e00000|  0%| F|  |TAMS 0x00000000a7d00000, 0x00000000a7d00000| Untracked 
|  92|0x00000000a7e00000, 0x00000000a7e00000, 0x00000000a7f00000|  0%| F|  |TAMS 0x00000000a7e00000, 0x00000000a7e00000| Untracked 
|  93|0x00000000a7f00000, 0x00000000a7f00000, 0x00000000a8000000|  0%| F|  |TAMS 0x00000000a7f00000, 0x00000000a7f00000| Untracked 
|  94|0x00000000a8000000, 0x00000000a8000000, 0x00000000a8100000|  0%| F|  |TAMS 0x00000000a8000000, 0x00000000a8000000| Untracked 
|  95|0x00000000a8100000, 0x00000000a8100000, 0x00000000a8200000|  0%| F|  |TAMS 0x00000000a8100000, 0x00000000a8100000| Untracked 
|  96|0x00000000a8200000, 0x00000000a8200000, 0x00000000a8300000|  0%| F|  |TAMS 0x00000000a8200000, 0x00000000a8200000| Untracked 
|  97|0x00000000a8300000, 0x00000000a8300000, 0x00000000a8400000|  0%| F|  |TAMS 0x00000000a8300000, 0x00000000a8300000| Untracked 
|  98|0x00000000a8400000, 0x00000000a8400000, 0x00000000a8500000|  0%| F|  |TAMS 0x00000000a8400000, 0x00000000a8400000| Untracked 
|  99|0x00000000a8500000, 0x00000000a8500000, 0x00000000a8600000|  0%| F|  |TAMS 0x00000000a8500000, 0x00000000a8500000| Untracked 
| 100|0x00000000a8600000, 0x00000000a8600000, 0x00000000a8700000|  0%| F|  |TAMS 0x00000000a8600000, 0x00000000a8600000| Untracked 
| 101|0x00000000a8700000, 0x00000000a8700000, 0x00000000a8800000|  0%| F|  |TAMS 0x00000000a8700000, 0x00000000a8700000| Untracked 
| 102|0x00000000a8800000, 0x00000000a8800000, 0x00000000a8900000|  0%| F|  |TAMS 0x00000000a8800000, 0x00000000a8800000| Untracked 
| 103|0x00000000a8900000, 0x00000000a8900000, 0x00000000a8a00000|  0%| F|  |TAMS 0x00000000a8900000, 0x00000000a8900000| Untracked 
| 104|0x00000000a8a00000, 0x00000000a8a00000, 0x00000000a8b00000|  0%| F|  |TAMS 0x00000000a8a00000, 0x00000000a8a00000| Untracked 
| 105|0x00000000a8b00000, 0x00000000a8b00000, 0x00000000a8c00000|  0%| F|  |TAMS 0x00000000a8b00000, 0x00000000a8b00000| Untracked 
| 106|0x00000000a8c00000, 0x00000000a8c00000, 0x00000000a8d00000|  0%| F|  |TAMS 0x00000000a8c00000, 0x00000000a8c00000| Untracked 
| 107|0x00000000a8d00000, 0x00000000a8d00000, 0x00000000a8e00000|  0%| F|  |TAMS 0x00000000a8d00000, 0x00000000a8d00000| Untracked 
| 108|0x00000000a8e00000, 0x00000000a8e00000, 0x00000000a8f00000|  0%| F|  |TAMS 0x00000000a8e00000, 0x00000000a8e00000| Untracked 
| 109|0x00000000a8f00000, 0x00000000a8f00000, 0x00000000a9000000|  0%| F|  |TAMS 0x00000000a8f00000, 0x00000000a8f00000| Untracked 
| 110|0x00000000a9000000, 0x00000000a9100000, 0x00000000a9100000|100%| S|CS|TAMS 0x00000000a9000000, 0x00000000a9000000| Complete 
| 111|0x00000000a9100000, 0x00000000a9200000, 0x00000000a9200000|100%| S|CS|TAMS 0x00000000a9100000, 0x00000000a9100000| Complete 
| 112|0x00000000a9200000, 0x00000000a9300000, 0x00000000a9300000|100%| S|CS|TAMS 0x00000000a9200000, 0x00000000a9200000| Complete 
| 113|0x00000000a9300000, 0x00000000a9300000, 0x00000000a9400000|  0%| F|  |TAMS 0x00000000a9300000, 0x00000000a9300000| Untracked 
| 114|0x00000000a9400000, 0x00000000a9400000, 0x00000000a9500000|  0%| F|  |TAMS 0x00000000a9400000, 0x00000000a9400000| Untracked 
| 115|0x00000000a9500000, 0x00000000a9500000, 0x00000000a9600000|  0%| F|  |TAMS 0x00000000a9500000, 0x00000000a9500000| Untracked 
| 116|0x00000000a9600000, 0x00000000a9600000, 0x00000000a9700000|  0%| F|  |TAMS 0x00000000a9600000, 0x00000000a9600000| Untracked 

Card table byte_map: [0x000002aa7f400000,0x000002aa7f6f0000] _byte_map_base: 0x000002aa7eeef000

Marking Bits (Prev, Next): (CMBitMap*) 0x000002aa7ef70ec0, (CMBitMap*) 0x000002aa7ef70f00
 Prev Bits: [0x000002aa05bc0000, 0x000002aa07338000)
 Next Bits: [0x000002aa07340000, 0x000002aa08ab8000)

Polling page: 0x000002aa7cf10000

Metaspace:

Usage:
  Non-class:     30.47 MB used.
      Class:      4.55 MB used.
       Both:     35.02 MB used.

Virtual space:
  Non-class space:       32.00 MB reserved,      30.62 MB ( 96%) committed,  4 nodes.
      Class space:        1.00 GB reserved,       4.69 MB ( <1%) committed,  1 nodes.
             Both:        1.03 GB reserved,      35.31 MB (  3%) committed. 

Chunk freelists:
   Non-Class:  974.00 KB
       Class:  3.14 MB
        Both:  4.09 MB

MaxMetaspaceSize: unlimited
CompressedClassSpaceSize: 1.00 GB
Initial GC threshold: 21.00 MB
Current GC threshold: 58.88 MB
CDS: off
MetaspaceReclaimPolicy: balanced
 - commit_granule_bytes: 65536.
 - commit_granule_words: 8192.
 - virtual_space_node_default_size: 1048576.
 - enlarge_chunks_in_place: 1.
 - new_chunks_are_fully_committed: 0.
 - uncommit_free_chunks: 1.
 - use_allocation_guard: 0.
 - handle_deallocations: 1.


Internal statistics:

num_allocs_failed_limit: 8.
num_arena_births: 338.
num_arena_deaths: 0.
num_vsnodes_births: 5.
num_vsnodes_deaths: 0.
num_space_committed: 565.
num_space_uncommitted: 0.
num_chunks_returned_to_freelist: 8.
num_chunks_taken_from_freelist: 1377.
num_chunk_merges: 8.
num_chunk_splits: 946.
num_chunks_enlarged: 717.
num_purges: 0.
num_inconsistent_stats: 0.

CodeCache: size=49152Kb used=8921Kb max_used=8921Kb free=40230Kb
 bounds [0x000002aa02bc0000, 0x000002aa03480000, 0x000002aa05bc0000]
 total_blobs=4197 nmethods=3672 adapters=449
 compilation: enabled
              stopped_count=0, restarted_count=0
 full_count=0

Compilation events (20 events):
Event: 2.551 Thread 0x000002aa0afd5640 3665       1       jdk.internal.jimage.decompressor.CompressedResourceHeader::getUncompressedSize (5 bytes)
Event: 2.551 Thread 0x000002aa0afd5640 nmethod 3665 0x000002aa0346ad90 code [0x000002aa0346af20, 0x000002aa0346aff8]
Event: 2.552 Thread 0x000002aa0c3bc450 nmethod 3664 0x000002aa0346b090 code [0x000002aa0346b320, 0x000002aa0346bd28]
Event: 2.552 Thread 0x000002aa0c3bc450 3666   !   1       nonapi.io.github.classgraph.utils.ProxyingInputStream::close (31 bytes)
Event: 2.552 Thread 0x000002aa0afd5640 3667   !   1       io.github.classgraph.ClasspathElementModule$1$1::close (16 bytes)
Event: 2.552 Thread 0x000002aa0c3bc450 nmethod 3666 0x000002aa0346c310 code [0x000002aa0346c4a0, 0x000002aa0346c628]
Event: 2.552 Thread 0x000002aa0c3c03f0 nmethod 3659 0x000002aa0346c710 code [0x000002aa0346caa0, 0x000002aa0346dae8]
Event: 2.552 Thread 0x000002aa0afd5640 nmethod 3667 0x000002aa0346e610 code [0x000002aa0346e7c0, 0x000002aa0346e9b8]
Event: 2.553 Thread 0x000002aa0afd5640 3668   !   1       jdk.internal.reflect.GeneratedMethodAccessor16::invoke (61 bytes)
Event: 2.553 Thread 0x000002aa0c3c03f0 3669       1       io.github.classgraph.Classfile::scheduleScanningIfExternalClass (367 bytes)
Event: 2.554 Thread 0x000002aa0afd5640 nmethod 3668 0x000002aa0346ea90 code [0x000002aa0346ec80, 0x000002aa0346f0f8]
Event: 2.555 Thread 0x000002aa0bae6750 nmethod 3662 0x000002aa0346f410 code [0x000002aa0346faa0, 0x000002aa03472108]
Event: 2.555 Thread 0x000002aa0c3c03f0 nmethod 3669 0x000002aa03473910 code [0x000002aa03473d80, 0x000002aa03475158]
Event: 2.555 Thread 0x000002aa0c3c03f0 3670       1       io.github.classgraph.Classfile::readMethods (1501 bytes)
Event: 2.556 Thread 0x000002aa0c3bc450 3672       1       io.github.classgraph.Classfile$ClassContainment::<init> (20 bytes)
Event: 2.556 Thread 0x000002aa0afd5640 3671       1       java.io.ByteArrayOutputStream::close (1 bytes)
Event: 2.556 Thread 0x000002aa0afd5640 nmethod 3671 0x000002aa03475b90 code [0x000002aa03475d20, 0x000002aa03475dd8]
Event: 2.556 Thread 0x000002aa0c3bc450 nmethod 3672 0x000002aa03475e90 code [0x000002aa03476020, 0x000002aa03476178]
Event: 2.556 Thread 0x000002aa0bae6750 3673       1       java.io.ByteArrayInputStream::<init> (26 bytes)
Event: 2.557 Thread 0x000002aa0bae6750 nmethod 3673 0x000002aa03476210 code [0x000002aa034763a0, 0x000002aa034764d8]

GC Heap History (20 events):
Event: 1.412 GC heap after
{Heap after GC invocations=5 (full 0):
 garbage-first heap   total 51200K, used 13186K [0x00000000a2200000, 0x0000000100000000)
  region size 1024K, 3 young (3072K), 3 survivors (3072K)
 Metaspace       used 25284K, committed 25536K, reserved 1073152K
  class space    used 3121K, committed 3264K, reserved 1048576K
}
Event: 1.699 GC heap before
{Heap before GC invocations=5 (full 0):
 garbage-first heap   total 51200K, used 31618K [0x00000000a2200000, 0x0000000100000000)
  region size 1024K, 22 young (22528K), 3 survivors (3072K)
 Metaspace       used 28422K, committed 28736K, reserved 1081344K
  class space    used 3574K, committed 3712K, reserved 1048576K
}
Event: 1.704 GC heap after
{Heap after GC invocations=6 (full 0):
 garbage-first heap   total 51200K, used 15043K [0x00000000a2200000, 0x0000000100000000)
  region size 1024K, 3 young (3072K), 3 survivors (3072K)
 Metaspace       used 28422K, committed 28736K, reserved 1081344K
  class space    used 3574K, committed 3712K, reserved 1048576K
}
Event: 2.011 GC heap before
{Heap before GC invocations=6 (full 0):
 garbage-first heap   total 51200K, used 33475K [0x00000000a2200000, 0x0000000100000000)
  region size 1024K, 22 young (22528K), 3 survivors (3072K)
 Metaspace       used 32561K, committed 32768K, reserved 1081344K
  class space    used 4130K, committed 4224K, reserved 1048576K
}
Event: 2.017 GC heap after
{Heap after GC invocations=7 (full 0):
 garbage-first heap   total 61440K, used 17012K [0x00000000a2200000, 0x0000000100000000)
  region size 1024K, 2 young (2048K), 2 survivors (2048K)
 Metaspace       used 32561K, committed 32768K, reserved 1081344K
  class space    used 4130K, committed 4224K, reserved 1048576K
}
Event: 2.108 GC heap before
{Heap before GC invocations=7 (full 0):
 garbage-first heap   total 61440K, used 41588K [0x00000000a2200000, 0x0000000100000000)
  region size 1024K, 27 young (27648K), 2 survivors (2048K)
 Metaspace       used 33214K, committed 33536K, reserved 1081344K
  class space    used 4216K, committed 4352K, reserved 1048576K
}
Event: 2.113 GC heap after
{Heap after GC invocations=8 (full 0):
 garbage-first heap   total 61440K, used 22300K [0x00000000a2200000, 0x0000000100000000)
  region size 1024K, 4 young (4096K), 4 survivors (4096K)
 Metaspace       used 33214K, committed 33536K, reserved 1081344K
  class space    used 4216K, committed 4352K, reserved 1048576K
}
Event: 2.168 GC heap before
{Heap before GC invocations=8 (full 0):
 garbage-first heap   total 61440K, used 41756K [0x00000000a2200000, 0x0000000100000000)
  region size 1024K, 24 young (24576K), 4 survivors (4096K)
 Metaspace       used 33493K, committed 33792K, reserved 1081344K
  class space    used 4261K, committed 4416K, reserved 1048576K
}
Event: 2.173 GC heap after
{Heap after GC invocations=9 (full 0):
 garbage-first heap   total 61440K, used 25938K [0x00000000a2200000, 0x0000000100000000)
  region size 1024K, 3 young (3072K), 3 survivors (3072K)
 Metaspace       used 33493K, committed 33792K, reserved 1081344K
  class space    used 4261K, committed 4416K, reserved 1048576K
}
Event: 2.214 GC heap before
{Heap before GC invocations=9 (full 0):
 garbage-first heap   total 61440K, used 43346K [0x00000000a2200000, 0x0000000100000000)
  region size 1024K, 20 young (20480K), 3 survivors (3072K)
 Metaspace       used 33782K, committed 34112K, reserved 1081344K
  class space    used 4306K, committed 4480K, reserved 1048576K
}
Event: 2.217 GC heap after
{Heap after GC invocations=10 (full 0):
 garbage-first heap   total 61440K, used 29486K [0x00000000a2200000, 0x0000000100000000)
  region size 1024K, 3 young (3072K), 3 survivors (3072K)
 Metaspace       used 33782K, committed 34112K, reserved 1081344K
  class space    used 4306K, committed 4480K, reserved 1048576K
}
Event: 2.248 GC heap before
{Heap before GC invocations=10 (full 0):
 garbage-first heap   total 61440K, used 45870K [0x00000000a2200000, 0x0000000100000000)
  region size 1024K, 19 young (19456K), 3 survivors (3072K)
 Metaspace       used 33959K, committed 34240K, reserved 1081344K
  class space    used 4333K, committed 4480K, reserved 1048576K
}
Event: 2.252 GC heap after
{Heap after GC invocations=11 (full 0):
 garbage-first heap   total 100352K, used 32656K [0x00000000a2200000, 0x0000000100000000)
  region size 1024K, 3 young (3072K), 3 survivors (3072K)
 Metaspace       used 33959K, committed 34240K, reserved 1081344K
  class space    used 4333K, committed 4480K, reserved 1048576K
}
Event: 2.322 GC heap before
{Heap before GC invocations=11 (full 0):
 garbage-first heap   total 100352K, used 72592K [0x00000000a2200000, 0x0000000100000000)
  region size 1024K, 42 young (43008K), 3 survivors (3072K)
 Metaspace       used 34346K, committed 34624K, reserved 1081344K
  class space    used 4387K, committed 4544K, reserved 1048576K
}
Event: 2.329 GC heap after
{Heap after GC invocations=12 (full 0):
 garbage-first heap   total 100352K, used 42138K [0x00000000a2200000, 0x0000000100000000)
  region size 1024K, 6 young (6144K), 6 survivors (6144K)
 Metaspace       used 34346K, committed 34624K, reserved 1081344K
  class space    used 4387K, committed 4544K, reserved 1048576K
}
Event: 2.451 GC heap before
{Heap before GC invocations=12 (full 0):
 garbage-first heap   total 100352K, used 70810K [0x00000000a2200000, 0x0000000100000000)
  region size 1024K, 34 young (34816K), 6 survivors (6144K)
 Metaspace       used 35316K, committed 35648K, reserved 1081344K
  class space    used 4535K, committed 4672K, reserved 1048576K
}
Event: 2.458 GC heap after
{Heap after GC invocations=13 (full 0):
 garbage-first heap   total 100352K, used 49758K [0x00000000a2200000, 0x0000000100000000)
  region size 1024K, 5 young (5120K), 5 survivors (5120K)
 Metaspace       used 35316K, committed 35648K, reserved 1081344K
  class space    used 4535K, committed 4672K, reserved 1048576K
}
Event: 2.505 GC heap before
{Heap before GC invocations=13 (full 0):
 garbage-first heap   total 100352K, used 66142K [0x00000000a2200000, 0x0000000100000000)
  region size 1024K, 23 young (23552K), 5 survivors (5120K)
 Metaspace       used 35628K, committed 35904K, reserved 1081344K
  class space    used 4607K, committed 4736K, reserved 1048576K
}
Event: 2.512 GC heap after
{Heap after GC invocations=14 (full 0):
 garbage-first heap   total 100352K, used 58156K [0x00000000a2200000, 0x0000000100000000)
  region size 1024K, 4 young (4096K), 4 survivors (4096K)
 Metaspace       used 35628K, committed 35904K, reserved 1081344K
  class space    used 4607K, committed 4736K, reserved 1048576K
}
Event: 2.558 GC heap before
{Heap before GC invocations=14 (full 0):
 garbage-first heap   total 119808K, used 73516K [0x00000000a2200000, 0x0000000100000000)
  region size 1024K, 20 young (20480K), 4 survivors (4096K)
 Metaspace       used 35861K, committed 36160K, reserved 1081344K
  class space    used 4656K, committed 4800K, reserved 1048576K
}

Deoptimization events (12 events):
Event: 1.078 Thread 0x000002aa7ef25d90 DEOPT PACKING pc=0x000002aa03115719 sp=0x000000ea166fd2b0
Event: 1.078 Thread 0x000002aa7ef25d90 DEOPT UNPACKING pc=0x000002aa02c12b43 sp=0x000000ea166fc790 mode 3
Event: 1.968 Thread 0x000002aa7ef25d90 DEOPT PACKING pc=0x000002aa03288999 sp=0x000000ea166fc690
Event: 1.968 Thread 0x000002aa7ef25d90 DEOPT UNPACKING pc=0x000002aa02c12b43 sp=0x000000ea166fbb70 mode 3
Event: 2.020 Thread 0x000002aa0d8e1790 DEOPT PACKING pc=0x000002aa032da92b sp=0x000000ea184fe450
Event: 2.020 Thread 0x000002aa0d8e1790 DEOPT UNPACKING pc=0x000002aa02c12b43 sp=0x000000ea184fd998 mode 3
Event: 2.104 Thread 0x000002aa0da0d980 DEOPT PACKING pc=0x000002aa03113081 sp=0x000000ea185ff050
Event: 2.104 Thread 0x000002aa0da0d980 DEOPT UNPACKING pc=0x000002aa02c12b43 sp=0x000000ea185fe4e0 mode 3
Event: 2.145 Thread 0x000002aa0d9da020 DEOPT PACKING pc=0x000002aa03111597 sp=0x000000ea186feb90
Event: 2.145 Thread 0x000002aa0d9da020 DEOPT UNPACKING pc=0x000002aa02c12b43 sp=0x000000ea186fdfe8 mode 3
Event: 2.425 Thread 0x000002aa0da380b0 DEOPT PACKING pc=0x000002aa034441b5 sp=0x000000ea196fddb0
Event: 2.425 Thread 0x000002aa0da380b0 DEOPT UNPACKING pc=0x000002aa02c12b43 sp=0x000000ea196fd2d8 mode 3

Classes unloaded (0 events):
No events

Classes redefined (0 events):
No events

Internal exceptions (20 events):
Event: 2.044 Thread 0x000002aa0d9da020 Exception <a 'sun/nio/fs/WindowsException'{0x00000000a6b80818}> (0x00000000a6b80818) 
thrown [s\src\hotspot\share\prims\jni.cpp, line 516]
Event: 2.044 Thread 0x000002aa0d9da020 Exception <a 'sun/nio/fs/WindowsException'{0x00000000a6b80ba8}> (0x00000000a6b80ba8) 
thrown [s\src\hotspot\share\prims\jni.cpp, line 516]
Event: 2.044 Thread 0x000002aa0d9da020 Exception <a 'sun/nio/fs/WindowsException'{0x00000000a6b815a0}> (0x00000000a6b815a0) 
thrown [s\src\hotspot\share\prims\jni.cpp, line 516]
Event: 2.044 Thread 0x000002aa0d9da020 Exception <a 'sun/nio/fs/WindowsException'{0x00000000a6b81950}> (0x00000000a6b81950) 
thrown [s\src\hotspot\share\prims\jni.cpp, line 516]
Event: 2.044 Thread 0x000002aa0d9da020 Exception <a 'sun/nio/fs/WindowsException'{0x00000000a6b82338}> (0x00000000a6b82338) 
thrown [s\src\hotspot\share\prims\jni.cpp, line 516]
Event: 2.044 Thread 0x000002aa0d9da020 Exception <a 'sun/nio/fs/WindowsException'{0x00000000a6b826d8}> (0x00000000a6b826d8) 
thrown [s\src\hotspot\share\prims\jni.cpp, line 516]
Event: 2.044 Thread 0x000002aa0d9da020 Exception <a 'sun/nio/fs/WindowsException'{0x00000000a6b830d0}> (0x00000000a6b830d0) 
thrown [s\src\hotspot\share\prims\jni.cpp, line 516]
Event: 2.044 Thread 0x000002aa0d9da020 Exception <a 'sun/nio/fs/WindowsException'{0x00000000a6b83480}> (0x00000000a6b83480) 
thrown [s\src\hotspot\share\prims\jni.cpp, line 516]
Event: 2.045 Thread 0x000002aa0d9da020 Exception <a 'sun/nio/fs/WindowsException'{0x00000000a6b83e90}> (0x00000000a6b83e90) 
thrown [s\src\hotspot\share\prims\jni.cpp, line 516]
Event: 2.045 Thread 0x000002aa0d9da020 Exception <a 'sun/nio/fs/WindowsException'{0x00000000a6b84260}> (0x00000000a6b84260) 
thrown [s\src\hotspot\share\prims\jni.cpp, line 516]
Event: 2.045 Thread 0x000002aa0d9da020 Exception <a 'sun/nio/fs/WindowsException'{0x00000000a6b84c88}> (0x00000000a6b84c88) 
thrown [s\src\hotspot\share\prims\jni.cpp, line 516]
Event: 2.045 Thread 0x000002aa0d9da020 Exception <a 'sun/nio/fs/WindowsException'{0x00000000a6b85070}> (0x00000000a6b85070) 
thrown [s\src\hotspot\share\prims\jni.cpp, line 516]
Event: 2.045 Thread 0x000002aa0d9da020 Exception <a 'sun/nio/fs/WindowsException'{0x00000000a6b85a90}> (0x00000000a6b85a90) 
thrown [s\src\hotspot\share\prims\jni.cpp, line 516]
Event: 2.045 Thread 0x000002aa0d9da020 Exception <a 'sun/nio/fs/WindowsException'{0x00000000a6b85e70}> (0x00000000a6b85e70) 
thrown [s\src\hotspot\share\prims\jni.cpp, line 516]
Event: 2.114 Thread 0x000002aa7ef25d90 Exception <a 'java/lang/NoSuchMethodError'{0x00000000a7f05b88}: 'java.lang.Object java.lang.invoke.DirectMethodHandle$Holder.newInvokeSpecial(java.lang.Object, java.lang.Object, int, java.lang.Object, java.lang.Object)'> (0x00000000a7f05b88) 
thrown [s\src\hotspot\share\interpreter\linkResolver.cpp, line 759]
Event: 2.116 Thread 0x000002aa7ef25d90 Exception <a 'java/lang/NoSuchMethodError'{0x00000000a7f17b40}: 'java.lang.Object java.lang.invoke.DirectMethodHandle$Holder.invokeSpecial(java.lang.Object, java.lang.Object, int, java.lang.Object, int, java.lang.Object)'> (0x00000000a7f17b40) 
thrown [s\src\hotspot\share\interpreter\linkResolver.cpp, line 759]
Event: 2.118 Thread 0x000002aa7ef25d90 Exception <a 'java/lang/NoSuchMethodError'{0x00000000a7f1f940}: 'java.lang.Object java.lang.invoke.DirectMethodHandle$Holder.newInvokeSpecial(java.lang.Object, java.lang.Object, int, java.lang.Object, int)'> (0x00000000a7f1f940) 
thrown [s\src\hotspot\share\interpreter\linkResolver.cpp, line 759]
Event: 2.118 Thread 0x000002aa7ef25d90 Exception <a 'java/lang/NoSuchMethodError'{0x00000000a7f23a40}: 'java.lang.Object java.lang.invoke.DirectMethodHandle$Holder.invokeSpecial(java.lang.Object, java.lang.Object, java.lang.Object, int, java.lang.Object, int)'> (0x00000000a7f23a40) 
thrown [s\src\hotspot\share\interpreter\linkResolver.cpp, line 759]
Event: 2.421 Thread 0x000002aa0da37be0 Exception <a 'java/lang/NoSuchMethodError'{0x00000000a6e5c4e8}: 'java.lang.Object java.lang.invoke.DirectMethodHandle$Holder.invokeStatic(java.lang.Object, java.lang.Object, java.lang.Object, int, java.lang.Object, java.lang.Object)'> (0x00000000a6e5c4e8) 
thrown [s\src\hotspot\share\interpreter\linkResolver.cpp, line 759]
Event: 2.422 Thread 0x000002aa0da380b0 Exception <a 'java/lang/NoSuchMethodError'{0x00000000a6ec1360}: 'java.lang.Object java.lang.invoke.DirectMethodHandle$Holder.invokeStatic(java.lang.Object, int, java.lang.Object)'> (0x00000000a6ec1360) 
thrown [s\src\hotspot\share\interpreter\linkResolver.cpp, line 759]

VM Operations (20 events):
Event: 2.252 Executing VM operation: G1CollectForAllocation done
Event: 2.280 Executing VM operation: HandshakeAllThreads
Event: 2.280 Executing VM operation: HandshakeAllThreads done
Event: 2.322 Executing VM operation: G1CollectForAllocation
Event: 2.329 Executing VM operation: G1CollectForAllocation done
Event: 2.451 Executing VM operation: G1CollectForAllocation
Event: 2.451 Executing VM operation: G1CollectForAllocation done
Event: 2.451 Executing VM operation: G1CollectForAllocation
Event: 2.458 Executing VM operation: G1CollectForAllocation done
Event: 2.467 Executing VM operation: HandshakeAllThreads
Event: 2.467 Executing VM operation: HandshakeAllThreads done
Event: 2.505 Executing VM operation: G1TryInitiateConcMark
Event: 2.512 Executing VM operation: G1TryInitiateConcMark done
Event: 2.537 Executing VM operation: CollectForMetadataAllocation
Event: 2.537 Executing VM operation: CollectForMetadataAllocation done
Event: 2.548 Executing VM operation: G1Concurrent
Event: 2.551 Executing VM operation: G1Concurrent done
Event: 2.558 Executing VM operation: G1CollectForAllocation
Event: 2.558 Executing VM operation: G1CollectForAllocation done
Event: 2.558 Executing VM operation: G1CollectForAllocation

Events (20 events):
Event: 2.418 loading class java/util/concurrent/CompletableFuture$UniHandle
Event: 2.419 loading class java/util/concurrent/CompletableFuture$UniHandle done
Event: 2.420 loading class jdk/internal/reflect/UnsafeIntegerFieldAccessorImpl
Event: 2.420 loading class jdk/internal/reflect/UnsafeIntegerFieldAccessorImpl done
Event: 2.439 loading class java/util/concurrent/locks/ReadWriteLock
Event: 2.439 loading class java/util/concurrent/locks/ReadWriteLock done
Event: 2.443 loading class java/util/concurrent/atomic/AtomicLongFieldUpdater
Event: 2.443 loading class java/util/concurrent/atomic/AtomicLongFieldUpdater done
Event: 2.443 loading class java/util/concurrent/atomic/AtomicLongFieldUpdater$CASUpdater
Event: 2.443 loading class java/util/concurrent/atomic/AtomicLongFieldUpdater$CASUpdater done
Event: 2.443 loading class java/util/ServiceConfigurationError
Event: 2.444 loading class java/util/concurrent/atomic/AtomicLongFieldUpdater$CASUpdater$1
Event: 2.444 loading class java/util/concurrent/atomic/AtomicLongFieldUpdater$CASUpdater$1 done
Event: 2.444 loading class java/util/ServiceConfigurationError done
Event: 2.446 Thread 0x000002aa0da38580 Thread added: 0x000002aa0da38580
Event: 2.449 Thread 0x000002aa0f419da0 Thread added: 0x000002aa0f419da0
Event: 2.450 Thread 0x000002aa0f41dc30 Thread added: 0x000002aa0f41dc30
Event: 2.459 Thread 0x000002aa0f41f910 Thread added: 0x000002aa0f41f910
Event: 2.463 loading class java/util/concurrent/ConcurrentHashMap$ValueSpliterator
Event: 2.463 loading class java/util/concurrent/ConcurrentHashMap$ValueSpliterator done


Dynamic libraries:
0x00007ff6db040000 - 0x00007ff6db04e000 	c:\Users\ARS\.vscode\extensions\redhat.java-1.10.0-win32-x64\jre\17.0.4-win32-x86_64\bin\java.exe
0x00007ff8efe70000 - 0x00007ff8f0068000 	C:\Windows\SYSTEM32\ntdll.dll
0x00007ff8edfe0000 - 0x00007ff8ee09d000 	C:\Windows\System32\KERNEL32.DLL
0x00007ff8eda40000 - 0x00007ff8edd0e000 	C:\Windows\System32\KERNELBASE.dll
0x00007ff8ed710000 - 0x00007ff8ed810000 	C:\Windows\System32\ucrtbase.dll
0x00007ff8db3b0000 - 0x00007ff8db3c9000 	c:\Users\ARS\.vscode\extensions\redhat.java-1.10.0-win32-x64\jre\17.0.4-win32-x86_64\bin\VCRUNTIME140.dll
0x00007ff8e8bc0000 - 0x00007ff8e8bd8000 	c:\Users\ARS\.vscode\extensions\redhat.java-1.10.0-win32-x64\jre\17.0.4-win32-x86_64\bin\jli.dll
0x00007ff8ef070000 - 0x00007ff8ef210000 	C:\Windows\System32\USER32.dll
0x00007ff8ed8b0000 - 0x00007ff8ed8d2000 	C:\Windows\System32\win32u.dll
0x00007ff8efc80000 - 0x00007ff8efcaa000 	C:\Windows\System32\GDI32.dll
0x00007ff8db490000 - 0x00007ff8db72a000 	C:\Windows\WinSxS\amd64_microsoft.windows.common-controls_6595b64144ccf1df_6.0.19041.1110_none_60b5254171f9507e\COMCTL32.dll
0x00007ff8eddc0000 - 0x00007ff8edecb000 	C:\Windows\System32\gdi32full.dll
0x00007ff8ef990000 - 0x00007ff8efa2e000 	C:\Windows\System32\msvcrt.dll
0x00007ff8ed810000 - 0x00007ff8ed8ad000 	C:\Windows\System32\msvcp_win.dll
0x00007ff8efcb0000 - 0x00007ff8efce0000 	C:\Windows\System32\IMM32.DLL
0x00007ff8e8bb0000 - 0x00007ff8e8bbc000 	c:\Users\ARS\.vscode\extensions\redhat.java-1.10.0-win32-x64\jre\17.0.4-win32-x86_64\bin\vcruntime140_1.dll
0x00007ff8afb60000 - 0x00007ff8afbf1000 	c:\Users\ARS\.vscode\extensions\redhat.java-1.10.0-win32-x64\jre\17.0.4-win32-x86_64\bin\msvcp140.dll
0x00007ff87d2b0000 - 0x00007ff87def6000 	c:\Users\ARS\.vscode\extensions\redhat.java-1.10.0-win32-x64\jre\17.0.4-win32-x86_64\bin\server\jvm.dll
0x00007ff8eeb90000 - 0x00007ff8eec3e000 	C:\Windows\System32\ADVAPI32.dll
0x00007ff8ef8f0000 - 0x00007ff8ef98c000 	C:\Windows\System32\sechost.dll
0x00007ff8ee0a0000 - 0x00007ff8ee1c5000 	C:\Windows\System32\RPCRT4.dll
0x00007ff8efc70000 - 0x00007ff8efc78000 	C:\Windows\System32\PSAPI.DLL
0x00007ff8e4060000 - 0x00007ff8e406a000 	C:\Windows\SYSTEM32\VERSION.dll
0x00007ff8e2230000 - 0x00007ff8e2257000 	C:\Windows\SYSTEM32\WINMM.dll
0x00007ff8d2b90000 - 0x00007ff8d2b99000 	C:\Windows\SYSTEM32\WSOCK32.dll
0x00007ff8ee3d0000 - 0x00007ff8ee43b000 	C:\Windows\System32\WS2_32.dll
0x00007ff8ebe00000 - 0x00007ff8ebe12000 	C:\Windows\SYSTEM32\kernel.appcore.dll
0x00007ff8e7fa0000 - 0x00007ff8e7faa000 	c:\Users\ARS\.vscode\extensions\redhat.java-1.10.0-win32-x64\jre\17.0.4-win32-x86_64\bin\jimage.dll
0x00007ff8eb3f0000 - 0x00007ff8eb5d4000 	C:\Windows\SYSTEM32\DBGHELP.DLL
0x00007ff8d5bf0000 - 0x00007ff8d5c1c000 	C:\Windows\SYSTEM32\dbgcore.DLL
0x00007ff8ed680000 - 0x00007ff8ed702000 	C:\Windows\System32\bcryptPrimitives.dll
0x00007ff8da980000 - 0x00007ff8da9a5000 	c:\Users\ARS\.vscode\extensions\redhat.java-1.10.0-win32-x64\jre\17.0.4-win32-x86_64\bin\java.dll
0x00007ff8cf750000 - 0x00007ff8cf768000 	c:\Users\ARS\.vscode\extensions\redhat.java-1.10.0-win32-x64\jre\17.0.4-win32-x86_64\bin\zip.dll
0x00007ff8ee440000 - 0x00007ff8eeb83000 	C:\Windows\System32\SHELL32.dll
0x00007ff8eb620000 - 0x00007ff8ebdb5000 	C:\Windows\SYSTEM32\windows.storage.dll
0x00007ff8eed10000 - 0x00007ff8ef064000 	C:\Windows\System32\combase.dll
0x00007ff8ecf80000 - 0x00007ff8ecfb0000 	C:\Windows\SYSTEM32\Wldp.dll
0x00007ff8edf30000 - 0x00007ff8edfdd000 	C:\Windows\System32\SHCORE.dll
0x00007ff8eded0000 - 0x00007ff8edf25000 	C:\Windows\System32\shlwapi.dll
0x00007ff8ed4d0000 - 0x00007ff8ed4ef000 	C:\Windows\SYSTEM32\profapi.dll
0x00007ff8cf730000 - 0x00007ff8cf749000 	C:\Users\ARS\.vscode\extensions\redhat.java-1.10.0-win32-x64\jre\17.0.4-win32-x86_64\bin\net.dll
0x00007ff8e5b80000 - 0x00007ff8e5c8a000 	C:\Windows\SYSTEM32\WINHTTP.dll
0x00007ff8ecc80000 - 0x00007ff8eccea000 	C:\Windows\system32\mswsock.dll
0x00007ff8cbc30000 - 0x00007ff8cbc45000 	C:\Users\ARS\.vscode\extensions\redhat.java-1.10.0-win32-x64\jre\17.0.4-win32-x86_64\bin\nio.dll
0x00007ff8e4d80000 - 0x00007ff8e4d90000 	c:\Users\ARS\.vscode\extensions\redhat.java-1.10.0-win32-x64\jre\17.0.4-win32-x86_64\bin\verify.dll
0x00007ff8e2960000 - 0x00007ff8e2969000 	C:\Users\ARS\.vscode\extensions\redhat.java-1.10.0-win32-x64\jre\17.0.4-win32-x86_64\bin\management.dll
0x00007ff8dfb30000 - 0x00007ff8dfb3b000 	C:\Users\ARS\.vscode\extensions\redhat.java-1.10.0-win32-x64\jre\17.0.4-win32-x86_64\bin\management_ext.dll
0x00007ff8999d0000 - 0x00007ff8999e7000 	C:\Windows\system32\napinsp.dll
0x00007ff8999b0000 - 0x00007ff8999cb000 	C:\Windows\system32\pnrpnsp.dll
0x00007ff8e81f0000 - 0x00007ff8e8205000 	C:\Windows\system32\wshbth.dll
0x00007ff8e8a90000 - 0x00007ff8e8aad000 	C:\Windows\system32\NLAapi.dll
0x00007ff8ec950000 - 0x00007ff8ec98b000 	C:\Windows\SYSTEM32\IPHLPAPI.DLL
0x00007ff8ec990000 - 0x00007ff8eca5a000 	C:\Windows\SYSTEM32\DNSAPI.dll
0x00007ff8eeca0000 - 0x00007ff8eeca8000 	C:\Windows\System32\NSI.dll
0x00007ff899620000 - 0x00007ff899632000 	C:\Windows\System32\winrnr.dll
0x00007ff8dbe20000 - 0x00007ff8dbe2a000 	C:\Windows\System32\rasadhlp.dll
0x00007ff8df630000 - 0x00007ff8df6b0000 	C:\Windows\System32\fwpuclnt.dll
0x00007ff8ed590000 - 0x00007ff8ed5b7000 	C:\Windows\System32\bcrypt.dll
0x00007ff8ece70000 - 0x00007ff8ece88000 	C:\Windows\SYSTEM32\CRYPTSP.dll
0x00007ff8ec5d0000 - 0x00007ff8ec604000 	C:\Windows\system32\rsaenh.dll
0x00007ff8ed490000 - 0x00007ff8ed4be000 	C:\Windows\SYSTEM32\USERENV.dll
0x00007ff8ece90000 - 0x00007ff8ece9c000 	C:\Windows\SYSTEM32\CRYPTBASE.dll
0x00007ff8e3660000 - 0x00007ff8e3677000 	C:\Windows\SYSTEM32\dhcpcsvc6.DLL
0x00007ff8e3f70000 - 0x00007ff8e3f8d000 	C:\Windows\SYSTEM32\dhcpcsvc.DLL

dbghelp: loaded successfully - version: 4.0.5 - missing functions: none
symbol engine: initialized successfully - sym options: 0x614 - pdb path: .;c:\Users\ARS\.vscode\extensions\redhat.java-1.10.0-win32-x64\jre\17.0.4-win32-x86_64\bin;C:\Windows\SYSTEM32;C:\Windows\WinSxS\amd64_microsoft.windows.common-controls_6595b64144ccf1df_6.0.19041.1110_none_60b5254171f9507e;c:\Users\ARS\.vscode\extensions\redhat.java-1.10.0-win32-x64\jre\17.0.4-win32-x86_64\bin\server

VM Arguments:
jvm_args: -Dsts.lsp.client=vscode -Dsts.log.file=/dev/null -XX:TieredStopAtLevel=1 -Xlog:jni+resolve=off -Dspring.config.location=file:c:\Users\ARS\.vscode\extensions\pivotal.vscode-spring-boot-1.39.0\language-server\BOOT-INF\classes\application.properties 
java_command: org.springframework.ide.vscode.boot.app.BootLanguageServerBootApp
java_class_path (initial): c:\Users\ARS\.vscode\extensions\pivotal.vscode-spring-boot-1.39.0\language-server\BOOT-INF\classes;c:\Users\ARS\.vscode\extensions\pivotal.vscode-spring-boot-1.39.0\language-server\BOOT-INF\lib\annotations-23.0.0.jar;c:\Users\ARS\.vscode\extensions\pivotal.vscode-spring-boot-1.39.0\language-server\BOOT-INF\lib\antlr-runtime-3.5.2.jar;c:\Users\ARS\.vscode\extensions\pivotal.vscode-spring-boot-1.39.0\language-server\BOOT-INF\lib\antlr4-4.9.3.jar;c:\Users\ARS\.vscode\extensions\pivotal.vscode-spring-boot-1.39.0\language-server\BOOT-INF\lib\antlr4-runtime-4.9.3.jar;c:\Users\ARS\.vscode\extensions\pivotal.vscode-spring-boot-1.39.0\language-server\BOOT-INF\lib\asm-9.3.jar;c:\Users\ARS\.vscode\extensions\pivotal.vscode-spring-boot-1.39.0\language-server\BOOT-INF\lib\asm-analysis-9.3.jar;c:\Users\ARS\.vscode\extensions\pivotal.vscode-spring-boot-1.39.0\language-server\BOOT-INF\lib\asm-tree-9.3.jar;c:\Users\ARS\.vscode\extensions\pivotal.vscode-spring-boot-1.39.0\language-server\BOOT-INF\lib\asm-util-9.3.jar;c:\Users\ARS\.vscode\extensions\pivotal.vscode-spring-boot-1.39.0\language-server\BOOT-INF\lib\byte-buddy-1.12.13.jar;c:\Users\ARS\.vscode\extensions\pivotal.vscode-spring-boot-1.39.0\language-server\BOOT-INF\lib\caffeine-2.9.3.jar;c:\Users\ARS\.vscode\extensions\pivotal.vscode-spring-boot-1.39.0\language-server\BOOT-INF\lib\checker-qual-3.12.0.jar;c:\Users\ARS\.vscode\extensions\pivotal.vscode-spring-boot-1.39.0\language-server\BOOT-INF\lib\classgraph-4.8.149.jar;c:\Users\ARS\.vscode\extensions\pivotal.vscode-spring-boot-1.39.0\language-server\BOOT-INF\lib\commons-codec-1.15.jar;c:\Users\ARS\.vscode\extensions\pivotal.vscode-spring-boot-1.39.0\language-server\BOOT-INF\lib\commons-compress-1.21.jar;c:\Users\ARS\.vscode\extensions\pivotal.vscode-spring-boot-1.39.0\language-server\BOOT-INF\lib\commons-exec-1.3.jar;c:\Users\ARS\.vscode\extensions\pivotal.vscode-spring-boot-1.39.0\language-server\BOOT-INF\lib\commons-io-2.4.jar;c:\Users\ARS\.vsco
Launcher Type: SUN_STANDARD

[Global flags]
     intx CICompilerCount                          = 4                                         {product} {ergonomic}
     uint ConcGCThreads                            = 2                                         {product} {ergonomic}
     uint G1ConcRefinementThreads                  = 8                                         {product} {ergonomic}
   size_t G1HeapRegionSize                         = 1048576                                   {product} {ergonomic}
    uintx GCDrainStackTargetSize                   = 64                                        {product} {ergonomic}
   size_t InitialHeapSize                          = 98566144                                  {product} {ergonomic}
   size_t MarkStackSize                            = 4194304                                   {product} {ergonomic}
   size_t MaxHeapSize                              = 1574961152                                {product} {ergonomic}
   size_t MaxNewSize                               = 944766976                                 {product} {ergonomic}
   size_t MinHeapDeltaBytes                        = 1048576                                   {product} {ergonomic}
   size_t MinHeapSize                              = 8388608                                   {product} {ergonomic}
    uintx NonProfiledCodeHeapSize                  = 0                                      {pd product} {ergonomic}
     bool ProfileInterpreter                       = false                                  {pd product} {command line}
    uintx ProfiledCodeHeapSize                     = 0                                      {pd product} {ergonomic}
   size_t SoftMaxHeapSize                          = 1574961152                             {manageable} {ergonomic}
     intx TieredStopAtLevel                        = 1                                         {product} {command line}
     bool UseCompressedClassPointers               = true                           {product lp64_product} {ergonomic}
     bool UseCompressedOops                        = true                           {product lp64_product} {ergonomic}
     bool UseG1GC                                  = true                                      {product} {ergonomic}
     bool UseLargePagesIndividualAllocation        = false                                  {pd product} {ergonomic}

Logging:
Log output configuration:
 #0: stdout all=warning,jni+resolve=off uptime,level,tags
 #1: stderr all=off uptime,level,tags

Environment Variables:
JAVA_HOME=C:\Program Files\Java\openjdk-11.0.14.9-1
PATH=C:\Program Files\Java\openjdk-11.0.14.9-1\bin;C:\Program Files (x86)\Common Files\Oracle\Java\javapath;C:\Windows\system32;C:\Windows;C:\Windows\System32\Wbem;C:\Windows\System32\WindowsPowerShell\v1.0\;C:\Windows\System32\OpenSSH\;C:\Program Files (x86)\Microsoft SQL Server\150\DTS\Binn\;C:\Program Files\Azure Data Studio\bin;D:\Instalation Apk\Git\cmd;C:\Program Files\nodejs;D:\1. Kerja\Spring boot\apache-maven-3.8.4\bin;C:\Program Files\Go\bin;C:\Program Files\PostgreSQL\14\bin;;C:\Program Files\Docker\Docker\resources\bin;C:\ProgramData\DockerDesktop\version-bin;C:\Users\ARS\AppData\Local\Microsoft\WindowsApps;;D:\Instalation Apk\Microsoft VS Code\bin;C:\Program Files\Azure Data Studio\bin;C:\Users\ARS\AppData\Roaming\npm;C:\Program Files\JetBrains\IntelliJ IDEA Community Edition 2022.2.1\bin;;C:\Users\ARS\go\bin
USERNAME=ARS
OS=Windows_NT
PROCESSOR_IDENTIFIER=AMD64 Family 23 Model 104 Stepping 1, AuthenticAMD
TMP=C:\Users\ARS\AppData\Local\Temp
TEMP=C:\Users\ARS\AppData\Local\Temp



---------------  S Y S T E M  ---------------

OS:
 Windows 10 , 64 bit Build 19041 (10.0.19041.1889)
OS uptime: 0 days 7:18 hours
Hyper-V role detected

CPU: total 8 (initial active 8) (8 cores per cpu, 2 threads per core) family 23 model 104 stepping 1 microcode 0x0, cx8, cmov, fxsr, ht, mmx, 3dnowpref, sse, sse2, sse3, ssse3, sse4a, sse4.1, sse4.2, popcnt, lzcnt, tsc, tscinvbit, avx, avx2, aes, clmul, bmi1, bmi2, adx, sha, fma, vzeroupper, clflush, clflushopt, hv

Memory: 4k page, system-wide physical 6005M (347M free)
TotalPageFile size 24437M (AvailPageFile size 33M)
current process WorkingSet (physical memory assigned to process): 202M, peak: 202M
current process commit charge ("private bytes"): 255M, peak: 349M

vm_info: OpenJDK 64-Bit Server VM (17.0.4+8) for windows-amd64 JRE (17.0.4+8), built on Jul 19 2022 16:05:16 by "temurin" with MS VC++ 16.7 (VS2019)

END.
