#
# There is insufficient memory for the Java Runtime Environment to continue.
# Native memory allocation (mmap) failed to map 83886080 bytes for G1 virtual space
# Possible reasons:
#   The system is out of physical RAM or swap space
#   The process is running with CompressedOops enabled, and the Java Heap may be blocking the growth of the native heap
# Possible solutions:
#   Reduce memory load on the system
#   Increase physical memory or swap space
#   Check if swap backing store is full
#   Decrease Java heap size (-Xmx/-Xms)
#   Decrease number of Java threads
#   Decrease Java thread stack sizes (-Xss)
#   Set larger code cache with -XX:ReservedCodeCacheSize=
#   JVM is running with Unscaled Compressed Oops mode in which the Java heap is
#     placed in the first 4GB address space. The Java Heap base address is the
#     maximum limit for the native heap growth. Please use -XX:HeapBaseMinAddress
#     to set the Java Heap base and to place the Java Heap above 4GB virtual address.
# This output file may be truncated or incomplete.
#
#  Out of Memory Error (os_windows.cpp:3541), pid=16100, tid=18216
#
# JRE version: OpenJDK Runtime Environment Temurin-17.0.4+8 (17.0.4+8) (build 17.0.4+8)
# Java VM: OpenJDK 64-Bit Server VM Temurin-17.0.4+8 (17.0.4+8, mixed mode, emulated-client, tiered, compressed oops, compressed class ptrs, g1 gc, windows-amd64)
# No core dump will be written. Minidumps are not enabled by default on client versions of Windows
#

---------------  S U M M A R Y ------------

Command Line: -Dsts.lsp.client=vscode -Dsts.log.file=/dev/null -XX:TieredStopAtLevel=1 -Xlog:jni+resolve=off -Dspring.config.location=file:c:\Users\ARS\.vscode\extensions\pivotal.vscode-spring-boot-1.39.0\language-server\BOOT-INF\classes\application.properties org.springframework.ide.vscode.boot.app.BootLanguageServerBootApp

Host: AMD Ryzen 3 5300U with Radeon Graphics         , 8 cores, 5G,  Windows 10 , 64 bit Build 19041 (10.0.19041.1889)
Time: Wed Sep 21 16:01:40 2022 SE Asia Standard Time elapsed time: 2.383337 seconds (0d 0h 0m 2s)

---------------  T H R E A D  ---------------

Current thread (0x0000020314b36400):  VMThread "VM Thread" [stack: 0x000000e13d600000,0x000000e13d700000] [id=18216]

Stack: [0x000000e13d600000,0x000000e13d700000]
Native frames: (J=compiled Java code, j=interpreted, Vv=VM code, C=native code)
V  [jvm.dll+0x67733a]
V  [jvm.dll+0x8323c4]
V  [jvm.dll+0x833b6e]
V  [jvm.dll+0x8341d3]
V  [jvm.dll+0x2455e5]
V  [jvm.dll+0x674229]
V  [jvm.dll+0x668ab2]
V  [jvm.dll+0x30458b]
V  [jvm.dll+0x30bad6]
V  [jvm.dll+0x35ba7e]
V  [jvm.dll+0x35bcaf]
V  [jvm.dll+0x2db428]
V  [jvm.dll+0x2d96dc]
V  [jvm.dll+0x2d8cac]
V  [jvm.dll+0x31cf31]
V  [jvm.dll+0x83867b]
V  [jvm.dll+0x8393b4]
V  [jvm.dll+0x8398cc]
V  [jvm.dll+0x839ca4]
V  [jvm.dll+0x839d70]
V  [jvm.dll+0x7e245a]
V  [jvm.dll+0x6761c5]
C  [ucrtbase.dll+0x21bb2]
C  [KERNEL32.DLL+0x17034]
C  [ntdll.dll+0x526a1]

VM_Operation (0x000000e13f0fe250): G1TryInitiateConcMark, mode: safepoint, requested by thread 0x0000020317586290


---------------  P R O C E S S  ---------------

Threads class SMR info:
_java_thread_list=0x00000203175e46e0, length=38, elements={
0x0000020314b4d3a0, 0x0000020314b4e210, 0x0000020314b62eb0, 0x0000020314b65f40,
0x0000020314b67900, 0x0000020315527410, 0x0000020315527cd0, 0x00000203155286c0,
0x000002031572fc70, 0x000002031575c1e0, 0x0000020315766b20, 0x0000020315f9e720,
0x0000020315ff9c80, 0x00000203172f1890, 0x0000020317454820, 0x0000020317586290,
0x00000203175fda70, 0x00000203175f8200, 0x000002031760a580, 0x0000020317609ff0,
0x000002031760ea60, 0x00000203175f9470, 0x0000020317615ae0, 0x0000020317613e00,
0x00000203176142d0, 0x0000020317616950, 0x0000020317612f90, 0x0000020317615610,
0x0000020317613460, 0x0000020317615fb0, 0x0000020317616480, 0x00000203176147a0,
0x0000020317614c70, 0x0000020317615140, 0x0000020317613930, 0x0000020319226ed0,
0x0000020319228bb0, 0x0000020319229ef0
}

Java Threads: ( => current thread )
  0x0000020314b4d3a0 JavaThread "Reference Handler" daemon [_thread_blocked, id=16004, stack(0x000000e13d700000,0x000000e13d800000)]
  0x0000020314b4e210 JavaThread "Finalizer" daemon [_thread_blocked, id=15552, stack(0x000000e13d800000,0x000000e13d900000)]
  0x0000020314b62eb0 JavaThread "Signal Dispatcher" daemon [_thread_blocked, id=14612, stack(0x000000e13d900000,0x000000e13da00000)]
  0x0000020314b65f40 JavaThread "Attach Listener" daemon [_thread_blocked, id=14304, stack(0x000000e13da00000,0x000000e13db00000)]
  0x0000020314b67900 JavaThread "Service Thread" daemon [_thread_blocked, id=8812, stack(0x000000e13db00000,0x000000e13dc00000)]
  0x0000020315527410 JavaThread "Monitor Deflation Thread" daemon [_thread_blocked, id=16096, stack(0x000000e13dc00000,0x000000e13dd00000)]
  0x0000020315527cd0 JavaThread "C1 CompilerThread0" daemon [_thread_blocked, id=20304, stack(0x000000e13dd00000,0x000000e13de00000)]
  0x00000203155286c0 JavaThread "Sweeper thread" daemon [_thread_blocked, id=8892, stack(0x000000e13de00000,0x000000e13df00000)]
  0x000002031572fc70 JavaThread "C1 CompilerThread1" daemon [_thread_blocked, id=10136, stack(0x000000e13df00000,0x000000e13e000000)]
  0x000002031575c1e0 JavaThread "Notification Thread" daemon [_thread_blocked, id=15420, stack(0x000000e13e000000,0x000000e13e100000)]
  0x0000020315766b20 JavaThread "Common-Cleaner" daemon [_thread_blocked, id=8488, stack(0x000000e13e200000,0x000000e13e300000)]
  0x0000020315f9e720 JavaThread "C1 CompilerThread2" daemon [_thread_blocked, id=11708, stack(0x000000e13e300000,0x000000e13e400000)]
  0x0000020315ff9c80 JavaThread "C1 CompilerThread3" daemon [_thread_blocked, id=12744, stack(0x000000e13e400000,0x000000e13e500000)]
  0x00000203172f1890 JavaThread "boundedElastic-evictor-1" daemon [_thread_blocked, id=12104, stack(0x000000e13ed00000,0x000000e13ee00000)]
  0x0000020317454820 JavaThread "ForkJoinPool.commonPool-worker-1" daemon [_thread_blocked, id=20896, stack(0x000000e13ef00000,0x000000e13f000000)]
  0x0000020317586290 JavaThread "ClassGraph-worker-0" daemon [_thread_blocked, id=10060, stack(0x000000e13f000000,0x000000e13f100000)]
  0x00000203175fda70 JavaThread "ClassGraph-worker-1" daemon [_thread_blocked, id=19532, stack(0x000000e13f100000,0x000000e13f200000)]
  0x00000203175f8200 JavaThread "ClassGraph-worker-2" daemon [_thread_blocked, id=18528, stack(0x000000e13f200000,0x000000e13f300000)]
  0x000002031760a580 JavaThread "ClassGraph-worker-3" daemon [_thread_blocked, id=9352, stack(0x000000e13f300000,0x000000e13f400000)]
  0x0000020317609ff0 JavaThread "ClassGraph-worker-4" daemon [_thread_blocked, id=14340, stack(0x000000e13f400000,0x000000e13f500000)]
  0x000002031760ea60 JavaThread "ClassGraph-worker-5" daemon [_thread_blocked, id=12540, stack(0x000000e13f500000,0x000000e13f600000)]
  0x00000203175f9470 JavaThread "ClassGraph-worker-6" daemon [_thread_blocked, id=10256, stack(0x000000e13f600000,0x000000e13f700000)]
  0x0000020317615ae0 JavaThread "ClassGraph-worker-7" daemon [_thread_blocked, id=15596, stack(0x000000e13f700000,0x000000e13f800000)]
  0x0000020317613e00 JavaThread "ClassGraph-worker-8" daemon [_thread_blocked, id=7644, stack(0x000000e13f800000,0x000000e13f900000)]
  0x00000203176142d0 JavaThread "ClassGraph-worker-9" daemon [_thread_blocked, id=16852, stack(0x000000e13f900000,0x000000e13fa00000)]
  0x0000020317616950 JavaThread "ClassGraph-worker-10" daemon [_thread_blocked, id=2700, stack(0x000000e13fa00000,0x000000e13fb00000)]
  0x0000020317612f90 JavaThread "ClassGraph-worker-11" daemon [_thread_blocked, id=21692, stack(0x000000e13fb00000,0x000000e13fc00000)]
  0x0000020317615610 JavaThread "ClassGraph-worker-12" daemon [_thread_blocked, id=10720, stack(0x000000e13fc00000,0x000000e13fd00000)]
  0x0000020317613460 JavaThread "ClassGraph-worker-13" daemon [_thread_blocked, id=19388, stack(0x000000e13fd00000,0x000000e13fe00000)]
  0x0000020317615fb0 JavaThread "pool-9-thread-1" [_thread_blocked, id=15784, stack(0x000000e13fe00000,0x000000e13ff00000)]
  0x0000020317616480 JavaThread "LanguageServerApp-lifecycle" [_thread_blocked, id=9652, stack(0x000000e13ff00000,0x000000e140000000)]
  0x00000203176147a0 JavaThread "DestroyJavaVM" [_thread_blocked, id=22124, stack(0x000000e13d000000,0x000000e13d100000)]
  0x0000020317614c70 JavaThread "pool-10-thread-1" [_thread_blocked, id=15616, stack(0x000000e140000000,0x000000e140100000)]
  0x0000020317615140 JavaThread "Simple-Language-Server main thread" daemon [_thread_blocked, id=21448, stack(0x000000e140100000,0x000000e140200000)]
  0x0000020317613930 JavaThread "pool-7-thread-1" [_thread_blocked, id=5672, stack(0x000000e140200000,0x000000e140300000)]
  0x0000020319226ed0 JavaThread "parallel-1" daemon [_thread_blocked, id=15248, stack(0x000000e140300000,0x000000e140400000)]
  0x0000020319228bb0 JavaThread "parallel-2" daemon [_thread_blocked, id=22284, stack(0x000000e140400000,0x000000e140500000)]
  0x0000020319229ef0 JavaThread "parallel-3" daemon [_thread_blocked, id=16236, stack(0x000000e140500000,0x000000e140600000)]

Other Threads:
=>0x0000020314b36400 VMThread "VM Thread" [stack: 0x000000e13d600000,0x000000e13d700000] [id=18216]
  0x000002031575c6b0 WatcherThread [stack: 0x000000e13e100000,0x000000e13e200000] [id=18140]
  0x0000020308b41640 GCTaskThread "GC Thread#0" [stack: 0x000000e13d100000,0x000000e13d200000] [id=17256]
  0x0000020315fa6310 GCTaskThread "GC Thread#1" [stack: 0x000000e13e500000,0x000000e13e600000] [id=13024]
  0x0000020315ff5980 GCTaskThread "GC Thread#2" [stack: 0x000000e13e600000,0x000000e13e700000] [id=20164]
  0x00000203160f68c0 GCTaskThread "GC Thread#3" [stack: 0x000000e13e700000,0x000000e13e800000] [id=9116]
  0x00000203160f6b70 GCTaskThread "GC Thread#4" [stack: 0x000000e13e800000,0x000000e13e900000] [id=16644]
  0x0000020316c11b10 GCTaskThread "GC Thread#5" [stack: 0x000000e13e900000,0x000000e13ea00000] [id=19328]
  0x0000020316dad310 GCTaskThread "GC Thread#6" [stack: 0x000000e13eb00000,0x000000e13ec00000] [id=13168]
  0x0000020316dad5c0 GCTaskThread "GC Thread#7" [stack: 0x000000e13ec00000,0x000000e13ed00000] [id=3612]
  0x0000020308b4f150 ConcurrentGCThread "G1 Main Marker" [stack: 0x000000e13d200000,0x000000e13d300000] [id=16932]
  0x0000020308b51b80 ConcurrentGCThread "G1 Conc#0" [stack: 0x000000e13d300000,0x000000e13d400000] [id=16276]
  0x0000020316f6e350 ConcurrentGCThread "G1 Conc#1" [stack: 0x000000e13ee00000,0x000000e13ef00000] [id=15964]
  0x0000020308bce410 ConcurrentGCThread "G1 Refine#0" [stack: 0x000000e13d400000,0x000000e13d500000] [id=21720]
  0x0000020315ff4150 ConcurrentGCThread "G1 Refine#1" [stack: 0x000000e13ea00000,0x000000e13eb00000] [id=15328]
  0x00000203149a74f0 ConcurrentGCThread "G1 Service" [stack: 0x000000e13d500000,0x000000e13d600000] [id=4572]

Threads with active compile tasks:

VM state: at safepoint (normal execution)

VM Mutex/Monitor currently owned by a thread:  ([mutex/lock_event])
[0x0000020306967220] Threads_lock - owner thread: 0x0000020314b36400
[0x0000020308af2f10] Heap_lock - owner thread: 0x0000020317586290

Heap address: 0x00000000a2200000, size: 1502 MB, Compressed Oops mode: 32-bit

CDS archive(s) not mapped
Compressed class space mapped at: 0x0000000100000000-0x0000000140000000, reserved size: 1073741824
Narrow klass base: 0x0000000000000000, Narrow klass shift: 3, Narrow klass range: 0x140000000

GC Precious Log:
 CPUs: 8 total, 8 available
 Memory: 6005M
 Large Page Support: Disabled
 NUMA Support: Disabled
 Compressed Oops: Enabled (32-bit)
 Heap Region Size: 1M
 Heap Min Capacity: 8M
 Heap Initial Capacity: 94M
 Heap Max Capacity: 1502M
 Pre-touch: Disabled
 Parallel Workers: 8
 Concurrent Workers: 2
 Concurrent Refinement Workers: 8
 Periodic GC: Disabled

Heap:
 garbage-first heap   total 96256K, used 50860K [0x00000000a2200000, 0x0000000100000000)
  region size 1024K, 3 young (3072K), 3 survivors (3072K)
 Metaspace       used 35382K, committed 35712K, reserved 1081344K
  class space    used 4550K, committed 4736K, reserved 1048576K

Heap Regions: E=young(eden), S=young(survivor), O=old, HS=humongous(starts), HC=humongous(continues), CS=collection set, F=free, OA=open archive, CA=closed archive, TAMS=top-at-mark-start (previous, next)
|   0|0x00000000a2200000, 0x00000000a2300000, 0x00000000a2300000|100%| O|  |TAMS 0x00000000a2300000, 0x00000000a2300000| Untracked 
|   1|0x00000000a2300000, 0x00000000a2400000, 0x00000000a2400000|100%| O|  |TAMS 0x00000000a2400000, 0x00000000a2400000| Untracked 
|   2|0x00000000a2400000, 0x00000000a2500000, 0x00000000a2500000|100%| O|  |TAMS 0x00000000a2500000, 0x00000000a2500000| Untracked 
|   3|0x00000000a2500000, 0x00000000a2600000, 0x00000000a2600000|100%| O|  |TAMS 0x00000000a2600000, 0x00000000a2600000| Untracked 
|   4|0x00000000a2600000, 0x00000000a2700000, 0x00000000a2700000|100%| O|  |TAMS 0x00000000a2700000, 0x00000000a2700000| Untracked 
|   5|0x00000000a2700000, 0x00000000a2800000, 0x00000000a2800000|100%| O|  |TAMS 0x00000000a2800000, 0x00000000a2800000| Untracked 
|   6|0x00000000a2800000, 0x00000000a2900000, 0x00000000a2900000|100%| O|  |TAMS 0x00000000a2900000, 0x00000000a2900000| Untracked 
|   7|0x00000000a2900000, 0x00000000a2a00000, 0x00000000a2a00000|100%| O|  |TAMS 0x00000000a2a00000, 0x00000000a2a00000| Untracked 
|   8|0x00000000a2a00000, 0x00000000a2a30600, 0x00000000a2b00000| 18%| O|  |TAMS 0x00000000a2a30600, 0x00000000a2a30600| Untracked 
|   9|0x00000000a2b00000, 0x00000000a2c00000, 0x00000000a2c00000|100%| O|  |TAMS 0x00000000a2b00000, 0x00000000a2c00000| Untracked 
|  10|0x00000000a2c00000, 0x00000000a2d00000, 0x00000000a2d00000|100%| O|  |TAMS 0x00000000a2c00000, 0x00000000a2d00000| Untracked 
|  11|0x00000000a2d00000, 0x00000000a2e00000, 0x00000000a2e00000|100%| O|  |TAMS 0x00000000a2d00000, 0x00000000a2e00000| Untracked 
|  12|0x00000000a2e00000, 0x00000000a2f00000, 0x00000000a2f00000|100%| O|  |TAMS 0x00000000a2e00000, 0x00000000a2f00000| Untracked 
|  13|0x00000000a2f00000, 0x00000000a3000000, 0x00000000a3000000|100%| O|  |TAMS 0x00000000a2f00000, 0x00000000a3000000| Untracked 
|  14|0x00000000a3000000, 0x00000000a3100000, 0x00000000a3100000|100%| O|  |TAMS 0x00000000a3000000, 0x00000000a3100000| Untracked 
|  15|0x00000000a3100000, 0x00000000a3200000, 0x00000000a3200000|100%| O|  |TAMS 0x00000000a3100000, 0x00000000a3200000| Untracked 
|  16|0x00000000a3200000, 0x00000000a3300000, 0x00000000a3300000|100%| O|  |TAMS 0x00000000a3200000, 0x00000000a3300000| Untracked 
|  17|0x00000000a3300000, 0x00000000a3400000, 0x00000000a3400000|100%| O|  |TAMS 0x00000000a3300000, 0x00000000a3400000| Untracked 
|  18|0x00000000a3400000, 0x00000000a3500000, 0x00000000a3500000|100%| O|  |TAMS 0x00000000a3400000, 0x00000000a3500000| Untracked 
|  19|0x00000000a3500000, 0x00000000a3600000, 0x00000000a3600000|100%| O|  |TAMS 0x00000000a3500000, 0x00000000a3600000| Untracked 
|  20|0x00000000a3600000, 0x00000000a3700000, 0x00000000a3700000|100%| O|  |TAMS 0x00000000a3600000, 0x00000000a3700000| Untracked 
|  21|0x00000000a3700000, 0x00000000a3800000, 0x00000000a3800000|100%| O|  |TAMS 0x00000000a3700000, 0x00000000a3800000| Untracked 
|  22|0x00000000a3800000, 0x00000000a3900000, 0x00000000a3900000|100%| O|  |TAMS 0x00000000a3800000, 0x00000000a3900000| Untracked 
|  23|0x00000000a3900000, 0x00000000a3a00000, 0x00000000a3a00000|100%| O|  |TAMS 0x00000000a3900000, 0x00000000a3a00000| Untracked 
|  24|0x00000000a3a00000, 0x00000000a3b00000, 0x00000000a3b00000|100%| O|  |TAMS 0x00000000a3a00000, 0x00000000a3b00000| Untracked 
|  25|0x00000000a3b00000, 0x00000000a3c00000, 0x00000000a3c00000|100%| O|  |TAMS 0x00000000a3b00000, 0x00000000a3c00000| Untracked 
|  26|0x00000000a3c00000, 0x00000000a3d00000, 0x00000000a3d00000|100%| O|  |TAMS 0x00000000a3c00000, 0x00000000a3d00000| Untracked 
|  27|0x00000000a3d00000, 0x00000000a3e00000, 0x00000000a3e00000|100%| O|  |TAMS 0x00000000a3d00000, 0x00000000a3e00000| Untracked 
|  28|0x00000000a3e00000, 0x00000000a3f00000, 0x00000000a3f00000|100%| O|  |TAMS 0x00000000a3e00000, 0x00000000a3f00000| Untracked 
|  29|0x00000000a3f00000, 0x00000000a4000000, 0x00000000a4000000|100%| O|  |TAMS 0x00000000a3f00000, 0x00000000a4000000| Untracked 
|  30|0x00000000a4000000, 0x00000000a4100000, 0x00000000a4100000|100%| O|  |TAMS 0x00000000a4000000, 0x00000000a4100000| Untracked 
|  31|0x00000000a4100000, 0x00000000a4200000, 0x00000000a4200000|100%| O|  |TAMS 0x00000000a4100000, 0x00000000a4200000| Untracked 
|  32|0x00000000a4200000, 0x00000000a4300000, 0x00000000a4300000|100%| O|  |TAMS 0x00000000a4200000, 0x00000000a4300000| Untracked 
|  33|0x00000000a4300000, 0x00000000a4400000, 0x00000000a4400000|100%| O|  |TAMS 0x00000000a4300000, 0x00000000a4400000| Untracked 
|  34|0x00000000a4400000, 0x00000000a4500000, 0x00000000a4500000|100%| O|  |TAMS 0x00000000a4400000, 0x00000000a4500000| Untracked 
|  35|0x00000000a4500000, 0x00000000a4600000, 0x00000000a4600000|100%| O|  |TAMS 0x00000000a4500000, 0x00000000a4600000| Untracked 
|  36|0x00000000a4600000, 0x00000000a4700000, 0x00000000a4700000|100%| O|  |TAMS 0x00000000a4600000, 0x00000000a4700000| Untracked 
|  37|0x00000000a4700000, 0x00000000a4800000, 0x00000000a4800000|100%| O|  |TAMS 0x00000000a4700000, 0x00000000a4800000| Untracked 
|  38|0x00000000a4800000, 0x00000000a4900000, 0x00000000a4900000|100%| O|  |TAMS 0x00000000a4800000, 0x00000000a4900000| Untracked 
|  39|0x00000000a4900000, 0x00000000a4a00000, 0x00000000a4a00000|100%| O|  |TAMS 0x00000000a4900000, 0x00000000a4a00000| Untracked 
|  40|0x00000000a4a00000, 0x00000000a4b00000, 0x00000000a4b00000|100%| O|  |TAMS 0x00000000a4a00000, 0x00000000a4b00000| Untracked 
|  41|0x00000000a4b00000, 0x00000000a4c00000, 0x00000000a4c00000|100%| O|  |TAMS 0x00000000a4b00000, 0x00000000a4c00000| Untracked 
|  42|0x00000000a4c00000, 0x00000000a4d00000, 0x00000000a4d00000|100%| O|  |TAMS 0x00000000a4c00000, 0x00000000a4d00000| Untracked 
|  43|0x00000000a4d00000, 0x00000000a4e00000, 0x00000000a4e00000|100%| O|  |TAMS 0x00000000a4d00000, 0x00000000a4df9000| Untracked 
|  44|0x00000000a4e00000, 0x00000000a4f00000, 0x00000000a4f00000|100%| O|  |TAMS 0x00000000a4e00000, 0x00000000a4e00000| Untracked 
|  45|0x00000000a4f00000, 0x00000000a5000000, 0x00000000a5000000|100%| O|  |TAMS 0x00000000a4f00000, 0x00000000a4f00000| Untracked 
|  46|0x00000000a5000000, 0x00000000a5100000, 0x00000000a5100000|100%| O|  |TAMS 0x00000000a5000000, 0x00000000a5000000| Untracked 
|  47|0x00000000a5100000, 0x00000000a5200000, 0x00000000a5200000|100%| O|  |TAMS 0x00000000a5100000, 0x00000000a5100000| Untracked 
|  48|0x00000000a5200000, 0x00000000a5249a00, 0x00000000a5300000| 28%| O|  |TAMS 0x00000000a5200000, 0x00000000a5200000| Untracked 
|  49|0x00000000a5300000, 0x00000000a5300000, 0x00000000a5400000|  0%| F|  |TAMS 0x00000000a5300000, 0x00000000a5300000| Untracked 
|  50|0x00000000a5400000, 0x00000000a5400000, 0x00000000a5500000|  0%| F|  |TAMS 0x00000000a5400000, 0x00000000a5400000| Untracked 
|  51|0x00000000a5500000, 0x00000000a5500000, 0x00000000a5600000|  0%| F|  |TAMS 0x00000000a5500000, 0x00000000a5500000| Untracked 
|  52|0x00000000a5600000, 0x00000000a5600000, 0x00000000a5700000|  0%| F|  |TAMS 0x00000000a5600000, 0x00000000a5600000| Untracked 
|  53|0x00000000a5700000, 0x00000000a5700000, 0x00000000a5800000|  0%| F|  |TAMS 0x00000000a5700000, 0x00000000a5700000| Untracked 
|  54|0x00000000a5800000, 0x00000000a5800000, 0x00000000a5900000|  0%| F|  |TAMS 0x00000000a5800000, 0x00000000a5800000| Untracked 
|  55|0x00000000a5900000, 0x00000000a5900000, 0x00000000a5a00000|  0%| F|  |TAMS 0x00000000a5900000, 0x00000000a5900000| Untracked 
|  56|0x00000000a5a00000, 0x00000000a5a00000, 0x00000000a5b00000|  0%| F|  |TAMS 0x00000000a5a00000, 0x00000000a5a00000| Untracked 
|  57|0x00000000a5b00000, 0x00000000a5b00000, 0x00000000a5c00000|  0%| F|  |TAMS 0x00000000a5b00000, 0x00000000a5b00000| Untracked 
|  58|0x00000000a5c00000, 0x00000000a5c00000, 0x00000000a5d00000|  0%| F|  |TAMS 0x00000000a5c00000, 0x00000000a5c00000| Untracked 
|  59|0x00000000a5d00000, 0x00000000a5d00000, 0x00000000a5e00000|  0%| F|  |TAMS 0x00000000a5d00000, 0x00000000a5d00000| Untracked 
|  60|0x00000000a5e00000, 0x00000000a5e00000, 0x00000000a5f00000|  0%| F|  |TAMS 0x00000000a5e00000, 0x00000000a5e00000| Untracked 
|  61|0x00000000a5f00000, 0x00000000a5f00000, 0x00000000a6000000|  0%| F|  |TAMS 0x00000000a5f00000, 0x00000000a5f00000| Untracked 
|  62|0x00000000a6000000, 0x00000000a6000000, 0x00000000a6100000|  0%| F|  |TAMS 0x00000000a6000000, 0x00000000a6000000| Untracked 
|  63|0x00000000a6100000, 0x00000000a6100000, 0x00000000a6200000|  0%| F|  |TAMS 0x00000000a6100000, 0x00000000a6100000| Untracked 
|  64|0x00000000a6200000, 0x00000000a6200000, 0x00000000a6300000|  0%| F|  |TAMS 0x00000000a6200000, 0x00000000a6200000| Untracked 
|  65|0x00000000a6300000, 0x00000000a6300000, 0x00000000a6400000|  0%| F|  |TAMS 0x00000000a6300000, 0x00000000a6300000| Untracked 
|  66|0x00000000a6400000, 0x00000000a6400000, 0x00000000a6500000|  0%| F|  |TAMS 0x00000000a6400000, 0x00000000a6400000| Untracked 
|  67|0x00000000a6500000, 0x00000000a6500000, 0x00000000a6600000|  0%| F|  |TAMS 0x00000000a6500000, 0x00000000a6500000| Untracked 
|  68|0x00000000a6600000, 0x00000000a6600000, 0x00000000a6700000|  0%| F|  |TAMS 0x00000000a6600000, 0x00000000a6600000| Untracked 
|  69|0x00000000a6700000, 0x00000000a6700000, 0x00000000a6800000|  0%| F|  |TAMS 0x00000000a6700000, 0x00000000a6700000| Untracked 
|  70|0x00000000a6800000, 0x00000000a6800000, 0x00000000a6900000|  0%| F|  |TAMS 0x00000000a6800000, 0x00000000a6800000| Untracked 
|  71|0x00000000a6900000, 0x00000000a6900000, 0x00000000a6a00000|  0%| F|  |TAMS 0x00000000a6900000, 0x00000000a6900000| Untracked 
|  72|0x00000000a6a00000, 0x00000000a6a00000, 0x00000000a6b00000|  0%| F|  |TAMS 0x00000000a6a00000, 0x00000000a6a00000| Untracked 
|  73|0x00000000a6b00000, 0x00000000a6b00000, 0x00000000a6c00000|  0%| F|  |TAMS 0x00000000a6b00000, 0x00000000a6b00000| Untracked 
|  74|0x00000000a6c00000, 0x00000000a6c00000, 0x00000000a6d00000|  0%| F|  |TAMS 0x00000000a6c00000, 0x00000000a6c00000| Untracked 
|  75|0x00000000a6d00000, 0x00000000a6d00000, 0x00000000a6e00000|  0%| F|  |TAMS 0x00000000a6d00000, 0x00000000a6d00000| Untracked 
|  76|0x00000000a6e00000, 0x00000000a6e00000, 0x00000000a6f00000|  0%| F|  |TAMS 0x00000000a6e00000, 0x00000000a6e00000| Untracked 
|  77|0x00000000a6f00000, 0x00000000a6f00000, 0x00000000a7000000|  0%| F|  |TAMS 0x00000000a6f00000, 0x00000000a6f00000| Untracked 
|  78|0x00000000a7000000, 0x00000000a7000000, 0x00000000a7100000|  0%| F|  |TAMS 0x00000000a7000000, 0x00000000a7000000| Untracked 
|  79|0x00000000a7100000, 0x00000000a7100000, 0x00000000a7200000|  0%| F|  |TAMS 0x00000000a7100000, 0x00000000a7100000| Untracked 
|  80|0x00000000a7200000, 0x00000000a7231260, 0x00000000a7300000| 19%| S|CS|TAMS 0x00000000a7200000, 0x00000000a7200000| Complete 
|  81|0x00000000a7300000, 0x00000000a7400000, 0x00000000a7400000|100%| S|CS|TAMS 0x00000000a7300000, 0x00000000a7300000| Complete 
|  82|0x00000000a7400000, 0x00000000a7500000, 0x00000000a7500000|100%| S|CS|TAMS 0x00000000a7400000, 0x00000000a7400000| Complete 
|  83|0x00000000a7500000, 0x00000000a7500000, 0x00000000a7600000|  0%| F|  |TAMS 0x00000000a7500000, 0x00000000a7500000| Untracked 
|  84|0x00000000a7600000, 0x00000000a7600000, 0x00000000a7700000|  0%| F|  |TAMS 0x00000000a7600000, 0x00000000a7600000| Untracked 
|  85|0x00000000a7700000, 0x00000000a7700000, 0x00000000a7800000|  0%| F|  |TAMS 0x00000000a7700000, 0x00000000a7700000| Untracked 
|  86|0x00000000a7800000, 0x00000000a7800000, 0x00000000a7900000|  0%| F|  |TAMS 0x00000000a7800000, 0x00000000a7800000| Untracked 
|  87|0x00000000a7900000, 0x00000000a7900000, 0x00000000a7a00000|  0%| F|  |TAMS 0x00000000a7900000, 0x00000000a7900000| Untracked 
|  88|0x00000000a7a00000, 0x00000000a7a00000, 0x00000000a7b00000|  0%| F|  |TAMS 0x00000000a7a00000, 0x00000000a7a00000| Untracked 
|  89|0x00000000a7b00000, 0x00000000a7b00000, 0x00000000a7c00000|  0%| F|  |TAMS 0x00000000a7b00000, 0x00000000a7b00000| Untracked 
|  90|0x00000000a7c00000, 0x00000000a7c00000, 0x00000000a7d00000|  0%| F|  |TAMS 0x00000000a7c00000, 0x00000000a7c00000| Untracked 
|  91|0x00000000a7d00000, 0x00000000a7d00000, 0x00000000a7e00000|  0%| F|  |TAMS 0x00000000a7d00000, 0x00000000a7d00000| Untracked 
|  92|0x00000000a7e00000, 0x00000000a7e00000, 0x00000000a7f00000|  0%| F|  |TAMS 0x00000000a7e00000, 0x00000000a7e00000| Untracked 
|  93|0x00000000a7f00000, 0x00000000a7f00000, 0x00000000a8000000|  0%| F|  |TAMS 0x00000000a7f00000, 0x00000000a7f00000| Untracked 

Card table byte_map: [0x000002030eba0000,0x000002030ee90000] _byte_map_base: 0x000002030e68f000

Marking Bits (Prev, Next): (CMBitMap*) 0x0000020308b42ca0, (CMBitMap*) 0x0000020308b42c60
 Prev Bits: [0x0000020310900000, 0x0000020312078000)
 Next Bits: [0x000002030f180000, 0x00000203108f8000)

Polling page: 0x0000020306ca0000

Metaspace:

Usage:
  Non-class:     30.11 MB used.
      Class:      4.44 MB used.
       Both:     34.55 MB used.

Virtual space:
  Non-class space:       32.00 MB reserved,      30.25 MB ( 95%) committed,  4 nodes.
      Class space:        1.00 GB reserved,       4.62 MB ( <1%) committed,  1 nodes.
             Both:        1.03 GB reserved,      34.88 MB (  3%) committed. 

Chunk freelists:
   Non-Class:  1.31 MB
       Class:  3.23 MB
        Both:  4.55 MB

MaxMetaspaceSize: unlimited
CompressedClassSpaceSize: 1.00 GB
Initial GC threshold: 21.00 MB
Current GC threshold: 35.25 MB
CDS: off
MetaspaceReclaimPolicy: balanced
 - commit_granule_bytes: 65536.
 - commit_granule_words: 8192.
 - virtual_space_node_default_size: 1048576.
 - enlarge_chunks_in_place: 1.
 - new_chunks_are_fully_committed: 0.
 - uncommit_free_chunks: 1.
 - use_allocation_guard: 0.
 - handle_deallocations: 1.


Internal statistics:

num_allocs_failed_limit: 3.
num_arena_births: 336.
num_arena_deaths: 0.
num_vsnodes_births: 5.
num_vsnodes_deaths: 0.
num_space_committed: 558.
num_space_uncommitted: 0.
num_chunks_returned_to_freelist: 3.
num_chunks_taken_from_freelist: 1361.
num_chunk_merges: 3.
num_chunk_splits: 925.
num_chunks_enlarged: 702.
num_purges: 0.
num_inconsistent_stats: 0.

CodeCache: size=49152Kb used=8779Kb max_used=8779Kb free=40372Kb
 bounds [0x000002030b790000, 0x000002030c030000, 0x000002030e790000]
 total_blobs=4133 nmethods=3609 adapters=448
 compilation: enabled
              stopped_count=0, restarted_count=0
 full_count=0

Compilation events (20 events):
Event: 2.370 Thread 0x0000020315f9e720 3600       1       javolution.text.Text::getChars (140 bytes)
Event: 2.370 Thread 0x000002031572fc70 3601       1       org.springframework.ide.vscode.commons.util.text.linetracker.AbstractLineTracker$1::nextDelimiterInfo (10 bytes)
Event: 2.370 Thread 0x0000020315527cd0 nmethod 3598 0x000002030c01b710 code [0x000002030c01b900, 0x000002030c01bdc8]
Event: 2.370 Thread 0x0000020315527cd0 3602       1       org.springframework.ide.vscode.commons.util.text.linetracker.Line::<init> (24 bytes)
Event: 2.370 Thread 0x000002031572fc70 nmethod 3601 0x000002030c01bf90 code [0x000002030c01c120, 0x000002030c01c208]
Event: 2.370 Thread 0x0000020315527cd0 nmethod 3602 0x000002030c01c310 code [0x000002030c01c4a0, 0x000002030c01c5b8]
Event: 2.370 Thread 0x0000020315f9e720 nmethod 3600 0x000002030c01c610 code [0x000002030c01c800, 0x000002030c01cbd8]
Event: 2.371 Thread 0x0000020315ff9c80 nmethod 3597 0x000002030c01cd90 code [0x000002030c01d0e0, 0x000002030c01ddb8]
Event: 2.372 Thread 0x0000020315527cd0 3604       1       io.github.classgraph.ClasspathElement::maskClassfiles (191 bytes)
Event: 2.373 Thread 0x0000020315ff9c80 3605       1       com.google.gson.stream.JsonReader::nextName (116 bytes)
Event: 2.373 Thread 0x0000020315527cd0 nmethod 3604 0x000002030c01e990 code [0x000002030c01ece0, 0x000002030c01fb28]
Event: 2.373 Thread 0x0000020315f9e720 3606       1       jdk.internal.reflect.UnsafeObjectFieldAccessorImpl::set (56 bytes)
Event: 2.373 Thread 0x0000020315ff9c80 nmethod 3605 0x000002030c020490 code [0x000002030c0206e0, 0x000002030c020cc8]
Event: 2.374 Thread 0x0000020315ff9c80 3607       1       java.lang.invoke.LambdaForm$DMH/0x00000001001ac400::invokeStatic (31 bytes)
Event: 2.374 Thread 0x0000020315ff9c80 nmethod 3607 0x000002030c021010 code [0x000002030c0211c0, 0x000002030c0212b8]
Event: 2.374 Thread 0x0000020315f9e720 nmethod 3606 0x000002030c021390 code [0x000002030c0215c0, 0x000002030c021b88]
Event: 2.374 Thread 0x0000020315ff9c80 3608       1       com.google.gson.stream.JsonWriter::name (53 bytes)
Event: 2.375 Thread 0x0000020315ff9c80 nmethod 3608 0x000002030c021f90 code [0x000002030c022160, 0x000002030c022448]
Event: 2.377 Thread 0x0000020315f9e720 3609  s    1       java.lang.StringBuffer::toString (59 bytes)
Event: 2.377 Thread 0x0000020315f9e720 nmethod 3609 0x000002030c022590 code [0x000002030c022760, 0x000002030c022bf8]

GC Heap History (20 events):
Event: 1.047 GC heap after
{Heap after GC invocations=3 (full 0):
 garbage-first heap   total 96256K, used 11763K [0x00000000a2200000, 0x0000000100000000)
  region size 1024K, 4 young (4096K), 4 survivors (4096K)
 Metaspace       used 21269K, committed 21504K, reserved 1073152K
  class space    used 2606K, committed 2752K, reserved 1048576K
}
Event: 1.324 GC heap before
{Heap before GC invocations=4 (full 0):
 garbage-first heap   total 48128K, used 33267K [0x00000000a2200000, 0x0000000100000000)
  region size 1024K, 27 young (27648K), 4 survivors (4096K)
 Metaspace       used 24835K, committed 25024K, reserved 1073152K
  class space    used 3065K, committed 3136K, reserved 1048576K
}
Event: 1.329 GC heap after
{Heap after GC invocations=5 (full 0):
 garbage-first heap   total 48128K, used 13057K [0x00000000a2200000, 0x0000000100000000)
  region size 1024K, 3 young (3072K), 3 survivors (3072K)
 Metaspace       used 24835K, committed 25024K, reserved 1073152K
  class space    used 3065K, committed 3136K, reserved 1048576K
}
Event: 1.603 GC heap before
{Heap before GC invocations=5 (full 0):
 garbage-first heap   total 48128K, used 29441K [0x00000000a2200000, 0x0000000100000000)
  region size 1024K, 20 young (20480K), 3 survivors (3072K)
 Metaspace       used 27916K, committed 28160K, reserved 1081344K
  class space    used 3510K, committed 3648K, reserved 1048576K
}
Event: 1.609 GC heap after
{Heap after GC invocations=6 (full 0):
 garbage-first heap   total 58368K, used 16009K [0x00000000a2200000, 0x0000000100000000)
  region size 1024K, 3 young (3072K), 3 survivors (3072K)
 Metaspace       used 27916K, committed 28160K, reserved 1081344K
  class space    used 3510K, committed 3648K, reserved 1048576K
}
Event: 1.963 GC heap before
{Heap before GC invocations=6 (full 0):
 garbage-first heap   total 58368K, used 38537K [0x00000000a2200000, 0x0000000100000000)
  region size 1024K, 25 young (25600K), 3 survivors (3072K)
 Metaspace       used 32444K, committed 32704K, reserved 1081344K
  class space    used 4116K, committed 4224K, reserved 1048576K
}
Event: 1.969 GC heap after
{Heap after GC invocations=7 (full 0):
 garbage-first heap   total 58368K, used 18329K [0x00000000a2200000, 0x0000000100000000)
  region size 1024K, 4 young (4096K), 4 survivors (4096K)
 Metaspace       used 32444K, committed 32704K, reserved 1081344K
  class space    used 4116K, committed 4224K, reserved 1048576K
}
Event: 2.059 GC heap before
{Heap before GC invocations=7 (full 0):
 garbage-first heap   total 58368K, used 38809K [0x00000000a2200000, 0x0000000100000000)
  region size 1024K, 25 young (25600K), 4 survivors (4096K)
 Metaspace       used 33264K, committed 33536K, reserved 1081344K
  class space    used 4226K, committed 4352K, reserved 1048576K
}
Event: 2.065 GC heap after
{Heap after GC invocations=8 (full 0):
 garbage-first heap   total 58368K, used 22346K [0x00000000a2200000, 0x0000000100000000)
  region size 1024K, 4 young (4096K), 4 survivors (4096K)
 Metaspace       used 33264K, committed 33536K, reserved 1081344K
  class space    used 4226K, committed 4352K, reserved 1048576K
}
Event: 2.092 GC heap before
{Heap before GC invocations=8 (full 0):
 garbage-first heap   total 58368K, used 39754K [0x00000000a2200000, 0x0000000100000000)
  region size 1024K, 22 young (22528K), 4 survivors (4096K)
 Metaspace       used 33336K, committed 33600K, reserved 1081344K
  class space    used 4238K, committed 4352K, reserved 1048576K
}
Event: 2.096 GC heap after
{Heap after GC invocations=9 (full 0):
 garbage-first heap   total 58368K, used 25891K [0x00000000a2200000, 0x0000000100000000)
  region size 1024K, 3 young (3072K), 3 survivors (3072K)
 Metaspace       used 33336K, committed 33600K, reserved 1081344K
  class space    used 4238K, committed 4352K, reserved 1048576K
}
Event: 2.139 GC heap before
{Heap before GC invocations=9 (full 0):
 garbage-first heap   total 58368K, used 41251K [0x00000000a2200000, 0x0000000100000000)
  region size 1024K, 18 young (18432K), 3 survivors (3072K)
 Metaspace       used 33714K, committed 34048K, reserved 1081344K
  class space    used 4296K, committed 4480K, reserved 1048576K
}
Event: 2.143 GC heap after
{Heap after GC invocations=10 (full 0):
 garbage-first heap   total 91136K, used 29129K [0x00000000a2200000, 0x0000000100000000)
  region size 1024K, 3 young (3072K), 3 survivors (3072K)
 Metaspace       used 33714K, committed 34048K, reserved 1081344K
  class space    used 4296K, committed 4480K, reserved 1048576K
}
Event: 2.210 GC heap before
{Heap before GC invocations=10 (full 0):
 garbage-first heap   total 91136K, used 63945K [0x00000000a2200000, 0x0000000100000000)
  region size 1024K, 37 young (37888K), 3 survivors (3072K)
 Metaspace       used 34188K, committed 34496K, reserved 1081344K
  class space    used 4362K, committed 4544K, reserved 1048576K
}
Event: 2.214 GC heap after
{Heap after GC invocations=11 (full 0):
 garbage-first heap   total 91136K, used 34936K [0x00000000a2200000, 0x0000000100000000)
  region size 1024K, 5 young (5120K), 5 survivors (5120K)
 Metaspace       used 34188K, committed 34496K, reserved 1081344K
  class space    used 4362K, committed 4544K, reserved 1048576K
}
Event: 2.252 GC heap before
{Heap before GC invocations=11 (full 0):
 garbage-first heap   total 91136K, used 64632K [0x00000000a2200000, 0x0000000100000000)
  region size 1024K, 34 young (34816K), 5 survivors (5120K)
 Metaspace       used 34366K, committed 34688K, reserved 1081344K
  class space    used 4389K, committed 4544K, reserved 1048576K
}
Event: 2.259 GC heap after
{Heap after GC invocations=12 (full 0):
 garbage-first heap   total 91136K, used 43161K [0x00000000a2200000, 0x0000000100000000)
  region size 1024K, 5 young (5120K), 5 survivors (5120K)
 Metaspace       used 34366K, committed 34688K, reserved 1081344K
  class space    used 4389K, committed 4544K, reserved 1048576K
}
Event: 2.348 GC heap before
{Heap before GC invocations=12 (full 0):
 garbage-first heap   total 91136K, used 65689K [0x00000000a2200000, 0x0000000100000000)
  region size 1024K, 28 young (28672K), 5 survivors (5120K)
 Metaspace       used 35015K, committed 35392K, reserved 1081344K
  class space    used 4485K, committed 4672K, reserved 1048576K
}
Event: 2.353 GC heap after
{Heap after GC invocations=13 (full 0):
 garbage-first heap   total 91136K, used 48293K [0x00000000a2200000, 0x0000000100000000)
  region size 1024K, 4 young (4096K), 4 survivors (4096K)
 Metaspace       used 35015K, committed 35392K, reserved 1081344K
  class space    used 4485K, committed 4672K, reserved 1048576K
}
Event: 2.378 GC heap before
{Heap before GC invocations=13 (full 0):
 garbage-first heap   total 91136K, used 53413K [0x00000000a2200000, 0x0000000100000000)
  region size 1024K, 10 young (10240K), 4 survivors (4096K)
 Metaspace       used 35382K, committed 35712K, reserved 1081344K
  class space    used 4550K, committed 4736K, reserved 1048576K
}

Deoptimization events (12 events):
Event: 1.024 Thread 0x0000020308af5b20 DEOPT PACKING pc=0x000002030bce2419 sp=0x000000e13d0fcfe0
Event: 1.024 Thread 0x0000020308af5b20 DEOPT UNPACKING pc=0x000002030b7e2b43 sp=0x000000e13d0fc4c0 mode 3
Event: 1.931 Thread 0x0000020308af5b20 DEOPT PACKING pc=0x000002030be53519 sp=0x000000e13d0fc3c0
Event: 1.931 Thread 0x0000020308af5b20 DEOPT UNPACKING pc=0x000002030b7e2b43 sp=0x000000e13d0fb8a0 mode 3
Event: 1.986 Thread 0x0000020317454820 DEOPT PACKING pc=0x000002030bea77ab sp=0x000000e13effe750
Event: 1.986 Thread 0x0000020317454820 DEOPT UNPACKING pc=0x000002030b7e2b43 sp=0x000000e13effdc98 mode 3
Event: 2.052 Thread 0x0000020317613e00 DEOPT PACKING pc=0x000002030bce0e01 sp=0x000000e13f8fed30
Event: 2.052 Thread 0x0000020317613e00 DEOPT UNPACKING pc=0x000002030b7e2b43 sp=0x000000e13f8fe1c0 mode 3
Event: 2.097 Thread 0x00000203175f8200 DEOPT PACKING pc=0x000002030bcddc17 sp=0x000000e13f2fec00
Event: 2.097 Thread 0x00000203175f8200 DEOPT UNPACKING pc=0x000002030b7e2b43 sp=0x000000e13f2fe058 mode 3
Event: 2.341 Thread 0x0000020317615140 DEOPT PACKING pc=0x000002030c014f35 sp=0x000000e1401fd7f0
Event: 2.342 Thread 0x0000020317615140 DEOPT UNPACKING pc=0x000002030b7e2b43 sp=0x000000e1401fcd08 mode 3

Classes unloaded (0 events):
No events

Classes redefined (0 events):
No events

Internal exceptions (20 events):
Event: 2.007 Thread 0x00000203175fda70 Exception <a 'sun/nio/fs/WindowsException'{0x00000000a63778e0}> (0x00000000a63778e0) 
thrown [s\src\hotspot\share\prims\jni.cpp, line 516]
Event: 2.007 Thread 0x00000203175fda70 Exception <a 'sun/nio/fs/WindowsException'{0x00000000a6377c70}> (0x00000000a6377c70) 
thrown [s\src\hotspot\share\prims\jni.cpp, line 516]
Event: 2.008 Thread 0x00000203175fda70 Exception <a 'sun/nio/fs/WindowsException'{0x00000000a6378668}> (0x00000000a6378668) 
thrown [s\src\hotspot\share\prims\jni.cpp, line 516]
Event: 2.008 Thread 0x00000203175fda70 Exception <a 'sun/nio/fs/WindowsException'{0x00000000a6378a18}> (0x00000000a6378a18) 
thrown [s\src\hotspot\share\prims\jni.cpp, line 516]
Event: 2.008 Thread 0x00000203175fda70 Exception <a 'sun/nio/fs/WindowsException'{0x00000000a6379400}> (0x00000000a6379400) 
thrown [s\src\hotspot\share\prims\jni.cpp, line 516]
Event: 2.008 Thread 0x00000203175fda70 Exception <a 'sun/nio/fs/WindowsException'{0x00000000a63797a0}> (0x00000000a63797a0) 
thrown [s\src\hotspot\share\prims\jni.cpp, line 516]
Event: 2.008 Thread 0x00000203175fda70 Exception <a 'sun/nio/fs/WindowsException'{0x00000000a637a198}> (0x00000000a637a198) 
thrown [s\src\hotspot\share\prims\jni.cpp, line 516]
Event: 2.008 Thread 0x00000203175fda70 Exception <a 'sun/nio/fs/WindowsException'{0x00000000a637a548}> (0x00000000a637a548) 
thrown [s\src\hotspot\share\prims\jni.cpp, line 516]
Event: 2.008 Thread 0x00000203175fda70 Exception <a 'sun/nio/fs/WindowsException'{0x00000000a637af58}> (0x00000000a637af58) 
thrown [s\src\hotspot\share\prims\jni.cpp, line 516]
Event: 2.008 Thread 0x00000203175fda70 Exception <a 'sun/nio/fs/WindowsException'{0x00000000a637b328}> (0x00000000a637b328) 
thrown [s\src\hotspot\share\prims\jni.cpp, line 516]
Event: 2.008 Thread 0x00000203175fda70 Exception <a 'sun/nio/fs/WindowsException'{0x00000000a637bd50}> (0x00000000a637bd50) 
thrown [s\src\hotspot\share\prims\jni.cpp, line 516]
Event: 2.008 Thread 0x00000203175fda70 Exception <a 'sun/nio/fs/WindowsException'{0x00000000a637c138}> (0x00000000a637c138) 
thrown [s\src\hotspot\share\prims\jni.cpp, line 516]
Event: 2.008 Thread 0x00000203175fda70 Exception <a 'sun/nio/fs/WindowsException'{0x00000000a637cb58}> (0x00000000a637cb58) 
thrown [s\src\hotspot\share\prims\jni.cpp, line 516]
Event: 2.009 Thread 0x00000203175fda70 Exception <a 'sun/nio/fs/WindowsException'{0x00000000a637cf38}> (0x00000000a637cf38) 
thrown [s\src\hotspot\share\prims\jni.cpp, line 516]
Event: 2.045 Thread 0x0000020308af5b20 Exception <a 'java/lang/NoSuchMethodError'{0x00000000a4dca268}: 'java.lang.Object java.lang.invoke.DirectMethodHandle$Holder.newInvokeSpecial(java.lang.Object, java.lang.Object, int, java.lang.Object, java.lang.Object)'> (0x00000000a4dca268) 
thrown [s\src\hotspot\share\interpreter\linkResolver.cpp, line 759]
Event: 2.048 Thread 0x0000020308af5b20 Exception <a 'java/lang/NoSuchMethodError'{0x00000000a4ddc220}: 'java.lang.Object java.lang.invoke.DirectMethodHandle$Holder.invokeSpecial(java.lang.Object, java.lang.Object, int, java.lang.Object, int, java.lang.Object)'> (0x00000000a4ddc220) 
thrown [s\src\hotspot\share\interpreter\linkResolver.cpp, line 759]
Event: 2.049 Thread 0x0000020308af5b20 Exception <a 'java/lang/NoSuchMethodError'{0x00000000a48027c0}: 'java.lang.Object java.lang.invoke.DirectMethodHandle$Holder.newInvokeSpecial(java.lang.Object, java.lang.Object, int, java.lang.Object, int)'> (0x00000000a48027c0) 
thrown [s\src\hotspot\share\interpreter\linkResolver.cpp, line 759]
Event: 2.050 Thread 0x0000020308af5b20 Exception <a 'java/lang/NoSuchMethodError'{0x00000000a48068c0}: 'java.lang.Object java.lang.invoke.DirectMethodHandle$Holder.invokeSpecial(java.lang.Object, java.lang.Object, java.lang.Object, int, java.lang.Object, int)'> (0x00000000a48068c0) 
thrown [s\src\hotspot\share\interpreter\linkResolver.cpp, line 759]
Event: 2.336 Thread 0x0000020317614c70 Exception <a 'java/lang/NoSuchMethodError'{0x00000000a65689a0}: 'java.lang.Object java.lang.invoke.DirectMethodHandle$Holder.invokeStatic(java.lang.Object, java.lang.Object, java.lang.Object, int, java.lang.Object, java.lang.Object)'> (0x00000000a65689a0) 
thrown [s\src\hotspot\share\interpreter\linkResolver.cpp, line 759]
Event: 2.337 Thread 0x0000020317615140 Exception <a 'java/lang/NoSuchMethodError'{0x00000000a6582ce8}: 'java.lang.Object java.lang.invoke.DirectMethodHandle$Holder.invokeStatic(java.lang.Object, int, java.lang.Object)'> (0x00000000a6582ce8) 
thrown [s\src\hotspot\share\interpreter\linkResolver.cpp, line 759]

VM Operations (20 events):
Event: 1.969 Executing VM operation: G1CollectForAllocation done
Event: 2.058 Executing VM operation: G1CollectForAllocation
Event: 2.058 Executing VM operation: G1CollectForAllocation done
Event: 2.059 Executing VM operation: G1CollectForAllocation
Event: 2.065 Executing VM operation: G1CollectForAllocation done
Event: 2.092 Executing VM operation: G1CollectForAllocation
Event: 2.096 Executing VM operation: G1CollectForAllocation done
Event: 2.114 Executing VM operation: HandshakeAllThreads
Event: 2.114 Executing VM operation: HandshakeAllThreads done
Event: 2.139 Executing VM operation: G1CollectForAllocation
Event: 2.143 Executing VM operation: G1CollectForAllocation done
Event: 2.210 Executing VM operation: G1CollectForAllocation
Event: 2.215 Executing VM operation: G1CollectForAllocation done
Event: 2.222 Executing VM operation: HandshakeAllThreads
Event: 2.222 Executing VM operation: HandshakeAllThreads done
Event: 2.252 Executing VM operation: G1CollectForAllocation
Event: 2.259 Executing VM operation: G1CollectForAllocation done
Event: 2.348 Executing VM operation: G1CollectForAllocation
Event: 2.353 Executing VM operation: G1CollectForAllocation done
Event: 2.377 Executing VM operation: G1TryInitiateConcMark

Events (20 events):
Event: 2.334 loading class java/util/concurrent/CompletableFuture$UniHandle
Event: 2.334 loading class java/util/concurrent/CompletableFuture$UniHandle done
Event: 2.335 loading class jdk/internal/reflect/UnsafeIntegerFieldAccessorImpl
Event: 2.335 loading class jdk/internal/reflect/UnsafeIntegerFieldAccessorImpl done
Event: 2.360 loading class java/util/concurrent/locks/ReadWriteLock
Event: 2.360 loading class java/util/concurrent/locks/ReadWriteLock done
Event: 2.363 loading class java/util/concurrent/atomic/AtomicLongFieldUpdater
Event: 2.363 loading class java/util/concurrent/atomic/AtomicLongFieldUpdater done
Event: 2.363 loading class java/util/concurrent/atomic/AtomicLongFieldUpdater$CASUpdater
Event: 2.364 loading class java/util/ServiceConfigurationError
Event: 2.364 loading class java/util/ServiceConfigurationError done
Event: 2.364 loading class java/util/concurrent/atomic/AtomicLongFieldUpdater$CASUpdater done
Event: 2.364 loading class java/util/concurrent/atomic/AtomicLongFieldUpdater$CASUpdater$1
Event: 2.364 loading class java/util/concurrent/atomic/AtomicLongFieldUpdater$CASUpdater$1 done
Event: 2.366 Thread 0x0000020317613930 Thread added: 0x0000020317613930
Event: 2.369 Thread 0x0000020319226ed0 Thread added: 0x0000020319226ed0
Event: 2.371 Thread 0x0000020319228bb0 Thread added: 0x0000020319228bb0
Event: 2.372 Thread 0x0000020319229ef0 Thread added: 0x0000020319229ef0
Event: 2.377 loading class java/util/concurrent/ConcurrentHashMap$ValueSpliterator
Event: 2.377 loading class java/util/concurrent/ConcurrentHashMap$ValueSpliterator done


Dynamic libraries:
0x00007ff6db040000 - 0x00007ff6db04e000 	c:\Users\ARS\.vscode\extensions\redhat.java-1.10.0-win32-x64\jre\17.0.4-win32-x86_64\bin\java.exe
0x00007ff8efe70000 - 0x00007ff8f0068000 	C:\Windows\SYSTEM32\ntdll.dll
0x00007ff8edfe0000 - 0x00007ff8ee09d000 	C:\Windows\System32\KERNEL32.DLL
0x00007ff8eda40000 - 0x00007ff8edd0e000 	C:\Windows\System32\KERNELBASE.dll
0x00007ff8ed710000 - 0x00007ff8ed810000 	C:\Windows\System32\ucrtbase.dll
0x00007ff8db3b0000 - 0x00007ff8db3c9000 	c:\Users\ARS\.vscode\extensions\redhat.java-1.10.0-win32-x64\jre\17.0.4-win32-x86_64\bin\VCRUNTIME140.dll
0x00007ff8e8bc0000 - 0x00007ff8e8bd8000 	c:\Users\ARS\.vscode\extensions\redhat.java-1.10.0-win32-x64\jre\17.0.4-win32-x86_64\bin\jli.dll
0x00007ff8ef070000 - 0x00007ff8ef210000 	C:\Windows\System32\USER32.dll
0x00007ff8db490000 - 0x00007ff8db72a000 	C:\Windows\WinSxS\amd64_microsoft.windows.common-controls_6595b64144ccf1df_6.0.19041.1110_none_60b5254171f9507e\COMCTL32.dll
0x00007ff8ed8b0000 - 0x00007ff8ed8d2000 	C:\Windows\System32\win32u.dll
0x00007ff8ef990000 - 0x00007ff8efa2e000 	C:\Windows\System32\msvcrt.dll
0x00007ff8efc80000 - 0x00007ff8efcaa000 	C:\Windows\System32\GDI32.dll
0x00007ff8eddc0000 - 0x00007ff8edecb000 	C:\Windows\System32\gdi32full.dll
0x00007ff8ed810000 - 0x00007ff8ed8ad000 	C:\Windows\System32\msvcp_win.dll
0x00007ff8efcb0000 - 0x00007ff8efce0000 	C:\Windows\System32\IMM32.DLL
0x00007ff8e8bb0000 - 0x00007ff8e8bbc000 	c:\Users\ARS\.vscode\extensions\redhat.java-1.10.0-win32-x64\jre\17.0.4-win32-x86_64\bin\vcruntime140_1.dll
0x00007ff8afb60000 - 0x00007ff8afbf1000 	c:\Users\ARS\.vscode\extensions\redhat.java-1.10.0-win32-x64\jre\17.0.4-win32-x86_64\bin\msvcp140.dll
0x00007ff87d2b0000 - 0x00007ff87def6000 	c:\Users\ARS\.vscode\extensions\redhat.java-1.10.0-win32-x64\jre\17.0.4-win32-x86_64\bin\server\jvm.dll
0x00007ff8eeb90000 - 0x00007ff8eec3e000 	C:\Windows\System32\ADVAPI32.dll
0x00007ff8ef8f0000 - 0x00007ff8ef98c000 	C:\Windows\System32\sechost.dll
0x00007ff8ee0a0000 - 0x00007ff8ee1c5000 	C:\Windows\System32\RPCRT4.dll
0x00007ff8efc70000 - 0x00007ff8efc78000 	C:\Windows\System32\PSAPI.DLL
0x00007ff8d2b90000 - 0x00007ff8d2b99000 	C:\Windows\SYSTEM32\WSOCK32.dll
0x00007ff8e2230000 - 0x00007ff8e2257000 	C:\Windows\SYSTEM32\WINMM.dll
0x00007ff8e4060000 - 0x00007ff8e406a000 	C:\Windows\SYSTEM32\VERSION.dll
0x00007ff8ee3d0000 - 0x00007ff8ee43b000 	C:\Windows\System32\WS2_32.dll
0x00007ff8ebe00000 - 0x00007ff8ebe12000 	C:\Windows\SYSTEM32\kernel.appcore.dll
0x00007ff8e7fa0000 - 0x00007ff8e7faa000 	c:\Users\ARS\.vscode\extensions\redhat.java-1.10.0-win32-x64\jre\17.0.4-win32-x86_64\bin\jimage.dll
0x00007ff8eb3f0000 - 0x00007ff8eb5d4000 	C:\Windows\SYSTEM32\DBGHELP.DLL
0x00007ff8d5bf0000 - 0x00007ff8d5c1c000 	C:\Windows\SYSTEM32\dbgcore.DLL
0x00007ff8ed680000 - 0x00007ff8ed702000 	C:\Windows\System32\bcryptPrimitives.dll
0x00007ff8da980000 - 0x00007ff8da9a5000 	c:\Users\ARS\.vscode\extensions\redhat.java-1.10.0-win32-x64\jre\17.0.4-win32-x86_64\bin\java.dll
0x00007ff8cf750000 - 0x00007ff8cf768000 	c:\Users\ARS\.vscode\extensions\redhat.java-1.10.0-win32-x64\jre\17.0.4-win32-x86_64\bin\zip.dll
0x00007ff8ee440000 - 0x00007ff8eeb83000 	C:\Windows\System32\SHELL32.dll
0x00007ff8eb620000 - 0x00007ff8ebdb5000 	C:\Windows\SYSTEM32\windows.storage.dll
0x00007ff8eed10000 - 0x00007ff8ef064000 	C:\Windows\System32\combase.dll
0x00007ff8ecf80000 - 0x00007ff8ecfb0000 	C:\Windows\SYSTEM32\Wldp.dll
0x00007ff8edf30000 - 0x00007ff8edfdd000 	C:\Windows\System32\SHCORE.dll
0x00007ff8eded0000 - 0x00007ff8edf25000 	C:\Windows\System32\shlwapi.dll
0x00007ff8ed4d0000 - 0x00007ff8ed4ef000 	C:\Windows\SYSTEM32\profapi.dll
0x00007ff8cf730000 - 0x00007ff8cf749000 	C:\Users\ARS\.vscode\extensions\redhat.java-1.10.0-win32-x64\jre\17.0.4-win32-x86_64\bin\net.dll
0x00007ff8e5b80000 - 0x00007ff8e5c8a000 	C:\Windows\SYSTEM32\WINHTTP.dll
0x00007ff8ecc80000 - 0x00007ff8eccea000 	C:\Windows\system32\mswsock.dll
0x00007ff8cbc30000 - 0x00007ff8cbc45000 	C:\Users\ARS\.vscode\extensions\redhat.java-1.10.0-win32-x64\jre\17.0.4-win32-x86_64\bin\nio.dll
0x00007ff8e4d80000 - 0x00007ff8e4d90000 	c:\Users\ARS\.vscode\extensions\redhat.java-1.10.0-win32-x64\jre\17.0.4-win32-x86_64\bin\verify.dll
0x00007ff8e2960000 - 0x00007ff8e2969000 	C:\Users\ARS\.vscode\extensions\redhat.java-1.10.0-win32-x64\jre\17.0.4-win32-x86_64\bin\management.dll
0x00007ff8dfb30000 - 0x00007ff8dfb3b000 	C:\Users\ARS\.vscode\extensions\redhat.java-1.10.0-win32-x64\jre\17.0.4-win32-x86_64\bin\management_ext.dll
0x00007ff8999d0000 - 0x00007ff8999e7000 	C:\Windows\system32\napinsp.dll
0x00007ff8999b0000 - 0x00007ff8999cb000 	C:\Windows\system32\pnrpnsp.dll
0x00007ff8e81f0000 - 0x00007ff8e8205000 	C:\Windows\system32\wshbth.dll
0x00007ff8e8a90000 - 0x00007ff8e8aad000 	C:\Windows\system32\NLAapi.dll
0x00007ff8ec950000 - 0x00007ff8ec98b000 	C:\Windows\SYSTEM32\IPHLPAPI.DLL
0x00007ff8ec990000 - 0x00007ff8eca5a000 	C:\Windows\SYSTEM32\DNSAPI.dll
0x00007ff8eeca0000 - 0x00007ff8eeca8000 	C:\Windows\System32\NSI.dll
0x00007ff899620000 - 0x00007ff899632000 	C:\Windows\System32\winrnr.dll
0x00007ff8dbe20000 - 0x00007ff8dbe2a000 	C:\Windows\System32\rasadhlp.dll
0x00007ff8df630000 - 0x00007ff8df6b0000 	C:\Windows\System32\fwpuclnt.dll
0x00007ff8ed590000 - 0x00007ff8ed5b7000 	C:\Windows\System32\bcrypt.dll
0x00007ff8ece70000 - 0x00007ff8ece88000 	C:\Windows\SYSTEM32\CRYPTSP.dll
0x00007ff8ec5d0000 - 0x00007ff8ec604000 	C:\Windows\system32\rsaenh.dll
0x00007ff8ed490000 - 0x00007ff8ed4be000 	C:\Windows\SYSTEM32\USERENV.dll
0x00007ff8ece90000 - 0x00007ff8ece9c000 	C:\Windows\SYSTEM32\CRYPTBASE.dll
0x00007ff8e3660000 - 0x00007ff8e3677000 	C:\Windows\SYSTEM32\dhcpcsvc6.DLL
0x00007ff8e3f70000 - 0x00007ff8e3f8d000 	C:\Windows\SYSTEM32\dhcpcsvc.DLL

dbghelp: loaded successfully - version: 4.0.5 - missing functions: none
symbol engine: initialized successfully - sym options: 0x614 - pdb path: .;c:\Users\ARS\.vscode\extensions\redhat.java-1.10.0-win32-x64\jre\17.0.4-win32-x86_64\bin;C:\Windows\SYSTEM32;C:\Windows\WinSxS\amd64_microsoft.windows.common-controls_6595b64144ccf1df_6.0.19041.1110_none_60b5254171f9507e;c:\Users\ARS\.vscode\extensions\redhat.java-1.10.0-win32-x64\jre\17.0.4-win32-x86_64\bin\server

VM Arguments:
jvm_args: -Dsts.lsp.client=vscode -Dsts.log.file=/dev/null -XX:TieredStopAtLevel=1 -Xlog:jni+resolve=off -Dspring.config.location=file:c:\Users\ARS\.vscode\extensions\pivotal.vscode-spring-boot-1.39.0\language-server\BOOT-INF\classes\application.properties 
java_command: org.springframework.ide.vscode.boot.app.BootLanguageServerBootApp
java_class_path (initial): c:\Users\ARS\.vscode\extensions\pivotal.vscode-spring-boot-1.39.0\language-server\BOOT-INF\classes;c:\Users\ARS\.vscode\extensions\pivotal.vscode-spring-boot-1.39.0\language-server\BOOT-INF\lib\annotations-23.0.0.jar;c:\Users\ARS\.vscode\extensions\pivotal.vscode-spring-boot-1.39.0\language-server\BOOT-INF\lib\antlr-runtime-3.5.2.jar;c:\Users\ARS\.vscode\extensions\pivotal.vscode-spring-boot-1.39.0\language-server\BOOT-INF\lib\antlr4-4.9.3.jar;c:\Users\ARS\.vscode\extensions\pivotal.vscode-spring-boot-1.39.0\language-server\BOOT-INF\lib\antlr4-runtime-4.9.3.jar;c:\Users\ARS\.vscode\extensions\pivotal.vscode-spring-boot-1.39.0\language-server\BOOT-INF\lib\asm-9.3.jar;c:\Users\ARS\.vscode\extensions\pivotal.vscode-spring-boot-1.39.0\language-server\BOOT-INF\lib\asm-analysis-9.3.jar;c:\Users\ARS\.vscode\extensions\pivotal.vscode-spring-boot-1.39.0\language-server\BOOT-INF\lib\asm-tree-9.3.jar;c:\Users\ARS\.vscode\extensions\pivotal.vscode-spring-boot-1.39.0\language-server\BOOT-INF\lib\asm-util-9.3.jar;c:\Users\ARS\.vscode\extensions\pivotal.vscode-spring-boot-1.39.0\language-server\BOOT-INF\lib\byte-buddy-1.12.13.jar;c:\Users\ARS\.vscode\extensions\pivotal.vscode-spring-boot-1.39.0\language-server\BOOT-INF\lib\caffeine-2.9.3.jar;c:\Users\ARS\.vscode\extensions\pivotal.vscode-spring-boot-1.39.0\language-server\BOOT-INF\lib\checker-qual-3.12.0.jar;c:\Users\ARS\.vscode\extensions\pivotal.vscode-spring-boot-1.39.0\language-server\BOOT-INF\lib\classgraph-4.8.149.jar;c:\Users\ARS\.vscode\extensions\pivotal.vscode-spring-boot-1.39.0\language-server\BOOT-INF\lib\commons-codec-1.15.jar;c:\Users\ARS\.vscode\extensions\pivotal.vscode-spring-boot-1.39.0\language-server\BOOT-INF\lib\commons-compress-1.21.jar;c:\Users\ARS\.vscode\extensions\pivotal.vscode-spring-boot-1.39.0\language-server\BOOT-INF\lib\commons-exec-1.3.jar;c:\Users\ARS\.vscode\extensions\pivotal.vscode-spring-boot-1.39.0\language-server\BOOT-INF\lib\commons-io-2.4.jar;c:\Users\ARS\.vsco
Launcher Type: SUN_STANDARD

[Global flags]
     intx CICompilerCount                          = 4                                         {product} {ergonomic}
     uint ConcGCThreads                            = 2                                         {product} {ergonomic}
     uint G1ConcRefinementThreads                  = 8                                         {product} {ergonomic}
   size_t G1HeapRegionSize                         = 1048576                                   {product} {ergonomic}
    uintx GCDrainStackTargetSize                   = 64                                        {product} {ergonomic}
   size_t InitialHeapSize                          = 98566144                                  {product} {ergonomic}
   size_t MarkStackSize                            = 4194304                                   {product} {ergonomic}
   size_t MaxHeapSize                              = 1574961152                                {product} {ergonomic}
   size_t MaxNewSize                               = 944766976                                 {product} {ergonomic}
   size_t MinHeapDeltaBytes                        = 1048576                                   {product} {ergonomic}
   size_t MinHeapSize                              = 8388608                                   {product} {ergonomic}
    uintx NonProfiledCodeHeapSize                  = 0                                      {pd product} {ergonomic}
     bool ProfileInterpreter                       = false                                  {pd product} {command line}
    uintx ProfiledCodeHeapSize                     = 0                                      {pd product} {ergonomic}
   size_t SoftMaxHeapSize                          = 1574961152                             {manageable} {ergonomic}
     intx TieredStopAtLevel                        = 1                                         {product} {command line}
     bool UseCompressedClassPointers               = true                           {product lp64_product} {ergonomic}
     bool UseCompressedOops                        = true                           {product lp64_product} {ergonomic}
     bool UseG1GC                                  = true                                      {product} {ergonomic}
     bool UseLargePagesIndividualAllocation        = false                                  {pd product} {ergonomic}

Logging:
Log output configuration:
 #0: stdout all=warning,jni+resolve=off uptime,level,tags
 #1: stderr all=off uptime,level,tags

Environment Variables:
JAVA_HOME=C:\Program Files\Java\openjdk-11.0.14.9-1
PATH=C:\Program Files\Java\openjdk-11.0.14.9-1\bin;C:\Program Files (x86)\Common Files\Oracle\Java\javapath;C:\Windows\system32;C:\Windows;C:\Windows\System32\Wbem;C:\Windows\System32\WindowsPowerShell\v1.0\;C:\Windows\System32\OpenSSH\;C:\Program Files (x86)\Microsoft SQL Server\150\DTS\Binn\;C:\Program Files\Azure Data Studio\bin;D:\Instalation Apk\Git\cmd;C:\Program Files\nodejs;D:\1. Kerja\Spring boot\apache-maven-3.8.4\bin;C:\Program Files\Go\bin;C:\Program Files\PostgreSQL\14\bin;;C:\Program Files\Docker\Docker\resources\bin;C:\ProgramData\DockerDesktop\version-bin;C:\Users\ARS\AppData\Local\Microsoft\WindowsApps;;D:\Instalation Apk\Microsoft VS Code\bin;C:\Program Files\Azure Data Studio\bin;C:\Users\ARS\AppData\Roaming\npm;C:\Program Files\JetBrains\IntelliJ IDEA Community Edition 2022.2.1\bin;;C:\Users\ARS\go\bin
USERNAME=ARS
OS=Windows_NT
PROCESSOR_IDENTIFIER=AMD64 Family 23 Model 104 Stepping 1, AuthenticAMD
TMP=C:\Users\ARS\AppData\Local\Temp
TEMP=C:\Users\ARS\AppData\Local\Temp



---------------  S Y S T E M  ---------------

OS:
 Windows 10 , 64 bit Build 19041 (10.0.19041.1889)
OS uptime: 0 days 7:18 hours
Hyper-V role detected

CPU: total 8 (initial active 8) (8 cores per cpu, 2 threads per core) family 23 model 104 stepping 1 microcode 0x0, cx8, cmov, fxsr, ht, mmx, 3dnowpref, sse, sse2, sse3, ssse3, sse4a, sse4.1, sse4.2, popcnt, lzcnt, tsc, tscinvbit, avx, avx2, aes, clmul, bmi1, bmi2, adx, sha, fma, vzeroupper, clflush, clflushopt, hv

Memory: 4k page, system-wide physical 6005M (307M free)
TotalPageFile size 24437M (AvailPageFile size 59M)
current process WorkingSet (physical memory assigned to process): 184M, peak: 184M
current process commit charge ("private bytes"): 230M, peak: 310M

vm_info: OpenJDK 64-Bit Server VM (17.0.4+8) for windows-amd64 JRE (17.0.4+8), built on Jul 19 2022 16:05:16 by "temurin" with MS VC++ 16.7 (VS2019)

END.
