#
# There is insufficient memory for the Java Runtime Environment to continue.
# Native memory allocation (mmap) failed to map 138412032 bytes for G1 virtual space
# Possible reasons:
#   The system is out of physical RAM or swap space
#   The process is running with CompressedOops enabled, and the Java Heap may be blocking the growth of the native heap
# Possible solutions:
#   Reduce memory load on the system
#   Increase physical memory or swap space
#   Check if swap backing store is full
#   Decrease Java heap size (-Xmx/-Xms)
#   Decrease number of Java threads
#   Decrease Java thread stack sizes (-Xss)
#   Set larger code cache with -XX:ReservedCodeCacheSize=
#   JVM is running with Unscaled Compressed Oops mode in which the Java heap is
#     placed in the first 4GB address space. The Java Heap base address is the
#     maximum limit for the native heap growth. Please use -XX:HeapBaseMinAddress
#     to set the Java Heap base and to place the Java Heap above 4GB virtual address.
# This output file may be truncated or incomplete.
#
#  Out of Memory Error (os_windows.cpp:3541), pid=18680, tid=19224
#
# JRE version: OpenJDK Runtime Environment Temurin-17.0.4+8 (17.0.4+8) (build 17.0.4+8)
# Java VM: OpenJDK 64-Bit Server VM Temurin-17.0.4+8 (17.0.4+8, mixed mode, emulated-client, tiered, compressed oops, compressed class ptrs, g1 gc, windows-amd64)
# No core dump will be written. Minidumps are not enabled by default on client versions of Windows
#

---------------  S U M M A R Y ------------

Command Line: -Dsts.lsp.client=vscode -Dsts.log.file=/dev/null -XX:TieredStopAtLevel=1 -Xlog:jni+resolve=off -Dspring.config.location=file:c:\Users\ARS\.vscode\extensions\pivotal.vscode-spring-boot-1.39.0\language-server\BOOT-INF\classes\application.properties org.springframework.ide.vscode.boot.app.BootLanguageServerBootApp

Host: AMD Ryzen 3 5300U with Radeon Graphics         , 8 cores, 5G,  Windows 10 , 64 bit Build 19041 (10.0.19041.1889)
Time: Wed Sep 21 16:01:38 2022 SE Asia Standard Time elapsed time: 2.531371 seconds (0d 0h 0m 2s)

---------------  T H R E A D  ---------------

Current thread (0x000001a163b4e040):  VMThread "VM Thread" [stack: 0x00000056e5900000,0x00000056e5a00000] [id=19224]

Stack: [0x00000056e5900000,0x00000056e5a00000]
Native frames: (J=compiled Java code, j=interpreted, Vv=VM code, C=native code)
V  [jvm.dll+0x67733a]
V  [jvm.dll+0x8323c4]
V  [jvm.dll+0x833b6e]
V  [jvm.dll+0x8341d3]
V  [jvm.dll+0x2455e5]
V  [jvm.dll+0x674229]
V  [jvm.dll+0x668ab2]
V  [jvm.dll+0x30458b]
V  [jvm.dll+0x30bad6]
V  [jvm.dll+0x35ba7e]
V  [jvm.dll+0x35bcaf]
V  [jvm.dll+0x2db428]
V  [jvm.dll+0x2d96dc]
V  [jvm.dll+0x2d8cac]
V  [jvm.dll+0x31cc0b]
V  [jvm.dll+0x83867b]
V  [jvm.dll+0x8393b4]
V  [jvm.dll+0x8398cc]
V  [jvm.dll+0x839ca4]
V  [jvm.dll+0x839d70]
V  [jvm.dll+0x7e245a]
V  [jvm.dll+0x6761c5]
C  [ucrtbase.dll+0x21bb2]
C  [KERNEL32.DLL+0x17034]
C  [ntdll.dll+0x526a1]

VM_Operation (0x00000056e71fe1e0): G1CollectForAllocation, mode: safepoint, requested by thread 0x000001a166576290


---------------  P R O C E S S  ---------------

Threads class SMR info:
_java_thread_list=0x000001a168213fd0, length=38, elements={
0x000001a163b63390, 0x000001a163b66120, 0x000001a163ba1530, 0x000001a163ba40c0,
0x000001a163ba69a0, 0x000001a163ba7260, 0x000001a163bafb30, 0x000001a163bb1170,
0x000001a1646fdf70, 0x000001a16470e730, 0x000001a16471ac30, 0x000001a164fef9e0,
0x000001a1662c1030, 0x000001a1664add70, 0x000001a166576290, 0x000001a166576760,
0x000001a166614c60, 0x000001a166615130, 0x000001a166616220, 0x000001a16661e700,
0x000001a16656c840, 0x000001a16656bea0, 0x000001a16656cd10, 0x000001a16656c370,
0x000001a16656d1e0, 0x000001a16656d6b0, 0x000001a166633970, 0x000001a166635b20,
0x000001a166632b00, 0x000001a166632fd0, 0x000001a166637cd0, 0x000001a1666381a0,
0x000001a166631c90, 0x000001a166630e20, 0x000001a166633e40, 0x000001a1666347e0,
0x000001a1666312f0, 0x000001a1666317c0
}

Java Threads: ( => current thread )
  0x000001a163b63390 JavaThread "Reference Handler" daemon [_thread_blocked, id=12608, stack(0x00000056e5a00000,0x00000056e5b00000)]
  0x000001a163b66120 JavaThread "Finalizer" daemon [_thread_blocked, id=21292, stack(0x00000056e5b00000,0x00000056e5c00000)]
  0x000001a163ba1530 JavaThread "Signal Dispatcher" daemon [_thread_blocked, id=10168, stack(0x00000056e5c00000,0x00000056e5d00000)]
  0x000001a163ba40c0 JavaThread "Attach Listener" daemon [_thread_blocked, id=22040, stack(0x00000056e5d00000,0x00000056e5e00000)]
  0x000001a163ba69a0 JavaThread "Service Thread" daemon [_thread_blocked, id=12776, stack(0x00000056e5e00000,0x00000056e5f00000)]
  0x000001a163ba7260 JavaThread "Monitor Deflation Thread" daemon [_thread_blocked, id=20612, stack(0x00000056e5f00000,0x00000056e6000000)]
  0x000001a163bafb30 JavaThread "C1 CompilerThread0" daemon [_thread_blocked, id=12184, stack(0x00000056e6000000,0x00000056e6100000)]
  0x000001a163bb1170 JavaThread "Sweeper thread" daemon [_thread_blocked, id=19200, stack(0x00000056e6100000,0x00000056e6200000)]
  0x000001a1646fdf70 JavaThread "C1 CompilerThread1" daemon [_thread_blocked, id=15548, stack(0x00000056e6200000,0x00000056e6300000)]
  0x000001a16470e730 JavaThread "Notification Thread" daemon [_thread_blocked, id=19252, stack(0x00000056e6300000,0x00000056e6400000)]
  0x000001a16471ac30 JavaThread "Common-Cleaner" daemon [_thread_blocked, id=16728, stack(0x00000056e6500000,0x00000056e6600000)]
  0x000001a164fef9e0 JavaThread "C1 CompilerThread2" daemon [_thread_blocked, id=6168, stack(0x00000056e6600000,0x00000056e6700000)]
  0x000001a1662c1030 JavaThread "boundedElastic-evictor-1" daemon [_thread_blocked, id=12536, stack(0x00000056e6c00000,0x00000056e6d00000)]
  0x000001a1664add70 JavaThread "ForkJoinPool.commonPool-worker-1" daemon [_thread_blocked, id=10300, stack(0x00000056e7000000,0x00000056e7100000)]
  0x000001a166576290 JavaThread "ClassGraph-worker-0" daemon [_thread_blocked, id=5748, stack(0x00000056e7100000,0x00000056e7200000)]
  0x000001a166576760 JavaThread "ClassGraph-worker-1" daemon [_thread_blocked, id=19232, stack(0x00000056e7200000,0x00000056e7300000)]
  0x000001a166614c60 JavaThread "ClassGraph-worker-2" daemon [_thread_blocked, id=14508, stack(0x00000056e7300000,0x00000056e7400000)]
  0x000001a166615130 JavaThread "ClassGraph-worker-3" daemon [_thread_blocked, id=21872, stack(0x00000056e7400000,0x00000056e7500000)]
  0x000001a166616220 JavaThread "ClassGraph-worker-4" daemon [_thread_blocked, id=13916, stack(0x00000056e7500000,0x00000056e7600000)]
  0x000001a16661e700 JavaThread "ClassGraph-worker-5" daemon [_thread_blocked, id=2808, stack(0x00000056e7600000,0x00000056e7700000)]
  0x000001a16656c840 JavaThread "ClassGraph-worker-6" daemon [_thread_blocked, id=3520, stack(0x00000056e7700000,0x00000056e7800000)]
  0x000001a16656bea0 JavaThread "ClassGraph-worker-7" daemon [_thread_blocked, id=21424, stack(0x00000056e7800000,0x00000056e7900000)]
  0x000001a16656cd10 JavaThread "ClassGraph-worker-8" daemon [_thread_blocked, id=12500, stack(0x00000056e7900000,0x00000056e7a00000)]
  0x000001a16656c370 JavaThread "ClassGraph-worker-9" daemon [_thread_blocked, id=18944, stack(0x00000056e7a00000,0x00000056e7b00000)]
  0x000001a16656d1e0 JavaThread "ClassGraph-worker-10" daemon [_thread_blocked, id=13404, stack(0x00000056e7b00000,0x00000056e7c00000)]
  0x000001a16656d6b0 JavaThread "ClassGraph-worker-11" daemon [_thread_blocked, id=17264, stack(0x00000056e7c00000,0x00000056e7d00000)]
  0x000001a166633970 JavaThread "ClassGraph-worker-12" daemon [_thread_blocked, id=12948, stack(0x00000056e7d00000,0x00000056e7e00000)]
  0x000001a166635b20 JavaThread "ClassGraph-worker-13" daemon [_thread_blocked, id=20556, stack(0x00000056e7e00000,0x00000056e7f00000)]
  0x000001a166632b00 JavaThread "pool-9-thread-1" [_thread_blocked, id=11624, stack(0x00000056e7f00000,0x00000056e8000000)]
  0x000001a166632fd0 JavaThread "LanguageServerApp-lifecycle" [_thread_blocked, id=12428, stack(0x00000056e8000000,0x00000056e8100000)]
  0x000001a166637cd0 JavaThread "DestroyJavaVM" [_thread_blocked, id=13648, stack(0x00000056e5300000,0x00000056e5400000)]
  0x000001a1666381a0 JavaThread "pool-10-thread-1" [_thread_blocked, id=21740, stack(0x00000056e8100000,0x00000056e8200000)]
  0x000001a166631c90 JavaThread "Simple-Language-Server main thread" daemon [_thread_blocked, id=21156, stack(0x00000056e8200000,0x00000056e8300000)]
  0x000001a166630e20 JavaThread "pool-7-thread-1" [_thread_blocked, id=20552, stack(0x00000056e8500000,0x00000056e8600000)]
  0x000001a166633e40 JavaThread "parallel-1" daemon [_thread_blocked, id=21044, stack(0x00000056e8600000,0x00000056e8700000)]
  0x000001a1666347e0 JavaThread "parallel-2" daemon [_thread_blocked, id=18144, stack(0x00000056e8700000,0x00000056e8800000)]
  0x000001a1666312f0 JavaThread "parallel-3" daemon [_thread_blocked, id=8836, stack(0x00000056e8800000,0x00000056e8900000)]
  0x000001a1666317c0 JavaThread "parallel-4" daemon [_thread_blocked, id=20068, stack(0x00000056e8900000,0x00000056e8a00000)]

Other Threads:
=>0x000001a163b4e040 VMThread "VM Thread" [stack: 0x00000056e5900000,0x00000056e5a00000] [id=19224]
  0x000001a157c1bce0 WatcherThread [stack: 0x00000056e6400000,0x00000056e6500000] [id=18804]
  0x000001a157bfffc0 GCTaskThread "GC Thread#0" [stack: 0x00000056e5400000,0x00000056e5500000] [id=12648]
  0x000001a165059c50 GCTaskThread "GC Thread#1" [stack: 0x00000056e6700000,0x00000056e6800000] [id=6640]
  0x000001a165097fb0 GCTaskThread "GC Thread#2" [stack: 0x00000056e6800000,0x00000056e6900000] [id=1492]
  0x000001a165098260 GCTaskThread "GC Thread#3" [stack: 0x00000056e6900000,0x00000056e6a00000] [id=9864]
  0x000001a1650927c0 GCTaskThread "GC Thread#4" [stack: 0x00000056e6a00000,0x00000056e6b00000] [id=14532]
  0x000001a165092a70 GCTaskThread "GC Thread#5" [stack: 0x00000056e6b00000,0x00000056e6c00000] [id=14948]
  0x000001a165db8b80 GCTaskThread "GC Thread#6" [stack: 0x00000056e6d00000,0x00000056e6e00000] [id=14748]
  0x000001a165db8e30 GCTaskThread "GC Thread#7" [stack: 0x00000056e6e00000,0x00000056e6f00000] [id=16984]
  0x000001a157c0d9e0 ConcurrentGCThread "G1 Main Marker" [stack: 0x00000056e5500000,0x00000056e5600000] [id=8840]
  0x000001a157c10ac0 ConcurrentGCThread "G1 Conc#0" [stack: 0x00000056e5600000,0x00000056e5700000] [id=19024]
  0x000001a165ed7860 ConcurrentGCThread "G1 Conc#1" [stack: 0x00000056e6f00000,0x00000056e7000000] [id=11880]
  0x000001a157c8b690 ConcurrentGCThread "G1 Refine#0" [stack: 0x00000056e5700000,0x00000056e5800000] [id=12228]
  0x000001a16820f8b0 ConcurrentGCThread "G1 Refine#1" [stack: 0x00000056e8300000,0x00000056e8400000] [id=20792]
  0x000001a16820fb90 ConcurrentGCThread "G1 Refine#2" [stack: 0x00000056e8400000,0x00000056e8500000] [id=20460]
  0x000001a157c8bfc0 ConcurrentGCThread "G1 Service" [stack: 0x00000056e5800000,0x00000056e5900000] [id=19220]

Threads with active compile tasks:

VM state: at safepoint (normal execution)

VM Mutex/Monitor currently owned by a thread:  ([mutex/lock_event])
[0x000001a1559382c0] Threads_lock - owner thread: 0x000001a163b4e040
[0x000001a157bb17c0] Heap_lock - owner thread: 0x000001a166576290

Heap address: 0x00000000a2200000, size: 1502 MB, Compressed Oops mode: 32-bit

CDS archive(s) not mapped
Compressed class space mapped at: 0x0000000100000000-0x0000000140000000, reserved size: 1073741824
Narrow klass base: 0x0000000000000000, Narrow klass shift: 3, Narrow klass range: 0x140000000

GC Precious Log:
 CPUs: 8 total, 8 available
 Memory: 6005M
 Large Page Support: Disabled
 NUMA Support: Disabled
 Compressed Oops: Enabled (32-bit)
 Heap Region Size: 1M
 Heap Min Capacity: 8M
 Heap Initial Capacity: 94M
 Heap Max Capacity: 1502M
 Pre-touch: Disabled
 Parallel Workers: 8
 Concurrent Workers: 2
 Concurrent Refinement Workers: 8
 Periodic GC: Disabled

Heap:
 garbage-first heap   total 132096K, used 64793K [0x00000000a2200000, 0x0000000100000000)
  region size 1024K, 2 young (2048K), 2 survivors (2048K)
 Metaspace       used 36055K, committed 36416K, reserved 1081344K
  class space    used 4686K, committed 4864K, reserved 1048576K

Heap Regions: E=young(eden), S=young(survivor), O=old, HS=humongous(starts), HC=humongous(continues), CS=collection set, F=free, OA=open archive, CA=closed archive, TAMS=top-at-mark-start (previous, next)
|   0|0x00000000a2200000, 0x00000000a2300000, 0x00000000a2300000|100%| O|  |TAMS 0x00000000a2300000, 0x00000000a2200000| Untracked 
|   1|0x00000000a2300000, 0x00000000a2400000, 0x00000000a2400000|100%| O|  |TAMS 0x00000000a2400000, 0x00000000a2300000| Untracked 
|   2|0x00000000a2400000, 0x00000000a2500000, 0x00000000a2500000|100%| O|  |TAMS 0x00000000a2500000, 0x00000000a2400000| Untracked 
|   3|0x00000000a2500000, 0x00000000a2600000, 0x00000000a2600000|100%| O|  |TAMS 0x00000000a2600000, 0x00000000a2500000| Untracked 
|   4|0x00000000a2600000, 0x00000000a2700000, 0x00000000a2700000|100%| O|  |TAMS 0x00000000a2700000, 0x00000000a2600000| Untracked 
|   5|0x00000000a2700000, 0x00000000a2800000, 0x00000000a2800000|100%| O|  |TAMS 0x00000000a2800000, 0x00000000a2700000| Untracked 
|   6|0x00000000a2800000, 0x00000000a2900000, 0x00000000a2900000|100%| O|  |TAMS 0x00000000a2900000, 0x00000000a2800000| Untracked 
|   7|0x00000000a2900000, 0x00000000a2a00000, 0x00000000a2a00000|100%| O|  |TAMS 0x00000000a2a00000, 0x00000000a2900000| Untracked 
|   8|0x00000000a2a00000, 0x00000000a2b00000, 0x00000000a2b00000|100%| O|  |TAMS 0x00000000a2b00000, 0x00000000a2a00000| Untracked 
|   9|0x00000000a2b00000, 0x00000000a2c00000, 0x00000000a2c00000|100%| O|  |TAMS 0x00000000a2c00000, 0x00000000a2b00000| Untracked 
|  10|0x00000000a2c00000, 0x00000000a2d00000, 0x00000000a2d00000|100%| O|  |TAMS 0x00000000a2d00000, 0x00000000a2c00000| Untracked 
|  11|0x00000000a2d00000, 0x00000000a2e00000, 0x00000000a2e00000|100%| O|  |TAMS 0x00000000a2e00000, 0x00000000a2d00000| Untracked 
|  12|0x00000000a2e00000, 0x00000000a2f00000, 0x00000000a2f00000|100%| O|  |TAMS 0x00000000a2f00000, 0x00000000a2e00000| Untracked 
|  13|0x00000000a2f00000, 0x00000000a3000000, 0x00000000a3000000|100%| O|  |TAMS 0x00000000a3000000, 0x00000000a2f00000| Untracked 
|  14|0x00000000a3000000, 0x00000000a3100000, 0x00000000a3100000|100%| O|  |TAMS 0x00000000a3100000, 0x00000000a3000000| Untracked 
|  15|0x00000000a3100000, 0x00000000a3200000, 0x00000000a3200000|100%| O|  |TAMS 0x00000000a3200000, 0x00000000a3100000| Untracked 
|  16|0x00000000a3200000, 0x00000000a3300000, 0x00000000a3300000|100%| O|  |TAMS 0x00000000a3300000, 0x00000000a3200000| Updating 
|  17|0x00000000a3300000, 0x00000000a3400000, 0x00000000a3400000|100%| O|  |TAMS 0x00000000a3400000, 0x00000000a3300000| Untracked 
|  18|0x00000000a3400000, 0x00000000a3500000, 0x00000000a3500000|100%| O|  |TAMS 0x00000000a3500000, 0x00000000a3400000| Untracked 
|  19|0x00000000a3500000, 0x00000000a3600000, 0x00000000a3600000|100%| O|  |TAMS 0x00000000a3600000, 0x00000000a3500000| Untracked 
|  20|0x00000000a3600000, 0x00000000a3700000, 0x00000000a3700000|100%| O|  |TAMS 0x00000000a3700000, 0x00000000a3600000| Untracked 
|  21|0x00000000a3700000, 0x00000000a3800000, 0x00000000a3800000|100%| O|  |TAMS 0x00000000a3800000, 0x00000000a3700000| Untracked 
|  22|0x00000000a3800000, 0x00000000a3900000, 0x00000000a3900000|100%| O|  |TAMS 0x00000000a3900000, 0x00000000a3800000| Updating 
|  23|0x00000000a3900000, 0x00000000a3a00000, 0x00000000a3a00000|100%| O|  |TAMS 0x00000000a3a00000, 0x00000000a3900000| Untracked 
|  24|0x00000000a3a00000, 0x00000000a3b00000, 0x00000000a3b00000|100%| O|  |TAMS 0x00000000a3b00000, 0x00000000a3a00000| Untracked 
|  25|0x00000000a3b00000, 0x00000000a3c00000, 0x00000000a3c00000|100%| O|  |TAMS 0x00000000a3c00000, 0x00000000a3b00000| Untracked 
|  26|0x00000000a3c00000, 0x00000000a3d00000, 0x00000000a3d00000|100%| O|  |TAMS 0x00000000a3d00000, 0x00000000a3c00000| Updating 
|  27|0x00000000a3d00000, 0x00000000a3e00000, 0x00000000a3e00000|100%| O|  |TAMS 0x00000000a3e00000, 0x00000000a3d00000| Untracked 
|  28|0x00000000a3e00000, 0x00000000a3f00000, 0x00000000a3f00000|100%| O|  |TAMS 0x00000000a3f00000, 0x00000000a3e00000| Untracked 
|  29|0x00000000a3f00000, 0x00000000a4000000, 0x00000000a4000000|100%| O|  |TAMS 0x00000000a4000000, 0x00000000a3f00000| Untracked 
|  30|0x00000000a4000000, 0x00000000a4100000, 0x00000000a4100000|100%| O|  |TAMS 0x00000000a4100000, 0x00000000a4000000| Untracked 
|  31|0x00000000a4100000, 0x00000000a4200000, 0x00000000a4200000|100%| O|  |TAMS 0x00000000a4200000, 0x00000000a4100000| Untracked 
|  32|0x00000000a4200000, 0x00000000a4300000, 0x00000000a4300000|100%| O|  |TAMS 0x00000000a4300000, 0x00000000a4200000| Untracked 
|  33|0x00000000a4300000, 0x00000000a4400000, 0x00000000a4400000|100%| O|  |TAMS 0x00000000a4400000, 0x00000000a4300000| Updating 
|  34|0x00000000a4400000, 0x00000000a4500000, 0x00000000a4500000|100%| O|  |TAMS 0x00000000a4500000, 0x00000000a4400000| Untracked 
|  35|0x00000000a4500000, 0x00000000a4600000, 0x00000000a4600000|100%| O|  |TAMS 0x00000000a4600000, 0x00000000a4500000| Untracked 
|  36|0x00000000a4600000, 0x00000000a4700000, 0x00000000a4700000|100%| O|  |TAMS 0x00000000a4700000, 0x00000000a4600000| Untracked 
|  37|0x00000000a4700000, 0x00000000a4800000, 0x00000000a4800000|100%| O|  |TAMS 0x00000000a4800000, 0x00000000a4700000| Untracked 
|  38|0x00000000a4800000, 0x00000000a4900000, 0x00000000a4900000|100%| O|  |TAMS 0x00000000a4900000, 0x00000000a4800000| Updating 
|  39|0x00000000a4900000, 0x00000000a4a00000, 0x00000000a4a00000|100%| O|  |TAMS 0x00000000a496d000, 0x00000000a4900000| Updating 
|  40|0x00000000a4a00000, 0x00000000a4b00000, 0x00000000a4b00000|100%| O|  |TAMS 0x00000000a4a00000, 0x00000000a4a00000| Untracked 
|  41|0x00000000a4b00000, 0x00000000a4c00000, 0x00000000a4c00000|100%|HS|  |TAMS 0x00000000a4c00000, 0x00000000a4b00000| Complete 
|  42|0x00000000a4c00000, 0x00000000a4d00000, 0x00000000a4d00000|100%| O|  |TAMS 0x00000000a4c00000, 0x00000000a4c00000| Untracked 
|  43|0x00000000a4d00000, 0x00000000a4e00000, 0x00000000a4e00000|100%| O|  |TAMS 0x00000000a4d00000, 0x00000000a4d00000| Untracked 
|  44|0x00000000a4e00000, 0x00000000a4f00000, 0x00000000a4f00000|100%| O|  |TAMS 0x00000000a4e00000, 0x00000000a4e00000| Untracked 
|  45|0x00000000a4f00000, 0x00000000a5000000, 0x00000000a5000000|100%| O|  |TAMS 0x00000000a4f00000, 0x00000000a4f00000| Untracked 
|  46|0x00000000a5000000, 0x00000000a5100000, 0x00000000a5100000|100%| O|  |TAMS 0x00000000a5000000, 0x00000000a5000000| Untracked 
|  47|0x00000000a5100000, 0x00000000a5200000, 0x00000000a5200000|100%| O|  |TAMS 0x00000000a5100000, 0x00000000a5100000| Untracked 
|  48|0x00000000a5200000, 0x00000000a5300000, 0x00000000a5300000|100%| O|  |TAMS 0x00000000a5200000, 0x00000000a5200000| Untracked 
|  49|0x00000000a5300000, 0x00000000a5400000, 0x00000000a5400000|100%| O|  |TAMS 0x00000000a5300000, 0x00000000a5300000| Untracked 
|  50|0x00000000a5400000, 0x00000000a5500000, 0x00000000a5500000|100%| O|  |TAMS 0x00000000a5400000, 0x00000000a5400000| Untracked 
|  51|0x00000000a5500000, 0x00000000a5600000, 0x00000000a5600000|100%| O|  |TAMS 0x00000000a5500000, 0x00000000a5500000| Untracked 
|  52|0x00000000a5600000, 0x00000000a5700000, 0x00000000a5700000|100%| O|  |TAMS 0x00000000a5600000, 0x00000000a5600000| Untracked 
|  53|0x00000000a5700000, 0x00000000a5800000, 0x00000000a5800000|100%| O|  |TAMS 0x00000000a5700000, 0x00000000a5700000| Untracked 
|  54|0x00000000a5800000, 0x00000000a5900000, 0x00000000a5900000|100%| O|  |TAMS 0x00000000a5800000, 0x00000000a5800000| Untracked 
|  55|0x00000000a5900000, 0x00000000a5a00000, 0x00000000a5a00000|100%| O|  |TAMS 0x00000000a5900000, 0x00000000a5900000| Untracked 
|  56|0x00000000a5a00000, 0x00000000a5b00000, 0x00000000a5b00000|100%| O|  |TAMS 0x00000000a5a00000, 0x00000000a5a00000| Untracked 
|  57|0x00000000a5b00000, 0x00000000a5c00000, 0x00000000a5c00000|100%| O|  |TAMS 0x00000000a5b00000, 0x00000000a5b00000| Untracked 
|  58|0x00000000a5c00000, 0x00000000a5d00000, 0x00000000a5d00000|100%| O|  |TAMS 0x00000000a5c00000, 0x00000000a5c00000| Untracked 
|  59|0x00000000a5d00000, 0x00000000a5e00000, 0x00000000a5e00000|100%| O|  |TAMS 0x00000000a5d00000, 0x00000000a5d00000| Updating 
|  60|0x00000000a5e00000, 0x00000000a5f00000, 0x00000000a5f00000|100%| O|  |TAMS 0x00000000a5e00000, 0x00000000a5e00000| Untracked 
|  61|0x00000000a5f00000, 0x00000000a5fec400, 0x00000000a6000000| 92%| O|  |TAMS 0x00000000a5f00000, 0x00000000a5f00000| Untracked 
|  62|0x00000000a6000000, 0x00000000a6000000, 0x00000000a6100000|  0%| F|  |TAMS 0x00000000a6000000, 0x00000000a6000000| Untracked 
|  63|0x00000000a6100000, 0x00000000a6100000, 0x00000000a6200000|  0%| F|  |TAMS 0x00000000a6100000, 0x00000000a6100000| Untracked 
|  64|0x00000000a6200000, 0x00000000a6200000, 0x00000000a6300000|  0%| F|  |TAMS 0x00000000a6200000, 0x00000000a6200000| Untracked 
|  65|0x00000000a6300000, 0x00000000a6300000, 0x00000000a6400000|  0%| F|  |TAMS 0x00000000a6300000, 0x00000000a6300000| Untracked 
|  66|0x00000000a6400000, 0x00000000a6400000, 0x00000000a6500000|  0%| F|  |TAMS 0x00000000a6400000, 0x00000000a6400000| Untracked 
|  67|0x00000000a6500000, 0x00000000a6500000, 0x00000000a6600000|  0%| F|  |TAMS 0x00000000a6500000, 0x00000000a6500000| Untracked 
|  68|0x00000000a6600000, 0x00000000a6600000, 0x00000000a6700000|  0%| F|  |TAMS 0x00000000a6600000, 0x00000000a6600000| Untracked 
|  69|0x00000000a6700000, 0x00000000a6700000, 0x00000000a6800000|  0%| F|  |TAMS 0x00000000a6700000, 0x00000000a6700000| Untracked 
|  70|0x00000000a6800000, 0x00000000a6800000, 0x00000000a6900000|  0%| F|  |TAMS 0x00000000a6800000, 0x00000000a6800000| Untracked 
|  71|0x00000000a6900000, 0x00000000a6900000, 0x00000000a6a00000|  0%| F|  |TAMS 0x00000000a6900000, 0x00000000a6900000| Untracked 
|  72|0x00000000a6a00000, 0x00000000a6a00000, 0x00000000a6b00000|  0%| F|  |TAMS 0x00000000a6a00000, 0x00000000a6a00000| Untracked 
|  73|0x00000000a6b00000, 0x00000000a6b00000, 0x00000000a6c00000|  0%| F|  |TAMS 0x00000000a6b00000, 0x00000000a6b00000| Untracked 
|  74|0x00000000a6c00000, 0x00000000a6c00000, 0x00000000a6d00000|  0%| F|  |TAMS 0x00000000a6c00000, 0x00000000a6c00000| Untracked 
|  75|0x00000000a6d00000, 0x00000000a6d00000, 0x00000000a6e00000|  0%| F|  |TAMS 0x00000000a6d00000, 0x00000000a6d00000| Untracked 
|  76|0x00000000a6e00000, 0x00000000a6e00000, 0x00000000a6f00000|  0%| F|  |TAMS 0x00000000a6e00000, 0x00000000a6e00000| Untracked 
|  77|0x00000000a6f00000, 0x00000000a6f00000, 0x00000000a7000000|  0%| F|  |TAMS 0x00000000a6f00000, 0x00000000a6f00000| Untracked 
|  78|0x00000000a7000000, 0x00000000a7000000, 0x00000000a7100000|  0%| F|  |TAMS 0x00000000a7000000, 0x00000000a7000000| Untracked 
|  79|0x00000000a7100000, 0x00000000a7100000, 0x00000000a7200000|  0%| F|  |TAMS 0x00000000a7100000, 0x00000000a7100000| Untracked 
|  80|0x00000000a7200000, 0x00000000a7200000, 0x00000000a7300000|  0%| F|  |TAMS 0x00000000a7200000, 0x00000000a7200000| Untracked 
|  81|0x00000000a7300000, 0x00000000a7300000, 0x00000000a7400000|  0%| F|  |TAMS 0x00000000a7300000, 0x00000000a7300000| Untracked 
|  82|0x00000000a7400000, 0x00000000a7400000, 0x00000000a7500000|  0%| F|  |TAMS 0x00000000a7400000, 0x00000000a7400000| Untracked 
|  83|0x00000000a7500000, 0x00000000a7500000, 0x00000000a7600000|  0%| F|  |TAMS 0x00000000a7500000, 0x00000000a7500000| Untracked 
|  84|0x00000000a7600000, 0x00000000a7600000, 0x00000000a7700000|  0%| F|  |TAMS 0x00000000a7600000, 0x00000000a7600000| Untracked 
|  85|0x00000000a7700000, 0x00000000a7700000, 0x00000000a7800000|  0%| F|  |TAMS 0x00000000a7700000, 0x00000000a7700000| Untracked 
|  86|0x00000000a7800000, 0x00000000a7800000, 0x00000000a7900000|  0%| F|  |TAMS 0x00000000a7800000, 0x00000000a7800000| Untracked 
|  87|0x00000000a7900000, 0x00000000a7900000, 0x00000000a7a00000|  0%| F|  |TAMS 0x00000000a7900000, 0x00000000a7900000| Untracked 
|  88|0x00000000a7a00000, 0x00000000a7a00000, 0x00000000a7b00000|  0%| F|  |TAMS 0x00000000a7a00000, 0x00000000a7a00000| Untracked 
|  89|0x00000000a7b00000, 0x00000000a7b00000, 0x00000000a7c00000|  0%| F|  |TAMS 0x00000000a7b00000, 0x00000000a7b00000| Untracked 
|  90|0x00000000a7c00000, 0x00000000a7c00000, 0x00000000a7d00000|  0%| F|  |TAMS 0x00000000a7c00000, 0x00000000a7c00000| Untracked 
|  91|0x00000000a7d00000, 0x00000000a7d00000, 0x00000000a7e00000|  0%| F|  |TAMS 0x00000000a7d00000, 0x00000000a7d00000| Untracked 
|  92|0x00000000a7e00000, 0x00000000a7e00000, 0x00000000a7f00000|  0%| F|  |TAMS 0x00000000a7e00000, 0x00000000a7e00000| Untracked 
|  93|0x00000000a7f00000, 0x00000000a7f00000, 0x00000000a8000000|  0%| F|  |TAMS 0x00000000a7f00000, 0x00000000a7f00000| Untracked 
|  94|0x00000000a8000000, 0x00000000a8000000, 0x00000000a8100000|  0%| F|  |TAMS 0x00000000a8000000, 0x00000000a8000000| Untracked 
|  95|0x00000000a8100000, 0x00000000a8100000, 0x00000000a8200000|  0%| F|  |TAMS 0x00000000a8100000, 0x00000000a8100000| Untracked 
|  96|0x00000000a8200000, 0x00000000a8200000, 0x00000000a8300000|  0%| F|  |TAMS 0x00000000a8200000, 0x00000000a8200000| Untracked 
|  97|0x00000000a8300000, 0x00000000a8300000, 0x00000000a8400000|  0%| F|  |TAMS 0x00000000a8300000, 0x00000000a8300000| Untracked 
|  98|0x00000000a8400000, 0x00000000a8400000, 0x00000000a8500000|  0%| F|  |TAMS 0x00000000a8400000, 0x00000000a8400000| Untracked 
|  99|0x00000000a8500000, 0x00000000a8500000, 0x00000000a8600000|  0%| F|  |TAMS 0x00000000a8500000, 0x00000000a8500000| Untracked 
| 100|0x00000000a8600000, 0x00000000a8600000, 0x00000000a8700000|  0%| F|  |TAMS 0x00000000a8600000, 0x00000000a8600000| Untracked 
| 101|0x00000000a8700000, 0x00000000a8700000, 0x00000000a8800000|  0%| F|  |TAMS 0x00000000a8700000, 0x00000000a8700000| Untracked 
| 102|0x00000000a8800000, 0x00000000a8800000, 0x00000000a8900000|  0%| F|  |TAMS 0x00000000a8800000, 0x00000000a8800000| Untracked 
| 103|0x00000000a8900000, 0x00000000a8900000, 0x00000000a8a00000|  0%| F|  |TAMS 0x00000000a8900000, 0x00000000a8900000| Untracked 
| 104|0x00000000a8a00000, 0x00000000a8a00000, 0x00000000a8b00000|  0%| F|  |TAMS 0x00000000a8a00000, 0x00000000a8a00000| Untracked 
| 105|0x00000000a8b00000, 0x00000000a8b00000, 0x00000000a8c00000|  0%| F|  |TAMS 0x00000000a8b00000, 0x00000000a8b00000| Untracked 
| 106|0x00000000a8c00000, 0x00000000a8c00000, 0x00000000a8d00000|  0%| F|  |TAMS 0x00000000a8c00000, 0x00000000a8c00000| Untracked 
| 107|0x00000000a8d00000, 0x00000000a8d00000, 0x00000000a8e00000|  0%| F|  |TAMS 0x00000000a8d00000, 0x00000000a8d00000| Untracked 
| 108|0x00000000a8e00000, 0x00000000a8e00000, 0x00000000a8f00000|  0%| F|  |TAMS 0x00000000a8e00000, 0x00000000a8e00000| Untracked 
| 109|0x00000000a8f00000, 0x00000000a8f00000, 0x00000000a9000000|  0%| F|  |TAMS 0x00000000a8f00000, 0x00000000a8f00000| Untracked 
| 110|0x00000000a9000000, 0x00000000a9000000, 0x00000000a9100000|  0%| F|  |TAMS 0x00000000a9000000, 0x00000000a9000000| Untracked 
| 111|0x00000000a9100000, 0x00000000a9100000, 0x00000000a9200000|  0%| F|  |TAMS 0x00000000a9100000, 0x00000000a9100000| Untracked 
| 112|0x00000000a9200000, 0x00000000a9200000, 0x00000000a9300000|  0%| F|  |TAMS 0x00000000a9200000, 0x00000000a9200000| Untracked 
| 113|0x00000000a9300000, 0x00000000a9300000, 0x00000000a9400000|  0%| F|  |TAMS 0x00000000a9300000, 0x00000000a9300000| Untracked 
| 114|0x00000000a9400000, 0x00000000a9400000, 0x00000000a9500000|  0%| F|  |TAMS 0x00000000a9400000, 0x00000000a9400000| Untracked 
| 115|0x00000000a9500000, 0x00000000a9500000, 0x00000000a9600000|  0%| F|  |TAMS 0x00000000a9500000, 0x00000000a9500000| Untracked 
| 116|0x00000000a9600000, 0x00000000a9600000, 0x00000000a9700000|  0%| F|  |TAMS 0x00000000a9600000, 0x00000000a9600000| Untracked 
| 117|0x00000000a9700000, 0x00000000a9700000, 0x00000000a9800000|  0%| F|  |TAMS 0x00000000a9700000, 0x00000000a9700000| Untracked 
| 118|0x00000000a9800000, 0x00000000a9800000, 0x00000000a9900000|  0%| F|  |TAMS 0x00000000a9800000, 0x00000000a9800000| Untracked 
| 119|0x00000000a9900000, 0x00000000a9900000, 0x00000000a9a00000|  0%| F|  |TAMS 0x00000000a9900000, 0x00000000a9900000| Untracked 
| 120|0x00000000a9a00000, 0x00000000a9a00000, 0x00000000a9b00000|  0%| F|  |TAMS 0x00000000a9a00000, 0x00000000a9a00000| Untracked 
| 121|0x00000000a9b00000, 0x00000000a9b00000, 0x00000000a9c00000|  0%| F|  |TAMS 0x00000000a9b00000, 0x00000000a9b00000| Untracked 
| 122|0x00000000a9c00000, 0x00000000a9c00000, 0x00000000a9d00000|  0%| F|  |TAMS 0x00000000a9c00000, 0x00000000a9c00000| Untracked 
| 123|0x00000000a9d00000, 0x00000000a9d5a3e0, 0x00000000a9e00000| 35%| S|CS|TAMS 0x00000000a9d00000, 0x00000000a9d00000| Complete 
| 124|0x00000000a9e00000, 0x00000000a9f00000, 0x00000000a9f00000|100%| S|CS|TAMS 0x00000000a9e00000, 0x00000000a9e00000| Complete 
| 125|0x00000000a9f00000, 0x00000000a9f00000, 0x00000000aa000000|  0%| F|  |TAMS 0x00000000a9f00000, 0x00000000a9f00000| Untracked 
| 126|0x00000000aa000000, 0x00000000aa000000, 0x00000000aa100000|  0%| F|  |TAMS 0x00000000aa000000, 0x00000000aa000000| Untracked 
| 127|0x00000000aa100000, 0x00000000aa100000, 0x00000000aa200000|  0%| F|  |TAMS 0x00000000aa100000, 0x00000000aa100000| Untracked 
| 128|0x00000000aa200000, 0x00000000aa200000, 0x00000000aa300000|  0%| F|  |TAMS 0x00000000aa200000, 0x00000000aa200000| Untracked 

Card table byte_map: [0x000001a15dc50000,0x000001a15df40000] _byte_map_base: 0x000001a15d73f000

Marking Bits (Prev, Next): (CMBitMap*) 0x000001a157c014f0, (CMBitMap*) 0x000001a157c01530
 Prev Bits: [0x000001a15e230000, 0x000001a15f9a8000)
 Next Bits: [0x000001a15f9b0000, 0x000001a161128000)

Polling page: 0x000001a155b00000

Metaspace:

Usage:
  Non-class:     30.63 MB used.
      Class:      4.58 MB used.
       Both:     35.21 MB used.

Virtual space:
  Non-class space:       32.00 MB reserved,      30.81 MB ( 96%) committed,  4 nodes.
      Class space:        1.00 GB reserved,       4.75 MB ( <1%) committed,  1 nodes.
             Both:        1.03 GB reserved,      35.56 MB (  3%) committed. 

Chunk freelists:
   Non-Class:  800.00 KB
       Class:  3.11 MB
        Both:  3.89 MB

MaxMetaspaceSize: unlimited
CompressedClassSpaceSize: 1.00 GB
Initial GC threshold: 21.00 MB
Current GC threshold: 59.31 MB
CDS: off
MetaspaceReclaimPolicy: balanced
 - commit_granule_bytes: 65536.
 - commit_granule_words: 8192.
 - virtual_space_node_default_size: 1048576.
 - enlarge_chunks_in_place: 1.
 - new_chunks_are_fully_committed: 0.
 - uncommit_free_chunks: 1.
 - use_allocation_guard: 0.
 - handle_deallocations: 1.


Internal statistics:

num_allocs_failed_limit: 8.
num_arena_births: 342.
num_arena_deaths: 0.
num_vsnodes_births: 5.
num_vsnodes_deaths: 0.
num_space_committed: 569.
num_space_uncommitted: 0.
num_chunks_returned_to_freelist: 8.
num_chunks_taken_from_freelist: 1371.
num_chunk_merges: 8.
num_chunk_splits: 953.
num_chunks_enlarged: 737.
num_purges: 0.
num_inconsistent_stats: 0.

CodeCache: size=49152Kb used=8502Kb max_used=8502Kb free=40649Kb
 bounds [0x000001a15a850000, 0x000001a15b0a0000, 0x000001a15d850000]
 total_blobs=4230 nmethods=3706 adapters=449
 compilation: enabled
              stopped_count=0, restarted_count=0
 full_count=0

Compilation events (20 events):
Event: 2.514 Thread 0x000001a1646fdf70 nmethod 3706 0x000001a15b091590 code [0x000001a15b091a00, 0x000001a15b092908]
Event: 2.514 Thread 0x000001a163bafb30 3697       1       nonapi.io.github.classgraph.utils.ProxyingInputStream::read (11 bytes)
Event: 2.514 Thread 0x000001a1646fdf70 3698   !   1       jdk.internal.module.SystemModuleFinders$SystemModuleReader::toInputStream (43 bytes)
Event: 2.514 Thread 0x000001a163bafb30 nmethod 3697 0x000001a15b093490 code [0x000001a15b093620, 0x000001a15b093708]
Event: 2.514 Thread 0x000001a163bafb30 3699       1       jdk.internal.module.SystemModuleFinders$SystemModuleReader$$Lambda$132/0x00000001001ea200::apply (12 bytes)
Event: 2.514 Thread 0x000001a163bafb30 nmethod 3699 0x000001a15b093790 code [0x000001a15b093920, 0x000001a15b093a48]
Event: 2.514 Thread 0x000001a163bafb30 3700       1       java.nio.HeapByteBuffer::get (64 bytes)
Event: 2.514 Thread 0x000001a1646fdf70 nmethod 3698 0x000001a15b093b10 code [0x000001a15b093d00, 0x000001a15b094228]
Event: 2.514 Thread 0x000001a1646fdf70 3695   !   1       io.github.classgraph.Scanner$ClassfileScannerWorkUnitProcessor::processWorkUnit (291 bytes)
Event: 2.514 Thread 0x000001a163bafb30 nmethod 3700 0x000001a15b094510 code [0x000001a15b094700, 0x000001a15b094a98]
Event: 2.514 Thread 0x000001a163bafb30 3704       1       io.github.classgraph.Classfile::readBasicClassInfo (339 bytes)
Event: 2.518 Thread 0x000001a1646fdf70 nmethod 3695 0x000001a15b094c90 code [0x000001a15b095040, 0x000001a15b095fa8]
Event: 2.518 Thread 0x000001a163bafb30 nmethod 3704 0x000001a15b096890 code [0x000001a15b096c00, 0x000001a15b097a28]
Event: 2.518 Thread 0x000001a1646fdf70 3705   !   1       nonapi.io.github.classgraph.fileslice.reader.ClassfileReader::close (43 bytes)
Event: 2.518 Thread 0x000001a163bafb30 3701       1       nonapi.io.github.classgraph.utils.ProxyingInputStream::<init> (10 bytes)
Event: 2.518 Thread 0x000001a163bafb30 nmethod 3701 0x000001a15b098210 code [0x000001a15b0983a0, 0x000001a15b0984b8]
Event: 2.519 Thread 0x000001a163bafb30 3702       1       io.github.classgraph.ClasspathElementModule$1$1::<init> (16 bytes)
Event: 2.519 Thread 0x000001a1646fdf70 nmethod 3705 0x000001a15b098510 code [0x000001a15b0986c0, 0x000001a15b098898]
Event: 2.519 Thread 0x000001a163bafb30 nmethod 3702 0x000001a15b098990 code [0x000001a15b098b20, 0x000001a15b098cf8]
Event: 2.519 Thread 0x000001a164fef9e0 nmethod 3694 0x000001a15b098d90 code [0x000001a15b0995c0, 0x000001a15b09c108]

GC Heap History (20 events):
Event: 1.427 GC heap after
{Heap after GC invocations=6 (full 0):
 garbage-first heap   total 48128K, used 12933K [0x00000000a2200000, 0x0000000100000000)
  region size 1024K, 1 young (1024K), 1 survivors (1024K)
 Metaspace       used 25268K, committed 25536K, reserved 1073152K
  class space    used 3118K, committed 3264K, reserved 1048576K
}
Event: 1.681 GC heap before
{Heap before GC invocations=6 (full 0):
 garbage-first heap   total 48128K, used 30341K [0x00000000a2200000, 0x0000000100000000)
  region size 1024K, 19 young (19456K), 1 survivors (1024K)
 Metaspace       used 28120K, committed 28416K, reserved 1081344K
  class space    used 3538K, committed 3648K, reserved 1048576K
}
Event: 1.685 GC heap after
{Heap after GC invocations=7 (full 0):
 garbage-first heap   total 48128K, used 14460K [0x00000000a2200000, 0x0000000100000000)
  region size 1024K, 2 young (2048K), 2 survivors (2048K)
 Metaspace       used 28120K, committed 28416K, reserved 1081344K
  class space    used 3538K, committed 3648K, reserved 1048576K
}
Event: 1.967 GC heap before
{Heap before GC invocations=7 (full 0):
 garbage-first heap   total 48128K, used 31868K [0x00000000a2200000, 0x0000000100000000)
  region size 1024K, 20 young (20480K), 2 survivors (2048K)
 Metaspace       used 32198K, committed 32512K, reserved 1081344K
  class space    used 4079K, committed 4224K, reserved 1048576K
}
Event: 1.972 GC heap after
{Heap after GC invocations=8 (full 0):
 garbage-first heap   total 70656K, used 15989K [0x00000000a2200000, 0x0000000100000000)
  region size 1024K, 2 young (2048K), 2 survivors (2048K)
 Metaspace       used 32198K, committed 32512K, reserved 1081344K
  class space    used 4079K, committed 4224K, reserved 1048576K
}
Event: 2.103 GC heap before
{Heap before GC invocations=8 (full 0):
 garbage-first heap   total 70656K, used 48757K [0x00000000a2200000, 0x0000000100000000)
  region size 1024K, 35 young (35840K), 2 survivors (2048K)
 Metaspace       used 33230K, committed 33536K, reserved 1081344K
  class space    used 4219K, committed 4352K, reserved 1048576K
}
Event: 2.108 GC heap after
{Heap after GC invocations=9 (full 0):
 garbage-first heap   total 70656K, used 22528K [0x00000000a2200000, 0x0000000100000000)
  region size 1024K, 5 young (5120K), 5 survivors (5120K)
 Metaspace       used 33230K, committed 33536K, reserved 1081344K
  class space    used 4219K, committed 4352K, reserved 1048576K
}
Event: 2.179 GC heap before
{Heap before GC invocations=9 (full 0):
 garbage-first heap   total 70656K, used 48128K [0x00000000a2200000, 0x0000000100000000)
  region size 1024K, 31 young (31744K), 5 survivors (5120K)
 Metaspace       used 33744K, committed 34112K, reserved 1081344K
  class space    used 4300K, committed 4480K, reserved 1048576K
}
Event: 2.184 GC heap after
{Heap after GC invocations=10 (full 0):
 garbage-first heap   total 70656K, used 27037K [0x00000000a2200000, 0x0000000100000000)
  region size 1024K, 4 young (4096K), 4 survivors (4096K)
 Metaspace       used 33744K, committed 34112K, reserved 1081344K
  class space    used 4300K, committed 4480K, reserved 1048576K
}
Event: 2.230 GC heap before
{Heap before GC invocations=10 (full 0):
 garbage-first heap   total 70656K, used 50589K [0x00000000a2200000, 0x0000000100000000)
  region size 1024K, 27 young (27648K), 4 survivors (4096K)
 Metaspace       used 34035K, committed 34304K, reserved 1081344K
  class space    used 4341K, committed 4480K, reserved 1048576K
}
Event: 2.234 GC heap after
{Heap after GC invocations=11 (full 0):
 garbage-first heap   total 70656K, used 31744K [0x00000000a2200000, 0x0000000100000000)
  region size 1024K, 4 young (4096K), 4 survivors (4096K)
 Metaspace       used 34035K, committed 34304K, reserved 1081344K
  class space    used 4341K, committed 4480K, reserved 1048576K
}
Event: 2.266 GC heap before
{Heap before GC invocations=11 (full 0):
 garbage-first heap   total 70656K, used 51200K [0x00000000a2200000, 0x0000000100000000)
  region size 1024K, 24 young (24576K), 4 survivors (4096K)
 Metaspace       used 34208K, committed 34560K, reserved 1081344K
  class space    used 4364K, committed 4544K, reserved 1048576K
}
Event: 2.272 GC heap after
{Heap after GC invocations=12 (full 0):
 garbage-first heap   total 109568K, used 37715K [0x00000000a2200000, 0x0000000100000000)
  region size 1024K, 3 young (3072K), 3 survivors (3072K)
 Metaspace       used 34208K, committed 34560K, reserved 1081344K
  class space    used 4364K, committed 4544K, reserved 1048576K
}
Event: 2.382 GC heap before
{Heap before GC invocations=12 (full 0):
 garbage-first heap   total 109568K, used 76627K [0x00000000a2200000, 0x0000000100000000)
  region size 1024K, 42 young (43008K), 3 survivors (3072K)
 Metaspace       used 34870K, committed 35200K, reserved 1081344K
  class space    used 4465K, committed 4608K, reserved 1048576K
}
Event: 2.389 GC heap after
{Heap after GC invocations=13 (full 0):
 garbage-first heap   total 109568K, used 46516K [0x00000000a2200000, 0x0000000100000000)
  region size 1024K, 6 young (6144K), 6 survivors (6144K)
 Metaspace       used 34870K, committed 35200K, reserved 1081344K
  class space    used 4465K, committed 4608K, reserved 1048576K
}
Event: 2.459 GC heap before
{Heap before GC invocations=13 (full 0):
 garbage-first heap   total 109568K, used 74164K [0x00000000a2200000, 0x0000000100000000)
  region size 1024K, 33 young (33792K), 6 survivors (6144K)
 Metaspace       used 35805K, committed 36096K, reserved 1081344K
  class space    used 4649K, committed 4800K, reserved 1048576K
}
Event: 2.468 GC heap after
{Heap after GC invocations=14 (full 0):
 garbage-first heap   total 109568K, used 60020K [0x00000000a2200000, 0x0000000100000000)
  region size 1024K, 5 young (5120K), 5 survivors (5120K)
 Metaspace       used 35805K, committed 36096K, reserved 1081344K
  class space    used 4649K, committed 4800K, reserved 1048576K
}
Event: 2.496 GC heap before
{Heap before GC invocations=14 (full 0):
 garbage-first heap   total 109568K, used 79476K [0x00000000a2200000, 0x0000000100000000)
  region size 1024K, 25 young (25600K), 5 survivors (5120K)
 Metaspace       used 36045K, committed 36416K, reserved 1081344K
  class space    used 4684K, committed 4864K, reserved 1048576K
}
Event: 2.506 GC heap after
{Heap after GC invocations=15 (full 0):
 garbage-first heap   total 109568K, used 64499K [0x00000000a2200000, 0x0000000100000000)
  region size 1024K, 4 young (4096K), 4 survivors (4096K)
 Metaspace       used 36045K, committed 36416K, reserved 1081344K
  class space    used 4684K, committed 4864K, reserved 1048576K
}
Event: 2.521 GC heap before
{Heap before GC invocations=15 (full 0):
 garbage-first heap   total 132096K, used 80883K [0x00000000a2200000, 0x0000000100000000)
  region size 1024K, 22 young (22528K), 4 survivors (4096K)
 Metaspace       used 36055K, committed 36416K, reserved 1081344K
  class space    used 4686K, committed 4864K, reserved 1048576K
}

Deoptimization events (14 events):
Event: 1.109 Thread 0x000001a157bb4df0 DEOPT PACKING pc=0x000001a15ad13c19 sp=0x00000056e53fd570
Event: 1.109 Thread 0x000001a157bb4df0 DEOPT UNPACKING pc=0x000001a15a8a2b43 sp=0x00000056e53fca50 mode 3
Event: 1.951 Thread 0x000001a157bb4df0 DEOPT PACKING pc=0x000001a15ae87619 sp=0x00000056e53fc950
Event: 1.951 Thread 0x000001a157bb4df0 DEOPT UNPACKING pc=0x000001a15a8a2b43 sp=0x00000056e53fbe30 mode 3
Event: 2.007 Thread 0x000001a1664add70 DEOPT PACKING pc=0x000001a15aeda72b sp=0x00000056e70fe720
Event: 2.007 Thread 0x000001a1664add70 DEOPT UNPACKING pc=0x000001a15a8a2b43 sp=0x00000056e70fdc68 mode 3
Event: 2.081 Thread 0x000001a166576760 DEOPT PACKING pc=0x000001a15ad11901 sp=0x00000056e72fee20
Event: 2.081 Thread 0x000001a16656d6b0 DEOPT PACKING pc=0x000001a15ad11901 sp=0x00000056e7cfee10
Event: 2.081 Thread 0x000001a166576760 DEOPT UNPACKING pc=0x000001a15a8a2b43 sp=0x00000056e72fe2b0 mode 3
Event: 2.081 Thread 0x000001a16656d6b0 DEOPT UNPACKING pc=0x000001a15a8a2b43 sp=0x00000056e7cfe2a0 mode 3
Event: 2.125 Thread 0x000001a166614c60 DEOPT PACKING pc=0x000001a15ad0fe17 sp=0x00000056e73fef50
Event: 2.125 Thread 0x000001a166614c60 DEOPT UNPACKING pc=0x000001a15a8a2b43 sp=0x00000056e73fe3a8 mode 3
Event: 2.392 Thread 0x000001a166631c90 DEOPT PACKING pc=0x000001a15b0441b5 sp=0x00000056e82fd630
Event: 2.392 Thread 0x000001a166631c90 DEOPT UNPACKING pc=0x000001a15a8a2b43 sp=0x00000056e82fcb48 mode 3

Classes unloaded (0 events):
No events

Classes redefined (0 events):
No events

Internal exceptions (20 events):
Event: 2.030 Thread 0x000001a166576760 Exception <a 'sun/nio/fs/WindowsException'{0x00000000a6854ed8}> (0x00000000a6854ed8) 
thrown [s\src\hotspot\share\prims\jni.cpp, line 516]
Event: 2.030 Thread 0x000001a166576760 Exception <a 'sun/nio/fs/WindowsException'{0x00000000a6855288}> (0x00000000a6855288) 
thrown [s\src\hotspot\share\prims\jni.cpp, line 516]
Event: 2.030 Thread 0x000001a166576760 Exception <a 'sun/nio/fs/WindowsException'{0x00000000a6855c70}> (0x00000000a6855c70) 
thrown [s\src\hotspot\share\prims\jni.cpp, line 516]
Event: 2.030 Thread 0x000001a166576760 Exception <a 'sun/nio/fs/WindowsException'{0x00000000a6856010}> (0x00000000a6856010) 
thrown [s\src\hotspot\share\prims\jni.cpp, line 516]
Event: 2.031 Thread 0x000001a166576760 Exception <a 'sun/nio/fs/WindowsException'{0x00000000a6856a08}> (0x00000000a6856a08) 
thrown [s\src\hotspot\share\prims\jni.cpp, line 516]
Event: 2.031 Thread 0x000001a166576760 Exception <a 'sun/nio/fs/WindowsException'{0x00000000a6856db8}> (0x00000000a6856db8) 
thrown [s\src\hotspot\share\prims\jni.cpp, line 516]
Event: 2.031 Thread 0x000001a166576760 Exception <a 'sun/nio/fs/WindowsException'{0x00000000a68577c8}> (0x00000000a68577c8) 
thrown [s\src\hotspot\share\prims\jni.cpp, line 516]
Event: 2.031 Thread 0x000001a166576760 Exception <a 'sun/nio/fs/WindowsException'{0x00000000a6857b98}> (0x00000000a6857b98) 
thrown [s\src\hotspot\share\prims\jni.cpp, line 516]
Event: 2.031 Thread 0x000001a166576760 Exception <a 'sun/nio/fs/WindowsException'{0x00000000a68585c0}> (0x00000000a68585c0) 
thrown [s\src\hotspot\share\prims\jni.cpp, line 516]
Event: 2.031 Thread 0x000001a166576760 Exception <a 'sun/nio/fs/WindowsException'{0x00000000a68589a8}> (0x00000000a68589a8) 
thrown [s\src\hotspot\share\prims\jni.cpp, line 516]
Event: 2.031 Thread 0x000001a166576760 Exception <a 'sun/nio/fs/WindowsException'{0x00000000a68593c8}> (0x00000000a68593c8) 
thrown [s\src\hotspot\share\prims\jni.cpp, line 516]
Event: 2.032 Thread 0x000001a166576760 Exception <a 'sun/nio/fs/WindowsException'{0x00000000a68597a8}> (0x00000000a68597a8) 
thrown [s\src\hotspot\share\prims\jni.cpp, line 516]
Event: 2.098 Thread 0x000001a157bb4df0 Exception <a 'java/lang/NoSuchMethodError'{0x00000000a53e2680}: 'java.lang.Object java.lang.invoke.DirectMethodHandle$Holder.newInvokeSpecial(java.lang.Object, java.lang.Object, int, java.lang.Object, java.lang.Object)'> (0x00000000a53e2680) 
thrown [s\src\hotspot\share\interpreter\linkResolver.cpp, line 759]
Event: 2.102 Thread 0x000001a157bb4df0 Exception <a 'java/lang/NoSuchMethodError'{0x00000000a53f4638}: 'java.lang.Object java.lang.invoke.DirectMethodHandle$Holder.invokeSpecial(java.lang.Object, java.lang.Object, int, java.lang.Object, int, java.lang.Object)'> (0x00000000a53f4638) 
thrown [s\src\hotspot\share\interpreter\linkResolver.cpp, line 759]
Event: 2.109 Thread 0x000001a157bb4df0 Exception <a 'java/lang/NoSuchMethodError'{0x00000000a7f2d920}: 'java.lang.Object java.lang.invoke.DirectMethodHandle$Holder.newInvokeSpecial(java.lang.Object, java.lang.Object, int, java.lang.Object, int)'> (0x00000000a7f2d920) 
thrown [s\src\hotspot\share\interpreter\linkResolver.cpp, line 759]
Event: 2.110 Thread 0x000001a157bb4df0 Exception <a 'java/lang/NoSuchMethodError'{0x00000000a7f31a20}: 'java.lang.Object java.lang.invoke.DirectMethodHandle$Holder.invokeSpecial(java.lang.Object, java.lang.Object, java.lang.Object, int, java.lang.Object, int)'> (0x00000000a7f31a20) 
thrown [s\src\hotspot\share\interpreter\linkResolver.cpp, line 759]
Event: 2.381 Thread 0x000001a1666381a0 Exception <a 'java/lang/NoSuchMethodError'{0x00000000a66e01f8}: 'java.lang.Object java.lang.invoke.DirectMethodHandle$Holder.invokeStatic(java.lang.Object, java.lang.Object, java.lang.Object, int, java.lang.Object, java.lang.Object)'> (0x00000000a66e01f8) 
thrown [s\src\hotspot\share\interpreter\linkResolver.cpp, line 759]
Event: 2.381 Thread 0x000001a166631c90 Exception <a 'java/lang/NoSuchMethodError'{0x00000000a66fd9d0}: 'java.lang.Object java.lang.invoke.DirectMethodHandle$Holder.invokeStatic(java.lang.Object, int, java.lang.Object)'> (0x00000000a66fd9d0) 
thrown [s\src\hotspot\share\interpreter\linkResolver.cpp, line 759]
Event: 2.479 Thread 0x000001a166631c90 Exception <a 'java/lang/NoSuchMethodError'{0x00000000a893d158}: 'int java.lang.invoke.DirectMethodHandle$Holder.invokeStatic(java.lang.Object)'> (0x00000000a893d158) 
thrown [s\src\hotspot\share\interpreter\linkResolver.cpp, line 759]
Event: 2.479 Thread 0x000001a166631c90 Exception <a 'java/lang/NoSuchMethodError'{0x00000000a8940858}: 'int java.lang.invoke.DirectMethodHandle$Holder.invokeStaticInit(java.lang.Object)'> (0x00000000a8940858) 
thrown [s\src\hotspot\share\interpreter\linkResolver.cpp, line 759]

VM Operations (20 events):
Event: 2.184 Executing VM operation: G1CollectForAllocation done
Event: 2.229 Executing VM operation: G1CollectForAllocation
Event: 2.234 Executing VM operation: G1CollectForAllocation done
Event: 2.248 Executing VM operation: HandshakeAllThreads
Event: 2.248 Executing VM operation: HandshakeAllThreads done
Event: 2.266 Executing VM operation: G1CollectForAllocation
Event: 2.273 Executing VM operation: G1CollectForAllocation done
Event: 2.382 Executing VM operation: G1CollectForAllocation
Event: 2.389 Executing VM operation: G1CollectForAllocation done
Event: 2.420 Executing VM operation: HandshakeAllThreads
Event: 2.420 Executing VM operation: HandshakeAllThreads done
Event: 2.459 Executing VM operation: CollectForMetadataAllocation
Event: 2.468 Executing VM operation: CollectForMetadataAllocation done
Event: 2.495 Executing VM operation: G1CollectForAllocation
Event: 2.496 Executing VM operation: G1CollectForAllocation done
Event: 2.496 Executing VM operation: G1CollectForAllocation
Event: 2.506 Executing VM operation: G1CollectForAllocation done
Event: 2.515 Executing VM operation: G1Concurrent
Event: 2.518 Executing VM operation: G1Concurrent done
Event: 2.520 Executing VM operation: G1CollectForAllocation

Events (20 events):
Event: 2.379 loading class java/util/concurrent/CompletableFuture$UniHandle done
Event: 2.380 loading class jdk/internal/reflect/UnsafeIntegerFieldAccessorImpl
Event: 2.380 loading class jdk/internal/reflect/UnsafeIntegerFieldAccessorImpl done
Event: 2.403 loading class java/util/concurrent/locks/ReadWriteLock
Event: 2.403 loading class java/util/concurrent/locks/ReadWriteLock done
Event: 2.406 loading class java/util/concurrent/atomic/AtomicLongFieldUpdater
Event: 2.406 loading class java/util/concurrent/atomic/AtomicLongFieldUpdater done
Event: 2.406 loading class java/util/concurrent/atomic/AtomicLongFieldUpdater$CASUpdater
Event: 2.407 loading class java/util/concurrent/atomic/AtomicLongFieldUpdater$CASUpdater done
Event: 2.407 loading class java/util/concurrent/atomic/AtomicLongFieldUpdater$CASUpdater$1
Event: 2.407 loading class java/util/concurrent/atomic/AtomicLongFieldUpdater$CASUpdater$1 done
Event: 2.407 loading class java/util/ServiceConfigurationError
Event: 2.407 loading class java/util/ServiceConfigurationError done
Event: 2.408 Thread 0x000001a166630e20 Thread added: 0x000001a166630e20
Event: 2.411 Thread 0x000001a166633e40 Thread added: 0x000001a166633e40
Event: 2.413 Thread 0x000001a1666347e0 Thread added: 0x000001a1666347e0
Event: 2.414 Thread 0x000001a1666312f0 Thread added: 0x000001a1666312f0
Event: 2.418 loading class java/util/concurrent/ConcurrentHashMap$ValueSpliterator
Event: 2.418 loading class java/util/concurrent/ConcurrentHashMap$ValueSpliterator done
Event: 2.493 Thread 0x000001a1666317c0 Thread added: 0x000001a1666317c0


Dynamic libraries:
0x00007ff6db040000 - 0x00007ff6db04e000 	c:\Users\ARS\.vscode\extensions\redhat.java-1.10.0-win32-x64\jre\17.0.4-win32-x86_64\bin\java.exe
0x00007ff8efe70000 - 0x00007ff8f0068000 	C:\Windows\SYSTEM32\ntdll.dll
0x00007ff8edfe0000 - 0x00007ff8ee09d000 	C:\Windows\System32\KERNEL32.DLL
0x00007ff8eda40000 - 0x00007ff8edd0e000 	C:\Windows\System32\KERNELBASE.dll
0x00007ff8ed710000 - 0x00007ff8ed810000 	C:\Windows\System32\ucrtbase.dll
0x00007ff8db3b0000 - 0x00007ff8db3c9000 	c:\Users\ARS\.vscode\extensions\redhat.java-1.10.0-win32-x64\jre\17.0.4-win32-x86_64\bin\VCRUNTIME140.dll
0x00007ff8e8bc0000 - 0x00007ff8e8bd8000 	c:\Users\ARS\.vscode\extensions\redhat.java-1.10.0-win32-x64\jre\17.0.4-win32-x86_64\bin\jli.dll
0x00007ff8ef070000 - 0x00007ff8ef210000 	C:\Windows\System32\USER32.dll
0x00007ff8db490000 - 0x00007ff8db72a000 	C:\Windows\WinSxS\amd64_microsoft.windows.common-controls_6595b64144ccf1df_6.0.19041.1110_none_60b5254171f9507e\COMCTL32.dll
0x00007ff8ed8b0000 - 0x00007ff8ed8d2000 	C:\Windows\System32\win32u.dll
0x00007ff8efc80000 - 0x00007ff8efcaa000 	C:\Windows\System32\GDI32.dll
0x00007ff8eddc0000 - 0x00007ff8edecb000 	C:\Windows\System32\gdi32full.dll
0x00007ff8ed810000 - 0x00007ff8ed8ad000 	C:\Windows\System32\msvcp_win.dll
0x00007ff8ef990000 - 0x00007ff8efa2e000 	C:\Windows\System32\msvcrt.dll
0x00007ff8efcb0000 - 0x00007ff8efce0000 	C:\Windows\System32\IMM32.DLL
0x00007ff8e8bb0000 - 0x00007ff8e8bbc000 	c:\Users\ARS\.vscode\extensions\redhat.java-1.10.0-win32-x64\jre\17.0.4-win32-x86_64\bin\vcruntime140_1.dll
0x00007ff8afb60000 - 0x00007ff8afbf1000 	c:\Users\ARS\.vscode\extensions\redhat.java-1.10.0-win32-x64\jre\17.0.4-win32-x86_64\bin\msvcp140.dll
0x00007ff87d2b0000 - 0x00007ff87def6000 	c:\Users\ARS\.vscode\extensions\redhat.java-1.10.0-win32-x64\jre\17.0.4-win32-x86_64\bin\server\jvm.dll
0x00007ff8eeb90000 - 0x00007ff8eec3e000 	C:\Windows\System32\ADVAPI32.dll
0x00007ff8ef8f0000 - 0x00007ff8ef98c000 	C:\Windows\System32\sechost.dll
0x00007ff8ee0a0000 - 0x00007ff8ee1c5000 	C:\Windows\System32\RPCRT4.dll
0x00007ff8efc70000 - 0x00007ff8efc78000 	C:\Windows\System32\PSAPI.DLL
0x00007ff8e4060000 - 0x00007ff8e406a000 	C:\Windows\SYSTEM32\VERSION.dll
0x00007ff8e2230000 - 0x00007ff8e2257000 	C:\Windows\SYSTEM32\WINMM.dll
0x00007ff8d2b90000 - 0x00007ff8d2b99000 	C:\Windows\SYSTEM32\WSOCK32.dll
0x00007ff8ee3d0000 - 0x00007ff8ee43b000 	C:\Windows\System32\WS2_32.dll
0x00007ff8ebe00000 - 0x00007ff8ebe12000 	C:\Windows\SYSTEM32\kernel.appcore.dll
0x00007ff8e7fa0000 - 0x00007ff8e7faa000 	c:\Users\ARS\.vscode\extensions\redhat.java-1.10.0-win32-x64\jre\17.0.4-win32-x86_64\bin\jimage.dll
0x00007ff8eb3f0000 - 0x00007ff8eb5d4000 	C:\Windows\SYSTEM32\DBGHELP.DLL
0x00007ff8d5bf0000 - 0x00007ff8d5c1c000 	C:\Windows\SYSTEM32\dbgcore.DLL
0x00007ff8ed680000 - 0x00007ff8ed702000 	C:\Windows\System32\bcryptPrimitives.dll
0x00007ff8da980000 - 0x00007ff8da9a5000 	c:\Users\ARS\.vscode\extensions\redhat.java-1.10.0-win32-x64\jre\17.0.4-win32-x86_64\bin\java.dll
0x00007ff8cf750000 - 0x00007ff8cf768000 	c:\Users\ARS\.vscode\extensions\redhat.java-1.10.0-win32-x64\jre\17.0.4-win32-x86_64\bin\zip.dll
0x00007ff8ee440000 - 0x00007ff8eeb83000 	C:\Windows\System32\SHELL32.dll
0x00007ff8eb620000 - 0x00007ff8ebdb5000 	C:\Windows\SYSTEM32\windows.storage.dll
0x00007ff8eed10000 - 0x00007ff8ef064000 	C:\Windows\System32\combase.dll
0x00007ff8ecf80000 - 0x00007ff8ecfb0000 	C:\Windows\SYSTEM32\Wldp.dll
0x00007ff8edf30000 - 0x00007ff8edfdd000 	C:\Windows\System32\SHCORE.dll
0x00007ff8eded0000 - 0x00007ff8edf25000 	C:\Windows\System32\shlwapi.dll
0x00007ff8ed4d0000 - 0x00007ff8ed4ef000 	C:\Windows\SYSTEM32\profapi.dll
0x00007ff8cf730000 - 0x00007ff8cf749000 	C:\Users\ARS\.vscode\extensions\redhat.java-1.10.0-win32-x64\jre\17.0.4-win32-x86_64\bin\net.dll
0x00007ff8e5b80000 - 0x00007ff8e5c8a000 	C:\Windows\SYSTEM32\WINHTTP.dll
0x00007ff8ecc80000 - 0x00007ff8eccea000 	C:\Windows\system32\mswsock.dll
0x00007ff8cbc30000 - 0x00007ff8cbc45000 	C:\Users\ARS\.vscode\extensions\redhat.java-1.10.0-win32-x64\jre\17.0.4-win32-x86_64\bin\nio.dll
0x00007ff8e4d80000 - 0x00007ff8e4d90000 	c:\Users\ARS\.vscode\extensions\redhat.java-1.10.0-win32-x64\jre\17.0.4-win32-x86_64\bin\verify.dll
0x00007ff8e2960000 - 0x00007ff8e2969000 	C:\Users\ARS\.vscode\extensions\redhat.java-1.10.0-win32-x64\jre\17.0.4-win32-x86_64\bin\management.dll
0x00007ff8dfb30000 - 0x00007ff8dfb3b000 	C:\Users\ARS\.vscode\extensions\redhat.java-1.10.0-win32-x64\jre\17.0.4-win32-x86_64\bin\management_ext.dll
0x00007ff8999d0000 - 0x00007ff8999e7000 	C:\Windows\system32\napinsp.dll
0x00007ff8999b0000 - 0x00007ff8999cb000 	C:\Windows\system32\pnrpnsp.dll
0x00007ff8e81f0000 - 0x00007ff8e8205000 	C:\Windows\system32\wshbth.dll
0x00007ff8e8a90000 - 0x00007ff8e8aad000 	C:\Windows\system32\NLAapi.dll
0x00007ff8ec950000 - 0x00007ff8ec98b000 	C:\Windows\SYSTEM32\IPHLPAPI.DLL
0x00007ff8ec990000 - 0x00007ff8eca5a000 	C:\Windows\SYSTEM32\DNSAPI.dll
0x00007ff8eeca0000 - 0x00007ff8eeca8000 	C:\Windows\System32\NSI.dll
0x00007ff899620000 - 0x00007ff899632000 	C:\Windows\System32\winrnr.dll
0x00007ff8dbe20000 - 0x00007ff8dbe2a000 	C:\Windows\System32\rasadhlp.dll
0x00007ff8df630000 - 0x00007ff8df6b0000 	C:\Windows\System32\fwpuclnt.dll
0x00007ff8ed590000 - 0x00007ff8ed5b7000 	C:\Windows\System32\bcrypt.dll
0x00007ff8ece70000 - 0x00007ff8ece88000 	C:\Windows\SYSTEM32\CRYPTSP.dll
0x00007ff8ec5d0000 - 0x00007ff8ec604000 	C:\Windows\system32\rsaenh.dll
0x00007ff8ed490000 - 0x00007ff8ed4be000 	C:\Windows\SYSTEM32\USERENV.dll
0x00007ff8ece90000 - 0x00007ff8ece9c000 	C:\Windows\SYSTEM32\CRYPTBASE.dll
0x00007ff8e3660000 - 0x00007ff8e3677000 	C:\Windows\SYSTEM32\dhcpcsvc6.DLL
0x00007ff8e3f70000 - 0x00007ff8e3f8d000 	C:\Windows\SYSTEM32\dhcpcsvc.DLL

dbghelp: loaded successfully - version: 4.0.5 - missing functions: none
symbol engine: initialized successfully - sym options: 0x614 - pdb path: .;c:\Users\ARS\.vscode\extensions\redhat.java-1.10.0-win32-x64\jre\17.0.4-win32-x86_64\bin;C:\Windows\SYSTEM32;C:\Windows\WinSxS\amd64_microsoft.windows.common-controls_6595b64144ccf1df_6.0.19041.1110_none_60b5254171f9507e;c:\Users\ARS\.vscode\extensions\redhat.java-1.10.0-win32-x64\jre\17.0.4-win32-x86_64\bin\server

VM Arguments:
jvm_args: -Dsts.lsp.client=vscode -Dsts.log.file=/dev/null -XX:TieredStopAtLevel=1 -Xlog:jni+resolve=off -Dspring.config.location=file:c:\Users\ARS\.vscode\extensions\pivotal.vscode-spring-boot-1.39.0\language-server\BOOT-INF\classes\application.properties 
java_command: org.springframework.ide.vscode.boot.app.BootLanguageServerBootApp
java_class_path (initial): c:\Users\ARS\.vscode\extensions\pivotal.vscode-spring-boot-1.39.0\language-server\BOOT-INF\classes;c:\Users\ARS\.vscode\extensions\pivotal.vscode-spring-boot-1.39.0\language-server\BOOT-INF\lib\annotations-23.0.0.jar;c:\Users\ARS\.vscode\extensions\pivotal.vscode-spring-boot-1.39.0\language-server\BOOT-INF\lib\antlr-runtime-3.5.2.jar;c:\Users\ARS\.vscode\extensions\pivotal.vscode-spring-boot-1.39.0\language-server\BOOT-INF\lib\antlr4-4.9.3.jar;c:\Users\ARS\.vscode\extensions\pivotal.vscode-spring-boot-1.39.0\language-server\BOOT-INF\lib\antlr4-runtime-4.9.3.jar;c:\Users\ARS\.vscode\extensions\pivotal.vscode-spring-boot-1.39.0\language-server\BOOT-INF\lib\asm-9.3.jar;c:\Users\ARS\.vscode\extensions\pivotal.vscode-spring-boot-1.39.0\language-server\BOOT-INF\lib\asm-analysis-9.3.jar;c:\Users\ARS\.vscode\extensions\pivotal.vscode-spring-boot-1.39.0\language-server\BOOT-INF\lib\asm-tree-9.3.jar;c:\Users\ARS\.vscode\extensions\pivotal.vscode-spring-boot-1.39.0\language-server\BOOT-INF\lib\asm-util-9.3.jar;c:\Users\ARS\.vscode\extensions\pivotal.vscode-spring-boot-1.39.0\language-server\BOOT-INF\lib\byte-buddy-1.12.13.jar;c:\Users\ARS\.vscode\extensions\pivotal.vscode-spring-boot-1.39.0\language-server\BOOT-INF\lib\caffeine-2.9.3.jar;c:\Users\ARS\.vscode\extensions\pivotal.vscode-spring-boot-1.39.0\language-server\BOOT-INF\lib\checker-qual-3.12.0.jar;c:\Users\ARS\.vscode\extensions\pivotal.vscode-spring-boot-1.39.0\language-server\BOOT-INF\lib\classgraph-4.8.149.jar;c:\Users\ARS\.vscode\extensions\pivotal.vscode-spring-boot-1.39.0\language-server\BOOT-INF\lib\commons-codec-1.15.jar;c:\Users\ARS\.vscode\extensions\pivotal.vscode-spring-boot-1.39.0\language-server\BOOT-INF\lib\commons-compress-1.21.jar;c:\Users\ARS\.vscode\extensions\pivotal.vscode-spring-boot-1.39.0\language-server\BOOT-INF\lib\commons-exec-1.3.jar;c:\Users\ARS\.vscode\extensions\pivotal.vscode-spring-boot-1.39.0\language-server\BOOT-INF\lib\commons-io-2.4.jar;c:\Users\ARS\.vsco
Launcher Type: SUN_STANDARD

[Global flags]
     intx CICompilerCount                          = 4                                         {product} {ergonomic}
     uint ConcGCThreads                            = 2                                         {product} {ergonomic}
     uint G1ConcRefinementThreads                  = 8                                         {product} {ergonomic}
   size_t G1HeapRegionSize                         = 1048576                                   {product} {ergonomic}
    uintx GCDrainStackTargetSize                   = 64                                        {product} {ergonomic}
   size_t InitialHeapSize                          = 98566144                                  {product} {ergonomic}
   size_t MarkStackSize                            = 4194304                                   {product} {ergonomic}
   size_t MaxHeapSize                              = 1574961152                                {product} {ergonomic}
   size_t MaxNewSize                               = 944766976                                 {product} {ergonomic}
   size_t MinHeapDeltaBytes                        = 1048576                                   {product} {ergonomic}
   size_t MinHeapSize                              = 8388608                                   {product} {ergonomic}
    uintx NonProfiledCodeHeapSize                  = 0                                      {pd product} {ergonomic}
     bool ProfileInterpreter                       = false                                  {pd product} {command line}
    uintx ProfiledCodeHeapSize                     = 0                                      {pd product} {ergonomic}
   size_t SoftMaxHeapSize                          = 1574961152                             {manageable} {ergonomic}
     intx TieredStopAtLevel                        = 1                                         {product} {command line}
     bool UseCompressedClassPointers               = true                           {product lp64_product} {ergonomic}
     bool UseCompressedOops                        = true                           {product lp64_product} {ergonomic}
     bool UseG1GC                                  = true                                      {product} {ergonomic}
     bool UseLargePagesIndividualAllocation        = false                                  {pd product} {ergonomic}

Logging:
Log output configuration:
 #0: stdout all=warning,jni+resolve=off uptime,level,tags
 #1: stderr all=off uptime,level,tags

Environment Variables:
JAVA_HOME=C:\Program Files\Java\openjdk-11.0.14.9-1
PATH=C:\Program Files\Java\openjdk-11.0.14.9-1\bin;C:\Program Files (x86)\Common Files\Oracle\Java\javapath;C:\Windows\system32;C:\Windows;C:\Windows\System32\Wbem;C:\Windows\System32\WindowsPowerShell\v1.0\;C:\Windows\System32\OpenSSH\;C:\Program Files (x86)\Microsoft SQL Server\150\DTS\Binn\;C:\Program Files\Azure Data Studio\bin;D:\Instalation Apk\Git\cmd;C:\Program Files\nodejs;D:\1. Kerja\Spring boot\apache-maven-3.8.4\bin;C:\Program Files\Go\bin;C:\Program Files\PostgreSQL\14\bin;;C:\Program Files\Docker\Docker\resources\bin;C:\ProgramData\DockerDesktop\version-bin;C:\Users\ARS\AppData\Local\Microsoft\WindowsApps;;D:\Instalation Apk\Microsoft VS Code\bin;C:\Program Files\Azure Data Studio\bin;C:\Users\ARS\AppData\Roaming\npm;C:\Program Files\JetBrains\IntelliJ IDEA Community Edition 2022.2.1\bin;;C:\Users\ARS\go\bin
USERNAME=ARS
OS=Windows_NT
PROCESSOR_IDENTIFIER=AMD64 Family 23 Model 104 Stepping 1, AuthenticAMD
TMP=C:\Users\ARS\AppData\Local\Temp
TEMP=C:\Users\ARS\AppData\Local\Temp



---------------  S Y S T E M  ---------------

OS:
 Windows 10 , 64 bit Build 19041 (10.0.19041.1889)
OS uptime: 0 days 7:18 hours
Hyper-V role detected

CPU: total 8 (initial active 8) (8 cores per cpu, 2 threads per core) family 23 model 104 stepping 1 microcode 0x0, cx8, cmov, fxsr, ht, mmx, 3dnowpref, sse, sse2, sse3, ssse3, sse4a, sse4.1, sse4.2, popcnt, lzcnt, tsc, tscinvbit, avx, avx2, aes, clmul, bmi1, bmi2, adx, sha, fma, vzeroupper, clflush, clflushopt, hv

Memory: 4k page, system-wide physical 6005M (271M free)
TotalPageFile size 24437M (AvailPageFile size 22M)
current process WorkingSet (physical memory assigned to process): 211M, peak: 211M
current process commit charge ("private bytes"): 268M, peak: 400M

vm_info: OpenJDK 64-Bit Server VM (17.0.4+8) for windows-amd64 JRE (17.0.4+8), built on Jul 19 2022 16:05:16 by "temurin" with MS VC++ 16.7 (VS2019)

END.
